Log file open, 07/17/19 13:35:29
LogWindows: Failed to load 'aqProf.dll' (GetLastError=126)
LogWindows: File 'aqProf.dll' does not exist
LogWindows: Failed to load 'VtuneApi.dll' (GetLastError=126)
LogWindows: File 'VtuneApi.dll' does not exist
LogWindows: Failed to load 'VtuneApi32e.dll' (GetLastError=126)
LogWindows: File 'VtuneApi32e.dll' does not exist
LogConsoleResponse: Display: Failed to find resolution value strings in scalability ini. Falling back to default.
LogInit: Display: Running engine for game: VGDC_Minigames
LogPakFile: Registered encryption key '00000000000000000000000000000000': 0 pak files mounted, 0 remain pending
LogPlatformFile: Not using cached read wrapper
LogTaskGraph: Started task graph with 5 named threads and 35 total threads with 3 sets of task threads.
LogStats: Stats thread started at 0.395867
LogD3D11RHI: Loaded GFSDK_Aftermath_Lib.x64.dll
LogICUInternationalization: ICU TimeZone Detection - Raw Offset: -5:00, Platform Override: ''
LogPluginManager: Mounting plugin Paper2D
LogPluginManager: Mounting plugin AISupport
LogPluginManager: Mounting plugin LightPropagationVolume
LogPluginManager: Mounting plugin ActorLayerUtilities
LogPluginManager: Mounting plugin AnimationSharing
LogPluginManager: Mounting plugin CLionSourceCodeAccess
LogPluginManager: Mounting plugin CodeLiteSourceCodeAccess
LogPluginManager: Mounting plugin GitSourceControl
LogPluginManager: Mounting plugin KDevelopSourceCodeAccess
LogPluginManager: Mounting plugin NullSourceCodeAccess
LogPluginManager: Mounting plugin PerforceSourceControl
LogPluginManager: Mounting plugin SubversionSourceControl
LogPluginManager: Mounting plugin UObjectPlugin
LogPluginManager: Mounting plugin VisualStudioCodeSourceCodeAccess
LogPluginManager: Mounting plugin VisualStudioSourceCodeAccess
LogPluginManager: Mounting plugin XCodeSourceCodeAccess
LogPluginManager: Mounting plugin AssetManagerEditor
LogPluginManager: Mounting plugin CryptoKeys
LogPluginManager: Mounting plugin DataValidation
LogPluginManager: Mounting plugin FacialAnimation
LogPluginManager: Mounting plugin GameplayTagsEditor
LogPluginManager: Mounting plugin MacGraphicsSwitching
LogPluginManager: Mounting plugin MaterialAnalyzer
LogPluginManager: Mounting plugin MobileLauncherProfileWizard
LogPluginManager: Mounting plugin PluginBrowser
LogPluginManager: Mounting plugin SpeedTreeImporter
LogPluginManager: Mounting plugin DatasmithContent
LogPluginManager: Mounting plugin VariantManagerContent
LogPluginManager: Mounting plugin AlembicImporter
LogPluginManager: Mounting plugin AppleImageUtils
LogPluginManager: Mounting plugin AppleVision
LogPluginManager: Mounting plugin BackChannel
LogPluginManager: Mounting plugin CharacterAI
LogPluginManager: Mounting plugin GeometryCache
LogPluginManager: Mounting plugin HTML5Networking
LogPluginManager: Mounting plugin ProxyLODPlugin
LogPluginManager: Mounting plugin SkeletalReduction
LogPluginManager: Mounting plugin MagicLeap
LogPluginManager: Mounting plugin MagicLeapMedia
LogPluginManager: Mounting plugin AndroidMedia
LogPluginManager: Mounting plugin AvfMedia
LogPluginManager: Mounting plugin ImgMedia
LogPluginManager: Mounting plugin LinearTimecode
LogPluginManager: Mounting plugin MediaCompositing
LogPluginManager: Mounting plugin MediaPlayerEditor
LogPluginManager: Mounting plugin WebMMedia
LogPluginManager: Mounting plugin WmfMedia
LogPluginManager: Mounting plugin TcpMessaging
LogPluginManager: Mounting plugin UdpMessaging
LogPluginManager: Mounting plugin ActorSequence
LogPluginManager: Mounting plugin LevelSequenceEditor
LogPluginManager: Mounting plugin MatineeToLevelSequence
LogPluginManager: Mounting plugin NetcodeUnitTest
LogPluginManager: Mounting plugin NUTUnrealEngine4
LogPluginManager: Mounting plugin OnlineSubsystemGooglePlay
LogPluginManager: Mounting plugin OnlineSubsystemIOS
LogPluginManager: Mounting plugin OnlineSubsystem
LogPluginManager: Mounting plugin OnlineSubsystemNull
LogPluginManager: Mounting plugin OnlineSubsystemUtils
LogPluginManager: Mounting plugin LauncherChunkInstaller
LogPluginManager: Mounting plugin AndroidDeviceProfileSelector
LogPluginManager: Mounting plugin AndroidMoviePlayer
LogPluginManager: Mounting plugin AndroidPermission
LogPluginManager: Mounting plugin AppleMoviePlayer
LogPluginManager: Mounting plugin ArchVisCharacter
LogPluginManager: Mounting plugin AudioCapture
LogPluginManager: Mounting plugin CableComponent
LogPluginManager: Mounting plugin CustomMeshComponent
LogPluginManager: Mounting plugin EditableMesh
LogPluginManager: Mounting plugin ExampleDeviceProfileSelector
LogPluginManager: Mounting plugin Firebase
LogPluginManager: Mounting plugin GoogleCloudMessaging
LogPluginManager: Mounting plugin IOSDeviceProfileSelector
LogPluginManager: Mounting plugin LinuxDeviceProfileSelector
LogPluginManager: Mounting plugin LocationServicesBPLibrary
LogPluginManager: Mounting plugin MobilePatchingUtils
LogPluginManager: Mounting plugin OculusVR
LogPluginManager: Mounting plugin PhysXVehicles
LogPluginManager: Mounting plugin ProceduralMeshComponent
LogPluginManager: Mounting plugin RuntimePhysXCooking
LogPluginManager: Mounting plugin SignificanceManager
LogPluginManager: Mounting plugin WebMMoviePlayer
LogPluginManager: Mounting plugin WindowsMoviePlayer
LogInit: Warning: Incompatible or missing module: VGDC_Minigames
Running C:/Program Files/Epic Games/UE_4.22/Engine/Binaries/DotNET/UnrealBuildTool.exe Development Win64 -Project="D:/Unreal Projects/OnboardingProject/VGDC_Minigames/VGDC_Minigames.uproject" -TargetType=Editor -Progress -NoHotReloadFromIDE
Using 'git status' to determine working set for adaptive non-unity build (D:\Unreal Projects\OnboardingProject).
Creating makefile for VGDC_MinigamesEditor (no existing makefile)
@progress push 5%
Parsing headers for VGDC_MinigamesEditor
  Running UnrealHeaderTool "D:\Unreal Projects\OnboardingProject\VGDC_Minigames\VGDC_Minigames.uproject" "D:\Unreal Projects\OnboardingProject\VGDC_Minigames\Intermediate\Build\Win64\VGDC_MinigamesEditor\Development\VGDC_MinigamesEditor.uhtmanifest" -LogCmds="loginit warning, logexit warning, logdatabase error" -Unattended -WarningsAsErrors -installed
Reflection code generated for VGDC_MinigamesEditor in 5.2386062 seconds
@progress pop
Using Visual Studio 2017 14.16.27023 toolchain (C:\Program Files (x86)\Microsoft Visual Studio\2017\Community\VC\Tools\MSVC\14.16.27023) and Windows 10.0.17763.0 SDK (C:\Program Files (x86)\Windows Kits\10).
Building 11 actions with 12 processes...
  @progress 'Compiling C++ source code...' 0%
  @progress 'Compiling C++ source code...' 9%
  [1/11] Default.rc2
  @progress 'Compiling C++ source code...' 18%
  [2/11] SharedPCH.Engine.cpp
  @progress 'Compiling C++ source code...' 27%
  [3/11] VGDC_Minigames.cpp
  @progress 'Compiling C++ source code...' 36%
  [4/11] RadixSorter.cpp
  @progress 'Compiling C++ source code...' 45%
  [5/11] Sorter.cpp
  @progress 'Compiling C++ source code...' 55%
  [6/11] VGDC_Minigames.init.gen.cpp
  @progress 'Compiling C++ source code...' 64%
  [7/11] SortGames.cpp
  @progress 'Compiling C++ source code...' 73%
  [8/11] SortGames.gen.cpp
  @progress 'Compiling C++ source code...' 82%
  [9/11] UE4Editor-VGDC_Minigames.lib
     Creating library D:\Unreal Projects\OnboardingProject\VGDC_Minigames\Intermediate\Build\Win64\UE4Editor\Development\VGDC_Minigames\UE4Editor-VGDC_Minigames.lib and object D:\Unreal Projects\OnboardingProject\VGDC_Minigames\Intermediate\Build\Win64\UE4Editor\Development\VGDC_Minigames\UE4Editor-VGDC_Minigames.exp
  @progress 'Compiling C++ source code...' 91%
  [10/11] UE4Editor-VGDC_Minigames.dll
     Creating library D:\Unreal Projects\OnboardingProject\VGDC_Minigames\Intermediate\Build\Win64\UE4Editor\Development\VGDC_Minigames\UE4Editor-VGDC_Minigames.suppressed.lib and object D:\Unreal Projects\OnboardingProject\VGDC_Minigames\Intermediate\Build\Win64\UE4Editor\Development\VGDC_Minigames\UE4Editor-VGDC_Minigames.suppressed.exp
  SortGames.gen.cpp.obj : error LNK2019: unresolved external symbol "__declspec(dllimport) class UClass * __cdecl Z_Construct_UClass_UWidget_NoRegister(void)" (__imp_?Z_Construct_UClass_UWidget_NoRegister@@YAPEAVUClass@@XZ) referenced in function "void __cdecl `dynamic initializer for 'public: static struct UE4CodeGen_Private::FObjectPropertyParams const Z_Construct_UFunction_ASortGames_sortList_Statics::NewProp_ReturnValue_Inner''(void)" (??__E?NewProp_ReturnValue_Inner@Z_Construct_UFunction_ASortGames_sortList_Statics@@2UFObjectPropertyParams@UE4CodeGen_Private@@B@@YAXXZ)
  D:\Unreal Projects\OnboardingProject\VGDC_Minigames\Binaries\Win64\UE4Editor-VGDC_Minigames.dll : fatal error LNK1120: 1 unresolved externals
LogInit: Warning: Still incompatible or missing module: VGDC_Minigames
LogExit: Preparing to exit.
LogModuleManager: Shutting down and abandoning module DesktopPlatform (40)
LogModuleManager: Shutting down and abandoning module AnimationModifiers (38)
LogModuleManager: Shutting down and abandoning module PropertyEditor (37)
LogModuleManager: Shutting down and abandoning module AudioEditor (34)
LogModuleManager: Shutting down and abandoning module TextureCompressor (32)
LogModuleManager: Shutting down and abandoning module RenderCore (30)
LogModuleManager: Shutting down and abandoning module Landscape (28)
LogModuleManager: Shutting down and abandoning module SlateRHIRenderer (26)
LogModuleManager: Shutting down and abandoning module OpenGLDrv (24)
LogModuleManager: Shutting down and abandoning module D3D11RHI (22)
LogModuleManager: Shutting down and abandoning module AnimGraphRuntime (20)
LogModuleManager: Shutting down and abandoning module Renderer (18)
LogModuleManager: Shutting down and abandoning module Engine (16)
LogModuleManager: Shutting down and abandoning module CoreUObject (14)
LogModuleManager: Shutting down and abandoning module NetworkFile (12)
LogModuleManager: Shutting down and abandoning module CookedIterativeFile (10)
LogModuleManager: Shutting down and abandoning module StreamingFile (8)
LogModuleManager: Shutting down and abandoning module SandboxFile (6)
LogModuleManager: Shutting down and abandoning module PakFile (4)
LogModuleManager: Shutting down and abandoning module RSA (3)
LogExit: Exiting.
Log file closed, 07/17/19 13:36:04
