Log file open, 07/16/19 12:18:35
LogWindows: Failed to load 'aqProf.dll' (GetLastError=126)
LogWindows: File 'aqProf.dll' does not exist
LogWindows: Failed to load 'VtuneApi.dll' (GetLastError=126)
LogWindows: File 'VtuneApi.dll' does not exist
LogWindows: Failed to load 'VtuneApi32e.dll' (GetLastError=126)
LogWindows: File 'VtuneApi32e.dll' does not exist
LogConsoleResponse: Display: Failed to find resolution value strings in scalability ini. Falling back to default.
LogInit: Display: Running engine for game: VGDC_Minigames
LogPakFile: Registered encryption key '00000000000000000000000000000000': 0 pak files mounted, 0 remain pending
LogPlatformFile: Not using cached read wrapper
LogTaskGraph: Started task graph with 5 named threads and 35 total threads with 3 sets of task threads.
LogStats: Stats thread started at 0.400386
LogD3D11RHI: Loaded GFSDK_Aftermath_Lib.x64.dll
LogICUInternationalization: ICU TimeZone Detection - Raw Offset: -5:00, Platform Override: ''
LogPluginManager: Mounting plugin Paper2D
LogPluginManager: Mounting plugin AISupport
LogPluginManager: Mounting plugin LightPropagationVolume
LogPluginManager: Mounting plugin ActorLayerUtilities
LogPluginManager: Mounting plugin AnimationSharing
LogPluginManager: Mounting plugin CLionSourceCodeAccess
LogPluginManager: Mounting plugin CodeLiteSourceCodeAccess
LogPluginManager: Mounting plugin GitSourceControl
LogPluginManager: Mounting plugin KDevelopSourceCodeAccess
LogPluginManager: Mounting plugin NullSourceCodeAccess
LogPluginManager: Mounting plugin PerforceSourceControl
LogPluginManager: Mounting plugin SubversionSourceControl
LogPluginManager: Mounting plugin UObjectPlugin
LogPluginManager: Mounting plugin VisualStudioCodeSourceCodeAccess
LogPluginManager: Mounting plugin VisualStudioSourceCodeAccess
LogPluginManager: Mounting plugin XCodeSourceCodeAccess
LogPluginManager: Mounting plugin AssetManagerEditor
LogPluginManager: Mounting plugin CryptoKeys
LogPluginManager: Mounting plugin DataValidation
LogPluginManager: Mounting plugin FacialAnimation
LogPluginManager: Mounting plugin GameplayTagsEditor
LogPluginManager: Mounting plugin MacGraphicsSwitching
LogPluginManager: Mounting plugin MaterialAnalyzer
LogPluginManager: Mounting plugin MobileLauncherProfileWizard
LogPluginManager: Mounting plugin PluginBrowser
LogPluginManager: Mounting plugin SpeedTreeImporter
LogPluginManager: Mounting plugin DatasmithContent
LogPluginManager: Mounting plugin VariantManagerContent
LogPluginManager: Mounting plugin AlembicImporter
LogPluginManager: Mounting plugin AppleImageUtils
LogPluginManager: Mounting plugin AppleVision
LogPluginManager: Mounting plugin BackChannel
LogPluginManager: Mounting plugin CharacterAI
LogPluginManager: Mounting plugin GeometryCache
LogPluginManager: Mounting plugin HTML5Networking
LogPluginManager: Mounting plugin ProxyLODPlugin
LogPluginManager: Mounting plugin SkeletalReduction
LogPluginManager: Mounting plugin MagicLeap
LogPluginManager: Mounting plugin MagicLeapMedia
LogPluginManager: Mounting plugin AndroidMedia
LogPluginManager: Mounting plugin AvfMedia
LogPluginManager: Mounting plugin ImgMedia
LogPluginManager: Mounting plugin LinearTimecode
LogPluginManager: Mounting plugin MediaCompositing
LogPluginManager: Mounting plugin MediaPlayerEditor
LogPluginManager: Mounting plugin WebMMedia
LogPluginManager: Mounting plugin WmfMedia
LogPluginManager: Mounting plugin TcpMessaging
LogPluginManager: Mounting plugin UdpMessaging
LogPluginManager: Mounting plugin ActorSequence
LogPluginManager: Mounting plugin LevelSequenceEditor
LogPluginManager: Mounting plugin MatineeToLevelSequence
LogPluginManager: Mounting plugin NetcodeUnitTest
LogPluginManager: Mounting plugin NUTUnrealEngine4
LogPluginManager: Mounting plugin OnlineSubsystemGooglePlay
LogPluginManager: Mounting plugin OnlineSubsystemIOS
LogPluginManager: Mounting plugin OnlineSubsystem
LogPluginManager: Mounting plugin OnlineSubsystemNull
LogPluginManager: Mounting plugin OnlineSubsystemUtils
LogPluginManager: Mounting plugin LauncherChunkInstaller
LogPluginManager: Mounting plugin AndroidDeviceProfileSelector
LogPluginManager: Mounting plugin AndroidMoviePlayer
LogPluginManager: Mounting plugin AndroidPermission
LogPluginManager: Mounting plugin AppleMoviePlayer
LogPluginManager: Mounting plugin ArchVisCharacter
LogPluginManager: Mounting plugin AudioCapture
LogPluginManager: Mounting plugin CableComponent
LogPluginManager: Mounting plugin CustomMeshComponent
LogPluginManager: Mounting plugin EditableMesh
LogPluginManager: Mounting plugin ExampleDeviceProfileSelector
LogPluginManager: Mounting plugin Firebase
LogPluginManager: Mounting plugin GoogleCloudMessaging
LogPluginManager: Mounting plugin IOSDeviceProfileSelector
LogPluginManager: Mounting plugin LinuxDeviceProfileSelector
LogPluginManager: Mounting plugin LocationServicesBPLibrary
LogPluginManager: Mounting plugin MobilePatchingUtils
LogPluginManager: Mounting plugin OculusVR
LogPluginManager: Mounting plugin PhysXVehicles
LogPluginManager: Mounting plugin ProceduralMeshComponent
LogPluginManager: Mounting plugin RuntimePhysXCooking
LogPluginManager: Mounting plugin SignificanceManager
LogPluginManager: Mounting plugin WebMMoviePlayer
LogPluginManager: Mounting plugin WindowsMoviePlayer
LogInit: Using libcurl 7.55.1-DEV
LogInit:  - built for x86_64-pc-win32
LogInit:  - supports SSL with OpenSSL/1.1.1
LogInit:  - supports HTTP deflate (compression) using libz 1.2.8
LogInit:  - other features:
LogInit:      CURL_VERSION_SSL
LogInit:      CURL_VERSION_LIBZ
LogInit:      CURL_VERSION_IPV6
LogInit:      CURL_VERSION_ASYNCHDNS
LogInit:      CURL_VERSION_LARGEFILE
LogInit:      CURL_VERSION_IDN
LogInit:  CurlRequestOptions (configurable via config and command line):
LogInit:  - bVerifyPeer = true  - Libcurl will verify peer certificate
LogInit:  - bUseHttpProxy = false  - Libcurl will NOT use HTTP proxy
LogInit:  - bDontReuseConnections = false  - Libcurl will reuse connections
LogInit:  - MaxHostConnections = 16  - Libcurl will limit the number of connections to a host
LogInit:  - LocalHostAddr = Default
LogInit:  - BufferSize = 65536
LogInit: WinSock: version 1.1 (2.2), MaxSocks=32767, MaxUdp=65467
LogHMD: Failed initializing OVRPlugin 1.32.0
LogInit: Build: ++UE4+Release-4.22-CL-6574378
LogInit: Engine Version: 4.22.2-6574378+++UE4+Release-4.22
LogInit: Compatible Engine Version: 4.22.0-5660361+++UE4+Release-4.22
LogInit: Net CL: 5660361
LogInit: OS: Windows 10 (Release 1903) (), CPU: Intel(R) Core(TM) i7-8750H CPU @ 2.20GHz, GPU: NVIDIA GeForce GTX 1070 with Max-Q Design
LogInit: Compiled (64-bit): May 20 2019 09:54:56
LogInit: Compiled with Visual C++: 19.16.27025.01
LogInit: Build Configuration: Development
LogInit: Branch Name: ++UE4+Release-4.22
LogInit: Command Line: 
LogInit: Base Directory: C:/Program Files/Epic Games/UE_4.22/Engine/Binaries/Win64/
LogInit: Installed Engine Build: 1
LogDevObjectVersion: Number of dev versions registered: 23
LogDevObjectVersion:   Dev-Blueprints (B0D832E4-1F89-4F0D-ACCF-7EB736FD4AA2): 10
LogDevObjectVersion:   Dev-Build (E1C64328-A22C-4D53-A36C-8E866417BD8C): 0
LogDevObjectVersion:   Dev-Core (375EC13C-06E4-48FB-B500-84F0262A717E): 3
LogDevObjectVersion:   Dev-Editor (E4B068ED-F494-42E9-A231-DA0B2E46BB41): 30
LogDevObjectVersion:   Dev-Framework (CFFC743F-43B0-4480-9391-14DF171D2073): 35
LogDevObjectVersion:   Dev-Mobile (B02B49B5-BB20-44E9-A304-32B752E40360): 2
LogDevObjectVersion:   Dev-Networking (A4E4105C-59A1-49B5-A7C5-40C4547EDFEE): 0
LogDevObjectVersion:   Dev-Online (39C831C9-5AE6-47DC-9A44-9C173E1C8E7C): 0
LogDevObjectVersion:   Dev-Physics (78F01B33-EBEA-4F98-B9B4-84EACCB95AA2): 0
LogDevObjectVersion:   Dev-Platform (6631380F-2D4D-43E0-8009-CF276956A95A): 0
LogDevObjectVersion:   Dev-Rendering (12F88B9F-8875-4AFC-A67C-D90C383ABD29): 28
LogDevObjectVersion:   Dev-Sequencer (7B5AE74C-D270-4C10-A958-57980B212A5A): 11
LogDevObjectVersion:   Dev-VR (D7296918-1DD6-4BDD-9DE2-64A83CC13884): 2
LogDevObjectVersion:   Dev-LoadTimes (C2A15278-BFE7-4AFE-6C17-90FF531DF755): 1
LogDevObjectVersion:   Private-Geometry (6EACA3D4-40EC-4CC1-B786-8BED09428FC5): 3
LogDevObjectVersion:   Dev-AnimPhys (29E575DD-E0A3-4627-9D10-D276232CDCEA): 17
LogDevObjectVersion:   Dev-Anim (AF43A65D-7FD3-4947-9873-3E8ED9C1BB05): 2
LogDevObjectVersion:   Dev-ReflectionCapture (6B266CEC-1EC7-4B8F-A30B-E4D90942FC07): 1
LogDevObjectVersion:   Dev-Automation (0DF73D61-A23F-47EA-B727-89E90C41499A): 1
LogDevObjectVersion:   FortniteMain (601D1886-AC64-4F84-AA16-D3DE0DEAC7D6): 25
LogDevObjectVersion:   Dev-Enterprise (9DFFBCD6-494F-0158-E221-12823C92A888): 6
LogDevObjectVersion:   Dev-Niagara (F2AED0AC-9AFE-416F-8664-AA7FFA26D6FC): 1
LogDevObjectVersion:   Dev-Destruction (174F1F0B-B4C6-45A5-B13F-2EE8D0FB917D): 2
LogInit: Presizing for max 16777216 objects, including 0 objects not considered by GC, pre-allocating 0 bytes for permanent pool.
LogInit: Object subsystem initialized
LogConfig: Setting CVar [[con.DebugEarlyDefault:1]]
LogConfig: Setting CVar [[r.setres:1280x720]]
[2019.07.16-16.18.36:740][  0]LogConfig: Setting CVar [[r.VSync:0]]
[2019.07.16-16.18.36:740][  0]LogConfig: Setting CVar [[r.RHICmdBypass:0]]
[2019.07.16-16.18.36:740][  0]LogConfig: Applying CVar settings from Section [/Script/Engine.RendererSettings] File [D:/Unreal Projects/OnboardingProject/VGDC_Minigames/Saved/Config/Windows/Engine.ini]
[2019.07.16-16.18.36:740][  0]LogConfig: Setting CVar [[r.GPUCrashDebugging:0]]
[2019.07.16-16.18.36:740][  0]LogConfig: Setting CVar [[r.DefaultFeature.AutoExposure.ExtendDefaultLuminanceRange:1]]
[2019.07.16-16.18.36:740][  0]LogConfig: Applying CVar settings from Section [/Script/Engine.RendererOverrideSettings] File [D:/Unreal Projects/OnboardingProject/VGDC_Minigames/Saved/Config/Windows/Engine.ini]
[2019.07.16-16.18.36:740][  0]LogConfig: Applying CVar settings from Section [/Script/Engine.StreamingSettings] File [D:/Unreal Projects/OnboardingProject/VGDC_Minigames/Saved/Config/Windows/Engine.ini]
[2019.07.16-16.18.36:740][  0]LogConfig: Setting CVar [[s.MinBulkDataSizeForAsyncLoading:131072]]
[2019.07.16-16.18.36:740][  0]LogConfig: Setting CVar [[s.AsyncLoadingThreadEnabled:0]]
[2019.07.16-16.18.36:740][  0]LogConfig: Setting CVar [[s.EventDrivenLoaderEnabled:1]]
[2019.07.16-16.18.36:740][  0]LogConfig: Setting CVar [[s.WarnIfTimeLimitExceeded:0]]
[2019.07.16-16.18.36:740][  0]LogConfig: Setting CVar [[s.TimeLimitExceededMultiplier:1.5]]
[2019.07.16-16.18.36:740][  0]LogConfig: Setting CVar [[s.TimeLimitExceededMinTime:0.005]]
[2019.07.16-16.18.36:740][  0]LogConfig: Setting CVar [[s.UseBackgroundLevelStreaming:1]]
[2019.07.16-16.18.36:740][  0]LogConfig: Setting CVar [[s.PriorityAsyncLoadingExtraTime:15.0]]
[2019.07.16-16.18.36:740][  0]LogConfig: Setting CVar [[s.LevelStreamingActorsUpdateTimeLimit:5.0]]
[2019.07.16-16.18.36:740][  0]LogConfig: Setting CVar [[s.PriorityLevelStreamingActorsUpdateExtraTime:5.0]]
[2019.07.16-16.18.36:740][  0]LogConfig: Setting CVar [[s.LevelStreamingComponentsRegistrationGranularity:10]]
[2019.07.16-16.18.36:741][  0]LogConfig: Setting CVar [[s.UnregisterComponentsTimeLimit:1.0]]
[2019.07.16-16.18.36:741][  0]LogConfig: Setting CVar [[s.LevelStreamingComponentsUnregistrationGranularity:5]]
[2019.07.16-16.18.36:741][  0]LogConfig: Applying CVar settings from Section [/Script/Engine.GarbageCollectionSettings] File [D:/Unreal Projects/OnboardingProject/VGDC_Minigames/Saved/Config/Windows/Engine.ini]
[2019.07.16-16.18.36:741][  0]LogConfig: Setting CVar [[gc.MaxObjectsNotConsideredByGC:1]]
[2019.07.16-16.18.36:741][  0]LogConfig: Setting CVar [[gc.SizeOfPermanentObjectPool:0]]
[2019.07.16-16.18.36:741][  0]LogConfig: Setting CVar [[gc.FlushStreamingOnGC:0]]
[2019.07.16-16.18.36:741][  0]LogConfig: Setting CVar [[gc.NumRetriesBeforeForcingGC:10]]
[2019.07.16-16.18.36:741][  0]LogConfig: Setting CVar [[gc.AllowParallelGC:1]]
[2019.07.16-16.18.36:741][  0]LogConfig: Setting CVar [[gc.TimeBetweenPurgingPendingKillObjects:61.1]]
[2019.07.16-16.18.36:741][  0]LogConfig: Setting CVar [[gc.MaxObjectsInEditor:16777216]]
[2019.07.16-16.18.36:741][  0]LogConfig: Setting CVar [[gc.IncrementalBeginDestroyEnabled:1]]
[2019.07.16-16.18.36:741][  0]LogConfig: Setting CVar [[gc.CreateGCClusters:1]]
[2019.07.16-16.18.36:741][  0]LogConfig: Setting CVar [[gc.MinGCClusterSize:5]]
[2019.07.16-16.18.36:741][  0]LogConfig: Setting CVar [[gc.ActorClusteringEnabled:0]]
[2019.07.16-16.18.36:741][  0]LogConfig: Setting CVar [[gc.BlueprintClusteringEnabled:0]]
[2019.07.16-16.18.36:741][  0]LogConfig: Setting CVar [[gc.UseDisregardForGCOnDedicatedServers:0]]
[2019.07.16-16.18.36:741][  0]LogConfig: Applying CVar settings from Section [/Script/Engine.NetworkSettings] File [D:/Unreal Projects/OnboardingProject/VGDC_Minigames/Saved/Config/Windows/Engine.ini]
[2019.07.16-16.18.36:741][  0]LogConfig: Applying CVar settings from Section [/Script/UnrealEd.CookerSettings] File [D:/Unreal Projects/OnboardingProject/VGDC_Minigames/Saved/Config/Windows/Engine.ini]
[2019.07.16-16.18.36:743][  0]LogConfig: Applying CVar settings from Section [ViewDistanceQuality@3] File [D:/Unreal Projects/OnboardingProject/VGDC_Minigames/Saved/Config/Windows/Scalability.ini]
[2019.07.16-16.18.36:743][  0]LogConfig: Setting CVar [[r.SkeletalMeshLODBias:0]]
[2019.07.16-16.18.36:743][  0]LogConfig: Setting CVar [[r.ViewDistanceScale:1.0]]
[2019.07.16-16.18.36:743][  0]LogConfig: Applying CVar settings from Section [AntiAliasingQuality@3] File [D:/Unreal Projects/OnboardingProject/VGDC_Minigames/Saved/Config/Windows/Scalability.ini]
[2019.07.16-16.18.36:743][  0]LogConfig: Setting CVar [[r.PostProcessAAQuality:4]]
[2019.07.16-16.18.36:743][  0]LogConfig: Applying CVar settings from Section [ShadowQuality@3] File [D:/Unreal Projects/OnboardingProject/VGDC_Minigames/Saved/Config/Windows/Scalability.ini]
[2019.07.16-16.18.36:743][  0]LogConfig: Setting CVar [[r.LightFunctionQuality:1]]
[2019.07.16-16.18.36:743][  0]LogConfig: Setting CVar [[r.ShadowQuality:5]]
[2019.07.16-16.18.36:743][  0]LogConfig: Setting CVar [[r.Shadow.CSM.MaxCascades:10]]
[2019.07.16-16.18.36:743][  0]LogConfig: Setting CVar [[r.Shadow.MaxResolution:2048]]
[2019.07.16-16.18.36:743][  0]LogConfig: Setting CVar [[r.Shadow.MaxCSMResolution:2048]]
[2019.07.16-16.18.36:743][  0]LogConfig: Setting CVar [[r.Shadow.RadiusThreshold:0.01]]
[2019.07.16-16.18.36:743][  0]LogConfig: Setting CVar [[r.Shadow.DistanceScale:1.0]]
[2019.07.16-16.18.36:743][  0]LogConfig: Setting CVar [[r.Shadow.CSM.TransitionScale:1.0]]
[2019.07.16-16.18.36:743][  0]LogConfig: Setting CVar [[r.Shadow.PreShadowResolutionFactor:1.0]]
[2019.07.16-16.18.36:743][  0]LogConfig: Setting CVar [[r.DistanceFieldShadowing:1]]
[2019.07.16-16.18.36:743][  0]LogConfig: Setting CVar [[r.DistanceFieldAO:1]]
[2019.07.16-16.18.36:743][  0]LogConfig: Setting CVar [[r.AOQuality:2]]
[2019.07.16-16.18.36:743][  0]LogConfig: Setting CVar [[r.VolumetricFog:1]]
[2019.07.16-16.18.36:743][  0]LogConfig: Setting CVar [[r.VolumetricFog.GridPixelSize:8]]
[2019.07.16-16.18.36:743][  0]LogConfig: Setting CVar [[r.VolumetricFog.GridSizeZ:128]]
[2019.07.16-16.18.36:743][  0]LogConfig: Setting CVar [[r.VolumetricFog.HistoryMissSupersampleCount:4]]
[2019.07.16-16.18.36:743][  0]LogConfig: Setting CVar [[r.LightMaxDrawDistanceScale:1]]
[2019.07.16-16.18.36:743][  0]LogConfig: Setting CVar [[r.CapsuleShadows:1]]
[2019.07.16-16.18.36:743][  0]LogConfig: Applying CVar settings from Section [PostProcessQuality@3] File [D:/Unreal Projects/OnboardingProject/VGDC_Minigames/Saved/Config/Windows/Scalability.ini]
[2019.07.16-16.18.36:743][  0]LogConfig: Setting CVar [[r.MotionBlurQuality:4]]
[2019.07.16-16.18.36:743][  0]LogConfig: Setting CVar [[r.AmbientOcclusionMipLevelFactor:0.4]]
[2019.07.16-16.18.36:743][  0]LogConfig: Setting CVar [[r.AmbientOcclusionMaxQuality:100]]
[2019.07.16-16.18.36:743][  0]LogConfig: Setting CVar [[r.AmbientOcclusionLevels:-1]]
[2019.07.16-16.18.36:743][  0]LogConfig: Setting CVar [[r.AmbientOcclusionRadiusScale:1.0]]
[2019.07.16-16.18.36:743][  0]LogConfig: Setting CVar [[r.DepthOfFieldQuality:2]]
[2019.07.16-16.18.36:743][  0]LogConfig: Setting CVar [[r.RenderTargetPoolMin:400]]
[2019.07.16-16.18.36:743][  0]LogConfig: Setting CVar [[r.LensFlareQuality:2]]
[2019.07.16-16.18.36:743][  0]LogConfig: Setting CVar [[r.SceneColorFringeQuality:1]]
[2019.07.16-16.18.36:743][  0]LogConfig: Setting CVar [[r.EyeAdaptationQuality:2]]
[2019.07.16-16.18.36:743][  0]LogConfig: Setting CVar [[r.BloomQuality:5]]
[2019.07.16-16.18.36:743][  0]LogConfig: Setting CVar [[r.FastBlurThreshold:100]]
[2019.07.16-16.18.36:743][  0]LogConfig: Setting CVar [[r.Upscale.Quality:3]]
[2019.07.16-16.18.36:743][  0]LogConfig: Setting CVar [[r.Tonemapper.GrainQuantization:1]]
[2019.07.16-16.18.36:743][  0]LogConfig: Setting CVar [[r.LightShaftQuality:1]]
[2019.07.16-16.18.36:743][  0]LogConfig: Setting CVar [[r.Filter.SizeScale:1]]
[2019.07.16-16.18.36:744][  0]LogConfig: Setting CVar [[r.Tonemapper.Quality:5]]
[2019.07.16-16.18.36:744][  0]LogConfig: Setting CVar [[r.DOF.Gather.AccumulatorQuality:1        ; higher gathering accumulator quality]]
[2019.07.16-16.18.36:744][  0]LogConfig: Setting CVar [[r.DOF.Gather.PostfilterMethod:1          ; Median3x3 postfilering method]]
[2019.07.16-16.18.36:744][  0]LogConfig: Setting CVar [[r.DOF.Gather.EnableBokehSettings:0       ; no bokeh simulation when gathering]]
[2019.07.16-16.18.36:744][  0]LogConfig: Setting CVar [[r.DOF.Gather.RingCount:4                 ; medium number of samples when gathering]]
[2019.07.16-16.18.36:744][  0]LogConfig: Setting CVar [[r.DOF.Scatter.ForegroundCompositing:1    ; additive foreground scattering]]
[2019.07.16-16.18.36:744][  0]LogConfig: Setting CVar [[r.DOF.Scatter.BackgroundCompositing:2    ; additive background scattering]]
[2019.07.16-16.18.36:744][  0]LogConfig: Setting CVar [[r.DOF.Scatter.EnableBokehSettings:1      ; bokeh simulation when scattering]]
[2019.07.16-16.18.36:744][  0]LogConfig: Setting CVar [[r.DOF.Scatter.MaxSpriteRatio:0.1         ; only a maximum of 10% of scattered bokeh]]
[2019.07.16-16.18.36:744][  0]LogConfig: Setting CVar [[r.DOF.Recombine.Quality:1                ; cheap slight out of focus]]
[2019.07.16-16.18.36:744][  0]LogConfig: Setting CVar [[r.DOF.Recombine.EnableBokehSettings:0    ; no bokeh simulation on slight out of focus]]
[2019.07.16-16.18.36:744][  0]LogConfig: Setting CVar [[r.DOF.TemporalAAQuality:1                ; more stable temporal accumulation]]
[2019.07.16-16.18.36:744][  0]LogConfig: Setting CVar [[r.DOF.Kernel.MaxForegroundRadius:0.025]]
[2019.07.16-16.18.36:744][  0]LogConfig: Setting CVar [[r.DOF.Kernel.MaxBackgroundRadius:0.025]]
[2019.07.16-16.18.36:744][  0]LogConfig: Applying CVar settings from Section [TextureQuality@3] File [D:/Unreal Projects/OnboardingProject/VGDC_Minigames/Saved/Config/Windows/Scalability.ini]
[2019.07.16-16.18.36:744][  0]LogConfig: Setting CVar [[r.Streaming.MipBias:0]]
[2019.07.16-16.18.36:744][  0]LogConfig: Setting CVar [[r.Streaming.AmortizeCPUToGPUCopy:0]]
[2019.07.16-16.18.36:744][  0]LogConfig: Setting CVar [[r.Streaming.MaxNumTexturesToStreamPerFrame:0]]
[2019.07.16-16.18.36:744][  0]LogConfig: Setting CVar [[r.Streaming.Boost:1]]
[2019.07.16-16.18.36:744][  0]LogConfig: Setting CVar [[r.MaxAnisotropy:8]]
[2019.07.16-16.18.36:744][  0]LogConfig: Setting CVar [[r.Streaming.LimitPoolSizeToVRAM:0]]
[2019.07.16-16.18.36:744][  0]LogConfig: Setting CVar [[r.Streaming.PoolSize:1000]]
[2019.07.16-16.18.36:744][  0]LogConfig: Setting CVar [[r.Streaming.MaxEffectiveScreenSize:0]]
[2019.07.16-16.18.36:744][  0]LogConfig: Applying CVar settings from Section [EffectsQuality@3] File [D:/Unreal Projects/OnboardingProject/VGDC_Minigames/Saved/Config/Windows/Scalability.ini]
[2019.07.16-16.18.36:744][  0]LogConfig: Setting CVar [[r.TranslucencyLightingVolumeDim:64]]
[2019.07.16-16.18.36:744][  0]LogConfig: Setting CVar [[r.RefractionQuality:2]]
[2019.07.16-16.18.36:744][  0]LogConfig: Setting CVar [[r.SSR.Quality:3]]
[2019.07.16-16.18.36:744][  0]LogConfig: Setting CVar [[r.SceneColorFormat:4]]
[2019.07.16-16.18.36:744][  0]LogConfig: Setting CVar [[r.DetailMode:2]]
[2019.07.16-16.18.36:744][  0]LogConfig: Setting CVar [[r.TranslucencyVolumeBlur:1]]
[2019.07.16-16.18.36:744][  0]LogConfig: Setting CVar [[r.MaterialQualityLevel:1 ; High quality]]
[2019.07.16-16.18.36:744][  0]LogConfig: Setting CVar [[r.SSS.Scale:1]]
[2019.07.16-16.18.36:744][  0]LogConfig: Setting CVar [[r.SSS.SampleSet:2]]
[2019.07.16-16.18.36:744][  0]LogConfig: Setting CVar [[r.SSS.Quality:1]]
[2019.07.16-16.18.36:744][  0]LogConfig: Setting CVar [[r.SSS.HalfRes:1]]
[2019.07.16-16.18.36:744][  0]LogConfig: Setting CVar [[r.EmitterSpawnRateScale:1.0]]
[2019.07.16-16.18.36:744][  0]LogConfig: Setting CVar [[r.ParticleLightQuality:2]]
[2019.07.16-16.18.36:744][  0]LogConfig: Applying CVar settings from Section [FoliageQuality@3] File [D:/Unreal Projects/OnboardingProject/VGDC_Minigames/Saved/Config/Windows/Scalability.ini]
[2019.07.16-16.18.36:744][  0]LogConfig: Setting CVar [[foliage.DensityScale:1.0]]
[2019.07.16-16.18.36:744][  0]LogConfig: Setting CVar [[grass.DensityScale:1.0]]
[2019.07.16-16.18.36:744][  0]LogInit: Selected Device Profile: [Windows]
[2019.07.16-16.18.36:744][  0]LogInit: Applying CVar settings loaded from the selected device profile: [Windows]
[2019.07.16-16.18.36:755][  0]LogHAL: Display: Platform has ~ 32 GB [34233069568 / 34359738368 / 32], which maps to Largest [LargestMinGB=32, LargerMinGB=12, DefaultMinGB=8, SmallerMinGB=6, SmallestMinGB=0)
[2019.07.16-16.18.36:755][  0]LogConfig: Setting CVar [[r.Vulkan.UseRealUBs:0		; Required until we fix HLR fall-out]]
[2019.07.16-16.18.36:755][  0]LogInit: Going up to parent DeviceProfile []
[2019.07.16-16.18.36:755][  0]LogConfig: Applying CVar settings from Section [ViewDistanceQuality@3] File [D:/Unreal Projects/OnboardingProject/VGDC_Minigames/Saved/Config/Windows/Scalability.ini]
[2019.07.16-16.18.36:755][  0]LogConfig: Setting CVar [[r.SkeletalMeshLODBias:0]]
[2019.07.16-16.18.36:755][  0]LogConfig: Setting CVar [[r.ViewDistanceScale:1.0]]
[2019.07.16-16.18.36:755][  0]LogConfig: Applying CVar settings from Section [AntiAliasingQuality@3] File [D:/Unreal Projects/OnboardingProject/VGDC_Minigames/Saved/Config/Windows/Scalability.ini]
[2019.07.16-16.18.36:755][  0]LogConfig: Setting CVar [[r.PostProcessAAQuality:4]]
[2019.07.16-16.18.36:755][  0]LogConfig: Applying CVar settings from Section [ShadowQuality@3] File [D:/Unreal Projects/OnboardingProject/VGDC_Minigames/Saved/Config/Windows/Scalability.ini]
[2019.07.16-16.18.36:755][  0]LogConfig: Setting CVar [[r.LightFunctionQuality:1]]
[2019.07.16-16.18.36:755][  0]LogConfig: Setting CVar [[r.ShadowQuality:5]]
[2019.07.16-16.18.36:755][  0]LogConfig: Setting CVar [[r.Shadow.CSM.MaxCascades:10]]
[2019.07.16-16.18.36:755][  0]LogConfig: Setting CVar [[r.Shadow.MaxResolution:2048]]
[2019.07.16-16.18.36:755][  0]LogConfig: Setting CVar [[r.Shadow.MaxCSMResolution:2048]]
[2019.07.16-16.18.36:755][  0]LogConfig: Setting CVar [[r.Shadow.RadiusThreshold:0.01]]
[2019.07.16-16.18.36:755][  0]LogConfig: Setting CVar [[r.Shadow.DistanceScale:1.0]]
[2019.07.16-16.18.36:755][  0]LogConfig: Setting CVar [[r.Shadow.CSM.TransitionScale:1.0]]
[2019.07.16-16.18.36:755][  0]LogConfig: Setting CVar [[r.Shadow.PreShadowResolutionFactor:1.0]]
[2019.07.16-16.18.36:755][  0]LogConfig: Setting CVar [[r.DistanceFieldShadowing:1]]
[2019.07.16-16.18.36:755][  0]LogConfig: Setting CVar [[r.DistanceFieldAO:1]]
[2019.07.16-16.18.36:755][  0]LogConfig: Setting CVar [[r.AOQuality:2]]
[2019.07.16-16.18.36:755][  0]LogConfig: Setting CVar [[r.VolumetricFog:1]]
[2019.07.16-16.18.36:755][  0]LogConfig: Setting CVar [[r.VolumetricFog.GridPixelSize:8]]
[2019.07.16-16.18.36:755][  0]LogConfig: Setting CVar [[r.VolumetricFog.GridSizeZ:128]]
[2019.07.16-16.18.36:755][  0]LogConfig: Setting CVar [[r.VolumetricFog.HistoryMissSupersampleCount:4]]
[2019.07.16-16.18.36:755][  0]LogConfig: Setting CVar [[r.LightMaxDrawDistanceScale:1]]
[2019.07.16-16.18.36:755][  0]LogConfig: Setting CVar [[r.CapsuleShadows:1]]
[2019.07.16-16.18.36:755][  0]LogConfig: Applying CVar settings from Section [PostProcessQuality@3] File [D:/Unreal Projects/OnboardingProject/VGDC_Minigames/Saved/Config/Windows/Scalability.ini]
[2019.07.16-16.18.36:755][  0]LogConfig: Setting CVar [[r.MotionBlurQuality:4]]
[2019.07.16-16.18.36:755][  0]LogConfig: Setting CVar [[r.AmbientOcclusionMipLevelFactor:0.4]]
[2019.07.16-16.18.36:755][  0]LogConfig: Setting CVar [[r.AmbientOcclusionMaxQuality:100]]
[2019.07.16-16.18.36:755][  0]LogConfig: Setting CVar [[r.AmbientOcclusionLevels:-1]]
[2019.07.16-16.18.36:755][  0]LogConfig: Setting CVar [[r.AmbientOcclusionRadiusScale:1.0]]
[2019.07.16-16.18.36:755][  0]LogConfig: Setting CVar [[r.DepthOfFieldQuality:2]]
[2019.07.16-16.18.36:755][  0]LogConfig: Setting CVar [[r.RenderTargetPoolMin:400]]
[2019.07.16-16.18.36:755][  0]LogConfig: Setting CVar [[r.LensFlareQuality:2]]
[2019.07.16-16.18.36:755][  0]LogConfig: Setting CVar [[r.SceneColorFringeQuality:1]]
[2019.07.16-16.18.36:755][  0]LogConfig: Setting CVar [[r.EyeAdaptationQuality:2]]
[2019.07.16-16.18.36:755][  0]LogConfig: Setting CVar [[r.BloomQuality:5]]
[2019.07.16-16.18.36:755][  0]LogConfig: Setting CVar [[r.FastBlurThreshold:100]]
[2019.07.16-16.18.36:755][  0]LogConfig: Setting CVar [[r.Upscale.Quality:3]]
[2019.07.16-16.18.36:755][  0]LogConfig: Setting CVar [[r.Tonemapper.GrainQuantization:1]]
[2019.07.16-16.18.36:755][  0]LogConfig: Setting CVar [[r.LightShaftQuality:1]]
[2019.07.16-16.18.36:755][  0]LogConfig: Setting CVar [[r.Filter.SizeScale:1]]
[2019.07.16-16.18.36:755][  0]LogConfig: Setting CVar [[r.Tonemapper.Quality:5]]
[2019.07.16-16.18.36:755][  0]LogConfig: Setting CVar [[r.DOF.Gather.AccumulatorQuality:1        ; higher gathering accumulator quality]]
[2019.07.16-16.18.36:755][  0]LogConfig: Setting CVar [[r.DOF.Gather.PostfilterMethod:1          ; Median3x3 postfilering method]]
[2019.07.16-16.18.36:755][  0]LogConfig: Setting CVar [[r.DOF.Gather.EnableBokehSettings:0       ; no bokeh simulation when gathering]]
[2019.07.16-16.18.36:755][  0]LogConfig: Setting CVar [[r.DOF.Gather.RingCount:4                 ; medium number of samples when gathering]]
[2019.07.16-16.18.36:755][  0]LogConfig: Setting CVar [[r.DOF.Scatter.ForegroundCompositing:1    ; additive foreground scattering]]
[2019.07.16-16.18.36:755][  0]LogConfig: Setting CVar [[r.DOF.Scatter.BackgroundCompositing:2    ; additive background scattering]]
[2019.07.16-16.18.36:755][  0]LogConfig: Setting CVar [[r.DOF.Scatter.EnableBokehSettings:1      ; bokeh simulation when scattering]]
[2019.07.16-16.18.36:755][  0]LogConfig: Setting CVar [[r.DOF.Scatter.MaxSpriteRatio:0.1         ; only a maximum of 10% of scattered bokeh]]
[2019.07.16-16.18.36:755][  0]LogConfig: Setting CVar [[r.DOF.Recombine.Quality:1                ; cheap slight out of focus]]
[2019.07.16-16.18.36:755][  0]LogConfig: Setting CVar [[r.DOF.Recombine.EnableBokehSettings:0    ; no bokeh simulation on slight out of focus]]
[2019.07.16-16.18.36:755][  0]LogConfig: Setting CVar [[r.DOF.TemporalAAQuality:1                ; more stable temporal accumulation]]
[2019.07.16-16.18.36:755][  0]LogConfig: Setting CVar [[r.DOF.Kernel.MaxForegroundRadius:0.025]]
[2019.07.16-16.18.36:755][  0]LogConfig: Setting CVar [[r.DOF.Kernel.MaxBackgroundRadius:0.025]]
[2019.07.16-16.18.36:755][  0]LogConfig: Applying CVar settings from Section [TextureQuality@3] File [D:/Unreal Projects/OnboardingProject/VGDC_Minigames/Saved/Config/Windows/Scalability.ini]
[2019.07.16-16.18.36:755][  0]LogConfig: Setting CVar [[r.Streaming.MipBias:0]]
[2019.07.16-16.18.36:755][  0]LogConfig: Setting CVar [[r.Streaming.AmortizeCPUToGPUCopy:0]]
[2019.07.16-16.18.36:755][  0]LogConfig: Setting CVar [[r.Streaming.MaxNumTexturesToStreamPerFrame:0]]
[2019.07.16-16.18.36:755][  0]LogConfig: Setting CVar [[r.Streaming.Boost:1]]
[2019.07.16-16.18.36:755][  0]LogConfig: Setting CVar [[r.MaxAnisotropy:8]]
[2019.07.16-16.18.36:756][  0]LogConfig: Setting CVar [[r.Streaming.LimitPoolSizeToVRAM:0]]
[2019.07.16-16.18.36:756][  0]LogConfig: Setting CVar [[r.Streaming.PoolSize:1000]]
[2019.07.16-16.18.36:756][  0]LogConfig: Setting CVar [[r.Streaming.MaxEffectiveScreenSize:0]]
[2019.07.16-16.18.36:756][  0]LogConfig: Applying CVar settings from Section [EffectsQuality@3] File [D:/Unreal Projects/OnboardingProject/VGDC_Minigames/Saved/Config/Windows/Scalability.ini]
[2019.07.16-16.18.36:756][  0]LogConfig: Setting CVar [[r.TranslucencyLightingVolumeDim:64]]
[2019.07.16-16.18.36:756][  0]LogConfig: Setting CVar [[r.RefractionQuality:2]]
[2019.07.16-16.18.36:756][  0]LogConfig: Setting CVar [[r.SSR.Quality:3]]
[2019.07.16-16.18.36:756][  0]LogConfig: Setting CVar [[r.SceneColorFormat:4]]
[2019.07.16-16.18.36:756][  0]LogConfig: Setting CVar [[r.DetailMode:2]]
[2019.07.16-16.18.36:756][  0]LogConfig: Setting CVar [[r.TranslucencyVolumeBlur:1]]
[2019.07.16-16.18.36:756][  0]LogConfig: Setting CVar [[r.MaterialQualityLevel:1 ; High quality]]
[2019.07.16-16.18.36:756][  0]LogConfig: Setting CVar [[r.SSS.Scale:1]]
[2019.07.16-16.18.36:756][  0]LogConfig: Setting CVar [[r.SSS.SampleSet:2]]
[2019.07.16-16.18.36:756][  0]LogConfig: Setting CVar [[r.SSS.Quality:1]]
[2019.07.16-16.18.36:756][  0]LogConfig: Setting CVar [[r.SSS.HalfRes:1]]
[2019.07.16-16.18.36:756][  0]LogConfig: Setting CVar [[r.EmitterSpawnRateScale:1.0]]
[2019.07.16-16.18.36:756][  0]LogConfig: Setting CVar [[r.ParticleLightQuality:2]]
[2019.07.16-16.18.36:756][  0]LogConfig: Applying CVar settings from Section [FoliageQuality@3] File [D:/Unreal Projects/OnboardingProject/VGDC_Minigames/Saved/Config/Windows/Scalability.ini]
[2019.07.16-16.18.36:756][  0]LogConfig: Setting CVar [[foliage.DensityScale:1.0]]
[2019.07.16-16.18.36:756][  0]LogConfig: Setting CVar [[grass.DensityScale:1.0]]
[2019.07.16-16.18.36:756][  0]LogConfig: Applying CVar settings from Section [Startup] File [../../../Engine/Config/ConsoleVariables.ini]
[2019.07.16-16.18.36:756][  0]LogConfig: Setting CVar [[net.UseAdaptiveNetUpdateFrequency:0]]
[2019.07.16-16.18.36:756][  0]LogConfig: Setting CVar [[p.chaos.AllowCreatePhysxBodies:1]]
[2019.07.16-16.18.36:756][  0]LogConfig: Applying CVar settings from Section [ConsoleVariables] File [D:/Unreal Projects/OnboardingProject/VGDC_Minigames/Saved/Config/Windows/Engine.ini]
[2019.07.16-16.18.36:756][  0]LogInit: Computer: JOSEPHDASILVA
[2019.07.16-16.18.36:756][  0]LogInit: User: jojod
[2019.07.16-16.18.36:756][  0]LogInit: CPU Page size=4096, Cores=6
[2019.07.16-16.18.36:756][  0]LogInit: High frequency timer resolution =10.000000 MHz
[2019.07.16-16.18.36:756][  0]LogMemory: Memory total: Physical=31.9GB (32GB approx)
[2019.07.16-16.18.36:756][  0]LogMemory: Platform Memory Stats for Windows
[2019.07.16-16.18.36:756][  0]LogMemory: Process Physical Memory: 99.93 MB used, 99.93 MB peak
[2019.07.16-16.18.36:756][  0]LogMemory: Process Virtual Memory: 93.23 MB used, 93.23 MB peak
[2019.07.16-16.18.36:756][  0]LogMemory: Physical Memory: 6794.18 MB used,  25853.02 MB free, 32647.20 MB total
[2019.07.16-16.18.36:756][  0]LogMemory: Virtual Memory: 4678.36 MB used,  134213048.00 MB free, 134217728.00 MB total
[2019.07.16-16.18.36:786][  0]LogInit: Using OS detected language (en-US).
[2019.07.16-16.18.36:786][  0]LogInit: Using OS detected locale (en-US).
[2019.07.16-16.18.36:787][  0]LogTextLocalizationManager: No specific localization for 'en-US' exists, so the 'en' localization will be used.
[2019.07.16-16.18.36:926][  0]LogInit: Setting process to per monitor DPI aware
[2019.07.16-16.18.36:949][  0]LogSlate: New Slate User Created.  User Index 0, Is Virtual User: 0
[2019.07.16-16.18.36:949][  0]LogSlate: Slate User Registered.  User Index 0, Is Virtual User: 0
[2019.07.16-16.18.37:091][  0]LogD3D11RHI: D3D11 adapters:
[2019.07.16-16.18.37:149][  0]LogD3D11RHI:    0. 'NVIDIA GeForce GTX 1070 with Max-Q Design' (Feature Level 11_0)
[2019.07.16-16.18.37:150][  0]LogD3D11RHI:       8081/0/16323 MB DedicatedVideo/DedicatedSystem/SharedSystem, Outputs:1, VendorId:0x10de
[2019.07.16-16.18.37:152][  0]LogD3D11RHI:    1. 'Microsoft Basic Render Driver' (Feature Level 11_0)
[2019.07.16-16.18.37:152][  0]LogD3D11RHI:       0/0/16323 MB DedicatedVideo/DedicatedSystem/SharedSystem, Outputs:0, VendorId:0x1414
[2019.07.16-16.18.37:152][  0]LogD3D11RHI: Chosen D3D11 Adapter: 0
[2019.07.16-16.18.37:159][  0]LogD3D11RHI: Creating new Direct3DDevice
[2019.07.16-16.18.37:159][  0]LogD3D11RHI:     GPU DeviceId: 0x1be1 (for the marketing name, search the web for "GPU Device Id")
[2019.07.16-16.18.37:159][  0]LogWindows: EnumDisplayDevices:
[2019.07.16-16.18.37:159][  0]LogWindows:    0. 'NVIDIA GeForce GTX 1070 with Max-Q Design' (P:1 D:1)
[2019.07.16-16.18.37:159][  0]LogWindows:    1. 'NVIDIA GeForce GTX 1070 with Max-Q Design' (P:0 D:0)
[2019.07.16-16.18.37:159][  0]LogWindows:    2. 'NVIDIA GeForce GTX 1070 with Max-Q Design' (P:0 D:0)
[2019.07.16-16.18.37:160][  0]LogWindows:    3. 'NVIDIA GeForce GTX 1070 with Max-Q Design' (P:0 D:0)
[2019.07.16-16.18.37:160][  0]LogWindows: DebugString: FoundDriverCount:4 
[2019.07.16-16.18.37:160][  0]LogD3D11RHI:     Adapter Name: NVIDIA GeForce GTX 1070 with Max-Q Design
[2019.07.16-16.18.37:160][  0]LogD3D11RHI:   Driver Version: 430.86 (internal:26.21.14.3086, unified:430.86)
[2019.07.16-16.18.37:160][  0]LogD3D11RHI:      Driver Date: 5-22-2019
[2019.07.16-16.18.37:160][  0]LogRHI: Texture pool is 5656 MB (70% of 8081 MB)
[2019.07.16-16.18.37:202][  0]LogD3D11RHI: Async texture creation enabled
[2019.07.16-16.18.37:209][  0]LogRendererCore: FGlobalReadBuffer::InitRHI
[2019.07.16-16.18.37:209][  0]LogRendererCore: FGlobalReadBuffer::InitRHI
[2019.07.16-16.18.37:209][  0]LogRendererCore: FGlobalReadBuffer::InitRHI
[2019.07.16-16.18.37:217][  0]LogD3D11RHI: GPU Timing Frequency: 1000.000000 (Debug: 2 1)
[2019.07.16-16.18.37:528][  0]LogTemp: Display: Module 'AllDesktopTargetPlatform' loaded TargetPlatform 'AllDesktop'
[2019.07.16-16.18.37:540][  0]LogTemp: Display: Module 'MacClientTargetPlatform' loaded TargetPlatform 'MacClient'
[2019.07.16-16.18.37:552][  0]LogTemp: Display: Module 'MacNoEditorTargetPlatform' loaded TargetPlatform 'MacNoEditor'
[2019.07.16-16.18.37:564][  0]LogTemp: Display: Module 'MacServerTargetPlatform' loaded TargetPlatform 'MacServer'
[2019.07.16-16.18.37:576][  0]LogTemp: Display: Module 'MacTargetPlatform' loaded TargetPlatform 'Mac'
[2019.07.16-16.18.37:588][  0]LogTemp: Display: Module 'WindowsClientTargetPlatform' loaded TargetPlatform 'WindowsClient'
[2019.07.16-16.18.37:600][  0]LogTemp: Display: Module 'WindowsNoEditorTargetPlatform' loaded TargetPlatform 'WindowsNoEditor'
[2019.07.16-16.18.37:611][  0]LogTemp: Display: Module 'WindowsServerTargetPlatform' loaded TargetPlatform 'WindowsServer'
[2019.07.16-16.18.37:617][  0]LogTemp: Display: Module 'WindowsTargetPlatform' loaded TargetPlatform 'Windows'
[2019.07.16-16.18.37:685][  0]LogTemp: Display: Module 'AndroidTargetPlatform' loaded TargetPlatform 'Android'
[2019.07.16-16.18.37:685][  0]LogTemp: Display: Module 'AndroidTargetPlatform' loaded TargetPlatform 'Android_ASTC'
[2019.07.16-16.18.37:686][  0]LogTemp: Display: Module 'AndroidTargetPlatform' loaded TargetPlatform 'Android_ATC'
[2019.07.16-16.18.37:686][  0]LogTemp: Display: Module 'AndroidTargetPlatform' loaded TargetPlatform 'Android_DXT'
[2019.07.16-16.18.37:686][  0]LogTemp: Display: Module 'AndroidTargetPlatform' loaded TargetPlatform 'Android_ETC1'
[2019.07.16-16.18.37:686][  0]LogTemp: Display: Module 'AndroidTargetPlatform' loaded TargetPlatform 'Android_ETC1a'
[2019.07.16-16.18.37:686][  0]LogTemp: Display: Module 'AndroidTargetPlatform' loaded TargetPlatform 'Android_ETC2'
[2019.07.16-16.18.37:686][  0]LogTemp: Display: Module 'AndroidTargetPlatform' loaded TargetPlatform 'Android_PVRTC'
[2019.07.16-16.18.37:686][  0]LogTemp: Display: Module 'AndroidTargetPlatform' loaded TargetPlatform 'AndroidClient'
[2019.07.16-16.18.37:686][  0]LogTemp: Display: Module 'AndroidTargetPlatform' loaded TargetPlatform 'Android_ASTCClient'
[2019.07.16-16.18.37:686][  0]LogTemp: Display: Module 'AndroidTargetPlatform' loaded TargetPlatform 'Android_ATCClient'
[2019.07.16-16.18.37:686][  0]LogTemp: Display: Module 'AndroidTargetPlatform' loaded TargetPlatform 'Android_DXTClient'
[2019.07.16-16.18.37:686][  0]LogTemp: Display: Module 'AndroidTargetPlatform' loaded TargetPlatform 'Android_ETC1Client'
[2019.07.16-16.18.37:686][  0]LogTemp: Display: Module 'AndroidTargetPlatform' loaded TargetPlatform 'Android_ETC1aClient'
[2019.07.16-16.18.37:686][  0]LogTemp: Display: Module 'AndroidTargetPlatform' loaded TargetPlatform 'Android_ETC2Client'
[2019.07.16-16.18.37:686][  0]LogTemp: Display: Module 'AndroidTargetPlatform' loaded TargetPlatform 'Android_PVRTCClient'
[2019.07.16-16.18.37:686][  0]LogTemp: Display: Module 'AndroidTargetPlatform' loaded TargetPlatform 'Android_Multi'
[2019.07.16-16.18.37:686][  0]LogTemp: Display: Module 'AndroidTargetPlatform' loaded TargetPlatform 'Android_MultiClient'
[2019.07.16-16.18.37:688][  0]LogTemp: Display: Module 'HTML5TargetPlatform' loaded TargetPlatform 'HTML5'
[2019.07.16-16.18.37:749][  0]LogTemp: Display: Module 'IOSTargetPlatform' loaded TargetPlatform 'IOSClient'
[2019.07.16-16.18.37:749][  0]LogTemp: Display: Module 'IOSTargetPlatform' loaded TargetPlatform 'IOS'
[2019.07.16-16.18.37:769][  0]LogTemp: Display: Module 'TVOSTargetPlatform' loaded TargetPlatform 'TVOSClient'
[2019.07.16-16.18.37:769][  0]LogTemp: Display: Module 'TVOSTargetPlatform' loaded TargetPlatform 'TVOS'
[2019.07.16-16.18.37:780][  0]LogTemp: Display: Module 'LinuxClientTargetPlatform' loaded TargetPlatform 'LinuxClient'
[2019.07.16-16.18.37:790][  0]LogTemp: Display: Module 'LinuxNoEditorTargetPlatform' loaded TargetPlatform 'LinuxNoEditor'
[2019.07.16-16.18.37:801][  0]LogTemp: Display: Module 'LinuxServerTargetPlatform' loaded TargetPlatform 'LinuxServer'
[2019.07.16-16.18.37:811][  0]LogTemp: Display: Module 'LinuxTargetPlatform' loaded TargetPlatform 'Linux'
[2019.07.16-16.18.37:849][  0]LogTemp: Display: Module 'LuminTargetPlatform' loaded TargetPlatform 'Lumin'
[2019.07.16-16.18.37:849][  0]LogTemp: Display: Module 'LuminTargetPlatform' loaded TargetPlatform 'LuminClient'
[2019.07.16-16.18.37:849][  0]LogTargetPlatformManager: Display: Building Assets For Windows
[2019.07.16-16.18.37:857][  0]LogAudioDebug: Display: Lib vorbis DLL was dynamically loaded.
[2019.07.16-16.18.37:908][  0]LogShaderCompilers: Guid format shader working directory is -5 characters bigger than the processId version (D:/Unreal Projects/OnboardingProject/VGDC_Minigames/Intermediate/Shaders/WorkingDirectory/9108/).
[2019.07.16-16.18.37:908][  0]LogShaderCompilers: Cleaned the shader compiler working directory 'C:/Users/jojod/AppData/Local/Temp/UnrealShaderWorkingDir/D2B9E7C642669DF78EEB0DA00BCBCE68/'.
[2019.07.16-16.18.37:910][  0]LogXGEController: Cleaning working directory: C:/Users/jojod/AppData/Local/Temp/UnrealXGEWorkingDir/
[2019.07.16-16.18.37:910][  0]LogXGEController: Cannot use XGE Controller as Incredibuild is not installed on this machine.
[2019.07.16-16.18.37:910][  0]LogShaderCompilers: Cannot use XGE Shader Compiler as Incredibuild is not installed on this machine.
[2019.07.16-16.18.37:910][  0]LogShaderCompilers: Display: Using Local Shader Compiler.
[2019.07.16-16.18.38:378][  0]LogDerivedDataCache: Display: Max Cache Size: 512 MB
[2019.07.16-16.18.38:417][  0]LogDerivedDataCache: Loaded boot cache 0.04s 71MB C:/Users/jojod/AppData/Local/UnrealEngine/4.22/DerivedDataCache/Boot.ddc.
[2019.07.16-16.18.38:417][  0]LogDerivedDataCache: Display: Loaded Boot cache: C:/Users/jojod/AppData/Local/UnrealEngine/4.22/DerivedDataCache/Boot.ddc
[2019.07.16-16.18.38:417][  0]LogDerivedDataCache: FDerivedDataBackendGraph:  Pak pak cache file D:/Unreal Projects/OnboardingProject/VGDC_Minigames/DerivedDataCache/DDC.ddp not found, will not use a pak cache.
[2019.07.16-16.18.38:417][  0]LogDerivedDataCache: Unable to find inner node Pak for hierarchical cache Hierarchy.
[2019.07.16-16.18.38:417][  0]LogDerivedDataCache: FDerivedDataBackendGraph:  CompressedPak pak cache file D:/Unreal Projects/OnboardingProject/VGDC_Minigames/DerivedDataCache/Compressed.ddp not found, will not use a pak cache.
[2019.07.16-16.18.38:417][  0]LogDerivedDataCache: Unable to find inner node CompressedPak for hierarchical cache Hierarchy.
[2019.07.16-16.18.38:428][  0]LogDerivedDataCache: Display: Pak cache opened for reading ../../../Engine/DerivedDataCache/Compressed.ddp.
[2019.07.16-16.18.38:428][  0]LogDerivedDataCache: FDerivedDataBackendGraph:  EnterprisePak pak cache file ../../../Enterprise/DerivedDataCache/Compressed.ddp not found, will not use a pak cache.
[2019.07.16-16.18.38:428][  0]LogDerivedDataCache: Unable to find inner node EnterprisePak for hierarchical cache Hierarchy.
[2019.07.16-16.18.38:439][  0]LogDerivedDataCache: Using Local data cache path C:/Users/jojod/AppData/Local/UnrealEngine/Common/DerivedDataCache: Writable
[2019.07.16-16.18.38:439][  0]LogDerivedDataCache: Shared data cache path not found in *engine.ini, will not use an Shared cache.
[2019.07.16-16.18.38:439][  0]LogDerivedDataCache: Unable to find inner node Shared for hierarchical cache Hierarchy.
[2019.07.16-16.18.38:458][  0]LogMaterial: Verifying Global Shaders for PCD3D_SM5
[2019.07.16-16.18.38:459][  0]LogSlate: Using FreeType 2.6.0
[2019.07.16-16.18.38:459][  0]LogSlate: SlateFontServices - WITH_FREETYPE: 1, WITH_HARFBUZZ: 1
[2019.07.16-16.18.38:535][  0]LogAssetRegistry: FAssetRegistry took 0.0313 seconds to start up
[2019.07.16-16.18.38:814][  0]LogInit: Selected Device Profile: [Windows]
[2019.07.16-16.18.38:864][  0]LogMeshReduction: Using QuadricMeshReduction for automatic static mesh reduction
[2019.07.16-16.18.38:864][  0]LogMeshReduction: Using SimplygonMeshReduction for automatic skeletal mesh reduction
[2019.07.16-16.18.38:864][  0]LogMeshReduction: Using ProxyLODMeshReduction for automatic mesh merging
[2019.07.16-16.18.38:864][  0]LogMeshReduction: No distributed automatic mesh merging module available
[2019.07.16-16.18.38:864][  0]LogMeshMerging: No distributed automatic mesh merging module available
[2019.07.16-16.18.38:939][  0]LogNetVersion: VGDC_Minigames 1.0.0, NetCL: 5660361, EngineNetVer: 10, GameNetVer: 0 (Checksum: 3960777806)
[2019.07.16-16.18.39:274][  0]LogPackageLocalizationCache: Processed 9 localized package path(s) for 1 prioritized culture(s) in 0.025891 seconds
[2019.07.16-16.18.39:279][  0]LogUObjectArray: 41958 objects as part of root set at end of initial load.
[2019.07.16-16.18.39:279][  0]LogUObjectAllocator: 7284248 out of 0 bytes used by permanent object pool.
[2019.07.16-16.18.39:279][  0]LogUObjectArray: CloseDisregardForGC: 0/0 objects in disregard for GC pool
[2019.07.16-16.18.40:009][  0]LogTcpMessaging: Initializing TcpMessaging bridge
[2019.07.16-16.18.40:022][  0]LogUdpMessaging: Initializing bridge on interface 0.0.0.0:0 to multicast group 230.0.0.1:6666.
[2019.07.16-16.18.41:460][  0]SourceControl: Source control is disabled
[2019.07.16-16.18.41:461][  0]SourceControl: Source control is disabled
[2019.07.16-16.18.41:462][  0]SourceControl: Source control is disabled
[2019.07.16-16.18.41:463][  0]SourceControl: Source control is disabled
[2019.07.16-16.18.41:530][  0]LogAndroidPermission: UAndroidPermissionCallbackProxy::GetInstance
[2019.07.16-16.18.41:589][  0]LogOcInput: OculusInput pre-init called
[2019.07.16-16.18.42:204][  0]LogEngine: Initializing Engine...
[2019.07.16-16.18.42:205][  0]LogStats: UGameplayTagsManager::InitializeManager -  0.000 s
[2019.07.16-16.18.42:377][  0]LogInit: Initializing FReadOnlyCVARCache
[2019.07.16-16.18.42:388][  0]LogAIModule: Creating AISystem for world Untitled
[2019.07.16-16.18.42:397][  0]LogInit: XAudio2 using 'Speaker/Headphone (Realtek(R) Audio)' : 2 channels at 48 kHz using 32 bits per sample (channel mask 0x3)
[2019.07.16-16.18.42:515][  0]LogInit: FAudioDevice initialized.
[2019.07.16-16.18.42:515][  0]LogNetVersion: Set ProjectVersion to 1.0.0.0. Version Checksum will be recalculated on next use.
[2019.07.16-16.18.42:563][  0]LogDerivedDataCache: Saved boot cache 0.05s 71MB C:/Users/jojod/AppData/Local/UnrealEngine/4.22/DerivedDataCache/Boot.ddc.
[2019.07.16-16.18.42:563][  0]LogInit: Texture streaming: Enabled
[2019.07.16-16.18.42:582][  0]LogEngineSessionManager: EngineSessionManager initialized
[2019.07.16-16.18.42:582][  0]LogEngineSessionManager: EngineSessionManager sent abnormal shutdown report. Type=Crashed, SessionId={FE02057A-43FC-4640-6E78-099EFAE22767}
[2019.07.16-16.18.42:602][  0]LogInit: Transaction tracking system initialized
[2019.07.16-16.18.42:625][  0]BlueprintLog: New page: Editor Load
[2019.07.16-16.18.42:699][  0]LocalizationService: Localization service is disabled
[2019.07.16-16.18.42:958][  0]LogFileCache: Scanning file cache for directory 'D:/Unreal Projects/OnboardingProject/VGDC_Minigames/Content/' took 0.01s
[2019.07.16-16.18.42:958][  0]LogCook: Display: Max memory allowance for cook 16384mb min free memory 0mb
[2019.07.16-16.18.42:958][  0]LogCook: Display: Mobile HDR setting 1
[2019.07.16-16.18.43:130][  0]SourceControl: Source control is disabled
[2019.07.16-16.18.43:130][  0]Cmd: MAP LOAD FILE="D:/Unreal Projects/OnboardingProject/VGDC_Minigames/Content/StarterContent/Maps/Minimal_Default.umap" TEMPLATE=0 SHOWPROGRESS=1 FEATURELEVEL=3
[2019.07.16-16.18.43:130][  0]LightingResults: New page: Lighting Build
[2019.07.16-16.18.43:133][  0]MapCheck: New page: Map Check
[2019.07.16-16.18.43:133][  0]LightingResults: New page: Lighting Build
[2019.07.16-16.18.43:157][  0]LogUObjectHash: Compacting FUObjectHashTables data took   1.27ms
[2019.07.16-16.18.43:344][  0]LogAIModule: Creating AISystem for world Minimal_Default
[2019.07.16-16.18.43:347][  0]LogEditorServer: Finished looking for orphan Actors (0.000 secs)
[2019.07.16-16.18.43:373][  0]LogUObjectHash: Compacting FUObjectHashTables data took   1.75ms
[2019.07.16-16.18.43:374][  0]Cmd: MAP CHECKDEP NOCLEARLOG
[2019.07.16-16.18.43:374][  0]MapCheck: Map check complete: 0 Error(s), 0 Warning(s), took 0.082ms to complete.
[2019.07.16-16.18.43:374][  0]LogFileHelpers: Loading map 'Minimal_Default' took 0.244
[2019.07.16-16.18.43:464][  0]LogSlate: Updating window title bar state: overlay mode, drag disabled, window buttons hidden, title bar hidden
[2019.07.16-16.18.43:470][  0]LogSlate: Updating window title bar state: overlay mode, drag disabled, window buttons hidden, title bar hidden
[2019.07.16-16.18.43:476][  0]LogSlate: Updating window title bar state: overlay mode, drag disabled, window buttons hidden, title bar hidden
[2019.07.16-16.18.43:482][  0]LogSlate: Updating window title bar state: overlay mode, drag disabled, window buttons hidden, title bar hidden
[2019.07.16-16.18.43:492][  0]LogCollectionManager: Loaded 0 collections in 0.001578 seconds
[2019.07.16-16.18.43:531][  0]LogFileCache: Scanning file cache for directory 'D:/Unreal Projects/OnboardingProject/VGDC_Minigames/Saved/Collections/' took 0.01s
[2019.07.16-16.18.43:531][  0]LogFileCache: Scanning file cache for directory 'D:/Unreal Projects/OnboardingProject/VGDC_Minigames/Content/Developers/jojod/Collections/' took 0.01s
[2019.07.16-16.18.43:531][  0]LogFileCache: Scanning file cache for directory 'D:/Unreal Projects/OnboardingProject/VGDC_Minigames/Content/Collections/' took 0.01s
[2019.07.16-16.18.43:531][  0]LogCollectionManager: Rebuilt the GUID cache for 0 collections in 0.000000 seconds
[2019.07.16-16.18.43:539][  0]LogContentBrowser: Native class hierarchy populated in 0.0075 seconds. Added 2730 classes and 657 folders.
[2019.07.16-16.18.43:545][  0]LogContentBrowser: Native class hierarchy updated for 'WidgetCarousel' in 0.0005 seconds. Added 0 classes and 0 folders.
[2019.07.16-16.18.43:547][  0]LogPakFile: Registered encryption key '00000000000000000000000000000000': 0 pak files mounted, 0 remain pending
[2019.07.16-16.18.43:547][  0]LogPakFile: Registered encryption key '00000000000000000000000000000000': 0 pak files mounted, 0 remain pending
[2019.07.16-16.18.43:548][  0]LogPakFile: Registered encryption key '00000000000000000000000000000000': 0 pak files mounted, 0 remain pending
[2019.07.16-16.18.43:548][  0]LogPakFile: Registered encryption key '00000000000000000000000000000000': 0 pak files mounted, 0 remain pending
[2019.07.16-16.18.43:549][  0]LogPakFile: Registered encryption key '00000000000000000000000000000000': 0 pak files mounted, 0 remain pending
[2019.07.16-16.18.43:549][  0]LogPakFile: Registered encryption key '00000000000000000000000000000000': 0 pak files mounted, 0 remain pending
[2019.07.16-16.18.43:550][  0]LogPakFile: Registered encryption key '00000000000000000000000000000000': 0 pak files mounted, 0 remain pending
[2019.07.16-16.18.43:550][  0]LogPakFile: Registered encryption key '00000000000000000000000000000000': 0 pak files mounted, 0 remain pending
[2019.07.16-16.18.43:551][  0]LogPakFile: Registered encryption key '00000000000000000000000000000000': 0 pak files mounted, 0 remain pending
[2019.07.16-16.18.43:551][  0]LogPakFile: Registered encryption key '00000000000000000000000000000000': 0 pak files mounted, 0 remain pending
[2019.07.16-16.18.43:552][  0]LogPakFile: Registered encryption key '00000000000000000000000000000000': 0 pak files mounted, 0 remain pending
[2019.07.16-16.18.43:553][  0]LogPakFile: Registered encryption key '00000000000000000000000000000000': 0 pak files mounted, 0 remain pending
[2019.07.16-16.18.43:553][  0]LogPakFile: Registered encryption key '00000000000000000000000000000000': 0 pak files mounted, 0 remain pending
[2019.07.16-16.18.43:554][  0]LogPakFile: Registered encryption key '00000000000000000000000000000000': 0 pak files mounted, 0 remain pending
[2019.07.16-16.18.43:554][  0]LogPakFile: Registered encryption key '00000000000000000000000000000000': 0 pak files mounted, 0 remain pending
[2019.07.16-16.18.43:555][  0]LogPakFile: Registered encryption key '00000000000000000000000000000000': 0 pak files mounted, 0 remain pending
[2019.07.16-16.18.43:555][  0]LogPakFile: Registered encryption key '00000000000000000000000000000000': 0 pak files mounted, 0 remain pending
[2019.07.16-16.18.43:556][  0]LogPakFile: Registered encryption key '00000000000000000000000000000000': 0 pak files mounted, 0 remain pending
[2019.07.16-16.18.43:556][  0]LogPakFile: Registered encryption key '00000000000000000000000000000000': 0 pak files mounted, 0 remain pending
[2019.07.16-16.18.43:557][  0]LogPakFile: Registered encryption key '00000000000000000000000000000000': 0 pak files mounted, 0 remain pending
[2019.07.16-16.18.43:557][  0]LogPakFile: Registered encryption key '00000000000000000000000000000000': 0 pak files mounted, 0 remain pending
[2019.07.16-16.18.43:558][  0]LogPakFile: Registered encryption key '00000000000000000000000000000000': 0 pak files mounted, 0 remain pending
[2019.07.16-16.18.43:558][  0]LogPakFile: Registered encryption key '00000000000000000000000000000000': 0 pak files mounted, 0 remain pending
[2019.07.16-16.18.43:559][  0]LogPakFile: Registered encryption key '00000000000000000000000000000000': 0 pak files mounted, 0 remain pending
[2019.07.16-16.18.43:559][  0]LogPakFile: Registered encryption key '00000000000000000000000000000000': 0 pak files mounted, 0 remain pending
[2019.07.16-16.18.43:560][  0]LogPakFile: Registered encryption key '00000000000000000000000000000000': 0 pak files mounted, 0 remain pending
[2019.07.16-16.18.43:592][  0]LogContentBrowser: Native class hierarchy updated for 'AddContentDialog' in 0.0005 seconds. Added 0 classes and 0 folders.
[2019.07.16-16.18.43:598][  0]LogContentBrowser: Native class hierarchy updated for 'SceneOutliner' in 0.0005 seconds. Added 1 classes and 2 folders.
[2019.07.16-16.18.43:608][  0]LogSlate: Took 0.000116 seconds to synchronously load lazily loaded font '../../../Engine/Content/Slate/Fonts/Roboto-Regular.ttf' (155K)
[2019.07.16-16.18.43:612][  0]LogSlate: Took 0.000175 seconds to synchronously load lazily loaded font '../../../Engine/Content/Slate/Fonts/Roboto-Bold.ttf' (160K)
[2019.07.16-16.18.43:614][  0]LogSlate: Took 0.000134 seconds to synchronously load lazily loaded font '../../../Engine/Content/Editor/Slate/Fonts/FontAwesome.ttf' (139K)
[2019.07.16-16.18.43:658][  0]LogRenderer: Reallocating scene render targets to support 1132x516 Format 10 NumSamples 1 (Frame:1).
[2019.07.16-16.18.43:765][  0]LogContentBrowser: Native class hierarchy updated for 'HierarchicalLODOutliner' in 0.0005 seconds. Added 0 classes and 0 folders.
[2019.07.16-16.18.43:765][  0]LogLoad: (Engine Initialization) Total time: 9.43 seconds
[2019.07.16-16.18.43:765][  0]LogLoad: (Engine Initialization) Total Blueprint compile time: 0.00 seconds
[2019.07.16-16.18.43:806][  0]LogAssetRegistry: Asset discovery search completed in 5.2929 seconds
[2019.07.16-16.18.43:808][  0]LogCollectionManager: Rebuilt the object cache for 0 collections in 0.000001 seconds (found 0 objects)
[2019.07.16-16.18.43:808][  0]LogCollectionManager: Fixed up redirectors for 0 collections in 0.000043 seconds (updated 0 objects)
[2019.07.16-16.18.43:809][  0]LogContentStreaming: Texture pool size now 1000 MB
[2019.07.16-16.18.43:823][  0]LogSlate: Took 0.000155 seconds to synchronously load lazily loaded font '../../../Engine/Content/Slate/Fonts/Roboto-Light.ttf' (167K)
[2019.07.16-16.19.50:131][236]LogSlate: FSceneViewport::OnFocusLost() reason 0
[2019.07.16-16.20.50:039][688]Candidate modules for hot reload:
[2019.07.16-16.20.50:039][688]  VGDC_Minigames
[2019.07.16-16.20.50:039][688]Launching UnrealBuildTool... [C:/Program Files/Epic Games/UE_4.22/Engine/Binaries/DotNET/UnrealBuildTool.exe  -ModuleWithSuffix=VGDC_Minigames,1614 Win64 Development -TargetType=Editor -Project="D:/Unreal Projects/OnboardingProject/VGDC_Minigames/VGDC_Minigames.uproject" "D:/Unreal Projects/OnboardingProject/VGDC_Minigames/VGDC_Minigames.uproject"  -IgnoreJunk]
[2019.07.16-16.20.50:040][688]Warning: Starting HotReload took  0.0s.
[2019.07.16-16.21.01:484][373]LogSlate: Took 0.000107 seconds to synchronously load lazily loaded font '../../../Engine/Content/Slate/Fonts/DroidSansMono.ttf' (77K)
[2019.07.16-16.21.02:376][426]CompilerResultsLog: New page: Compilation - Jul 16, 2019, 8:21:02 AM
[2019.07.16-16.21.02:376][426]CompilerResultsLog: Using 'git status' to determine working set for adaptive non-unity build (D:\Unreal Projects\OnboardingProject).
[2019.07.16-16.21.02:377][426]CompilerResultsLog: Creating makefile for VGDC_MinigamesEditor (ini files are newer than makefile)
[2019.07.16-16.21.02:377][426]CompilerResultsLog: Parsing headers for VGDC_MinigamesEditor
[2019.07.16-16.21.02:377][426]CompilerResultsLog:   Running UnrealHeaderTool "D:\Unreal Projects\OnboardingProject\VGDC_Minigames\VGDC_Minigames.uproject" "D:\Unreal Projects\OnboardingProject\VGDC_Minigames\Intermediate\Build\Win64\VGDC_MinigamesEditor\Development\VGDC_MinigamesEditor.uhtmanifest" -LogCmds="loginit warning, logexit warning, logdatabase error" -Unattended -WarningsAsErrors -installed
[2019.07.16-16.21.02:377][426]CompilerResultsLog: Reflection code generated for VGDC_MinigamesEditor in 5.4722251 seconds
[2019.07.16-16.21.02:377][426]CompilerResultsLog: Using Visual Studio 2017 14.16.27023 toolchain (C:\Program Files (x86)\Microsoft Visual Studio\2017\Community\VC\Tools\MSVC\14.16.27023) and Windows 10.0.17763.0 SDK (C:\Program Files (x86)\Windows Kits\10).
[2019.07.16-16.21.02:377][426]CompilerResultsLog: Building 4 actions with 12 processes...
[2019.07.16-16.21.02:378][426]CompilerResultsLog:   [1/4] SortGames.cpp
[2019.07.16-16.21.02:378][426]CompilerResultsLog:   [2/4] UE4Editor-VGDC_Minigames-1614.lib
[2019.07.16-16.21.02:378][426]CompilerResultsLog:      Creating library D:\Unreal Projects\OnboardingProject\VGDC_Minigames\Intermediate\Build\Win64\UE4Editor\Development\VGDC_Minigames\UE4Editor-VGDC_Minigames-1614.lib and object D:\Unreal Projects\OnboardingProject\VGDC_Minigames\Intermediate\Build\Win64\UE4Editor\Development\VGDC_Minigames\UE4Editor-VGDC_Minigames-1614.exp
[2019.07.16-16.21.02:378][426]CompilerResultsLog:   [3/4] UE4Editor-VGDC_Minigames-1614.dll
[2019.07.16-16.21.02:378][426]CompilerResultsLog:      Creating library D:\Unreal Projects\OnboardingProject\VGDC_Minigames\Intermediate\Build\Win64\UE4Editor\Development\VGDC_Minigames\UE4Editor-VGDC_Minigames-1614.suppressed.lib and object D:\Unreal Projects\OnboardingProject\VGDC_Minigames\Intermediate\Build\Win64\UE4Editor\Development\VGDC_Minigames\UE4Editor-VGDC_Minigames-1614.suppressed.exp
[2019.07.16-16.21.02:378][426]CompilerResultsLog:   [4/4] VGDC_MinigamesEditor.target
[2019.07.16-16.21.02:378][426]CompilerResultsLog: Total time in Parallel executor: 5.11 seconds
[2019.07.16-16.21.02:379][426]CompilerResultsLog: Total execution time: 12.26 seconds
[2019.07.16-16.21.02:379][426]LogMainFrame: MainFrame: Module compiling took 12.343 seconds
[2019.07.16-16.21.02:403][426]LogUObjectHash: Compacting FUObjectHashTables data took   0.61ms
[2019.07.16-16.21.03:569][426]LogContentBrowser: Native class hierarchy updated for 'VGDC_Minigames' in 0.0005 seconds. Added 1 classes and 3 folders.
[2019.07.16-16.21.03:571][426]Display: HotReload successful (0 functions remapped  0 scriptstructs remapped)
[2019.07.16-16.21.03:726][426]LogUObjectHash: Compacting FUObjectHashTables data took   0.93ms
[2019.07.16-16.21.03:733][426]LogContentBrowser: Native class hierarchy populated in 0.0072 seconds. Added 2731 classes and 659 folders.
[2019.07.16-16.21.03:737][426]Display: HotReload took 13.7s.
[2019.07.16-16.21.14:883][847]LogTemp: Repeating last play command: New Editor Window (PIE)
[2019.07.16-16.21.14:894][847]LogBlueprintUserMessages: Early PlayInEditor Detection: Level '/Game/StarterContent/Maps/Minimal_Default.Minimal_Default:PersistentLevel' has LevelScriptBlueprint '/Game/StarterContent/Maps/Minimal_Default.Minimal_Default:PersistentLevel.Minimal_Default' with GeneratedClass '/Game/StarterContent/Maps/Minimal_Default.Minimal_Default_C' with ClassGeneratedBy '/Game/StarterContent/Maps/Minimal_Default.Minimal_Default:PersistentLevel.Minimal_Default'
[2019.07.16-16.21.14:894][847]LogPlayLevel: PlayLevel: No blueprints needed recompiling
[2019.07.16-16.21.14:894][847]PIE: New page: PIE session: Minimal_Default (Jul 16, 2019, 8:21:14 AM)
[2019.07.16-16.21.14:907][847]LogPlayLevel: Creating play world package: /Game/StarterContent/Maps/UEDPIE_0_Minimal_Default
[2019.07.16-16.21.14:910][847]LogPlayLevel: PIE: StaticDuplicateObject took: (0.002419s)
[2019.07.16-16.21.14:910][847]LogAIModule: Creating AISystem for world Minimal_Default
[2019.07.16-16.21.14:910][847]LogPlayLevel: PIE: World Init took: (0.000452s)
[2019.07.16-16.21.14:910][847]LogPlayLevel: PIE: Created PIE world by copying editor world from /Game/StarterContent/Maps/Minimal_Default.Minimal_Default to /Game/StarterContent/Maps/UEDPIE_0_Minimal_Default.Minimal_Default (0.003326s)
[2019.07.16-16.21.14:933][847]LogUObjectHash: Compacting FUObjectHashTables data took   0.87ms
[2019.07.16-16.21.14:940][847]LogInit: XAudio2 using 'Speaker/Headphone (Realtek(R) Audio)' : 2 channels at 48 kHz using 32 bits per sample (channel mask 0x3)
[2019.07.16-16.21.14:966][847]LogInit: FAudioDevice initialized.
[2019.07.16-16.21.14:973][847]LogSlate: Updating window title bar state: overlay mode, drag disabled, window buttons hidden, title bar hidden
[2019.07.16-16.21.15:012][847]LogLoad: Game class is 'GameModeBase'
[2019.07.16-16.21.15:014][847]LogWorld: Bringing World /Game/StarterContent/Maps/UEDPIE_0_Minimal_Default.Minimal_Default up for play (max tick rate 60) at 2019.07.16-12.21.15
[2019.07.16-16.21.15:014][847]LogWorld: Bringing up level for play took: 0.001094
[2019.07.16-16.21.15:053][847]LogContentBrowser: Native class hierarchy updated for 'MovieSceneCapture' in 0.0007 seconds. Added 20 classes and 0 folders.
[2019.07.16-16.21.15:054][847]LogOutputDevice: Warning: 

Script Stack (0 frames):

[2019.07.16-16.21.15:054][847]LogWindows: Windows GetLastError: The operation completed successfully. (0)
[2019.07.16-16.21.15:998][847]LogWindows: Error: === Critical error: ===
[2019.07.16-16.21.15:998][847]LogWindows: Error: 
[2019.07.16-16.21.15:998][847]LogWindows: Error: Assertion failed: (Index >= 0) & (Index < ArrayNum) [File:C:\Program Files\Epic Games\UE_4.22\Engine\Source\Runtime\Core\Public\Containers/Array.h] [Line: 611] 
[2019.07.16-16.21.15:998][847]LogWindows: Error: Array index out of bounds: 0 from an array of size 0
[2019.07.16-16.21.15:998][847]LogWindows: Error: 
[2019.07.16-16.21.15:998][847]LogWindows: Error: 
[2019.07.16-16.21.15:998][847]LogWindows: Error: [Callstack] 0x00007ffbca4aa839 KERNELBASE.dll!UnknownFunction []
[2019.07.16-16.21.15:998][847]LogWindows: Error: [Callstack] 0x00007ffb6dca1f07 UE4Editor-Core.dll!UnknownFunction []
[2019.07.16-16.21.15:998][847]LogWindows: Error: [Callstack] 0x00007ffb6dca46b7 UE4Editor-Core.dll!UnknownFunction []
[2019.07.16-16.21.15:998][847]LogWindows: Error: [Callstack] 0x00007ffb6dab7cea UE4Editor-Core.dll!UnknownFunction []
[2019.07.16-16.21.15:998][847]LogWindows: Error: [Callstack] 0x00007ffb6da3fe07 UE4Editor-Core.dll!UnknownFunction []
[2019.07.16-16.21.15:998][847]LogWindows: Error: [Callstack] 0x00007ffb6da40499 UE4Editor-Core.dll!UnknownFunction []
[2019.07.16-16.21.15:998][847]LogWindows: Error: [Callstack] 0x00007ffbbb2e6068 UE4Editor-VGDC_Minigames-1614.dll!DispatchCheckVerify<void,<lambda_623839d1b0feb665ddd2316fbabd4b54> >() [c:\program files\epic games\ue_4.22\engine\source\runtime\core\public\misc\assertionmacros.h:162]
[2019.07.16-16.21.15:998][847]LogWindows: Error: [Callstack] 0x00007ffbbb2e29a6 UE4Editor-VGDC_Minigames-1614.dll!ASortGames::sortList() [d:\unreal projects\onboardingproject\vgdc_minigames\source\vgdc_minigames\private\sortgames.cpp:71]
[2019.07.16-16.21.15:998][847]LogWindows: Error: [Callstack] 0x00007ffbbb2e23c5 UE4Editor-VGDC_Minigames-1614.dll!ASortGames::BeginPlay() [d:\unreal projects\onboardingproject\vgdc_minigames\source\vgdc_minigames\private\sortgames.cpp:30]
[2019.07.16-16.21.15:998][847]LogWindows: Error: [Callstack] 0x00007ffb61361af6 UE4Editor-Engine.dll!UnknownFunction []
[2019.07.16-16.21.15:998][847]LogWindows: Error: [Callstack] 0x00007ffb6247cb29 UE4Editor-Engine.dll!UnknownFunction []
[2019.07.16-16.21.15:998][847]LogWindows: Error: [Callstack] 0x00007ffb619e28f1 UE4Editor-Engine.dll!UnknownFunction []
[2019.07.16-16.21.15:998][847]LogWindows: Error: [Callstack] 0x00007ffb6243743e UE4Editor-Engine.dll!UnknownFunction []
[2019.07.16-16.21.15:999][847]LogWindows: Error: [Callstack] 0x00007ffb619a998f UE4Editor-Engine.dll!UnknownFunction []
[2019.07.16-16.21.15:999][847]LogWindows: Error: [Callstack] 0x00007ffb603dbdd4 UE4Editor-UnrealEd.dll!UnknownFunction []
[2019.07.16-16.21.15:999][847]LogWindows: Error: [Callstack] 0x00007ffb603fafd4 UE4Editor-UnrealEd.dll!UnknownFunction []
[2019.07.16-16.21.15:999][847]LogWindows: Error: [Callstack] 0x00007ffb6041312f UE4Editor-UnrealEd.dll!UnknownFunction []
[2019.07.16-16.21.15:999][847]LogWindows: Error: [Callstack] 0x00007ffb5feefc4a UE4Editor-UnrealEd.dll!UnknownFunction []
[2019.07.16-16.21.15:999][847]LogWindows: Error: [Callstack] 0x00007ffb6070cce6 UE4Editor-UnrealEd.dll!UnknownFunction []
[2019.07.16-16.21.15:999][847]LogWindows: Error: [Callstack] 0x00007ff795786bb1 UE4Editor.exe!UnknownFunction []
[2019.07.16-16.21.15:999][847]LogWindows: Error: [Callstack] 0x00007ff79579554c UE4Editor.exe!UnknownFunction []
[2019.07.16-16.21.15:999][847]LogWindows: Error: [Callstack] 0x00007ff7957955ca UE4Editor.exe!UnknownFunction []
[2019.07.16-16.21.15:999][847]LogWindows: Error: [Callstack] 0x00007ff7957a316c UE4Editor.exe!UnknownFunction []
[2019.07.16-16.21.15:999][847]LogWindows: Error: [Callstack] 0x00007ff7957a5b8e UE4Editor.exe!UnknownFunction []
[2019.07.16-16.21.15:999][847]LogWindows: Error: [Callstack] 0x00007ffbcacc7bd4 KERNEL32.DLL!UnknownFunction []
[2019.07.16-16.21.15:999][847]LogWindows: Error: [Callstack] 0x00007ffbccaace71 ntdll.dll!UnknownFunction []
[2019.07.16-16.21.15:999][847]LogWindows: Error: 
[2019.07.16-16.21.16:027][847]LogExit: Executing StaticShutdownAfterError
[2019.07.16-16.21.16:028][847]LogWindows: FPlatformMisc::RequestExit(1)
[2019.07.16-16.21.16:045][847]Log file closed, 07/16/19 12:21:16
