Log file open, 07/12/19 14:16:35
LogWindows: Failed to load 'aqProf.dll' (GetLastError=126)
LogWindows: File 'aqProf.dll' does not exist
LogWindows: Failed to load 'VtuneApi.dll' (GetLastError=126)
LogWindows: File 'VtuneApi.dll' does not exist
LogWindows: Failed to load 'VtuneApi32e.dll' (GetLastError=126)
LogWindows: File 'VtuneApi32e.dll' does not exist
LogConsoleResponse: Display: Failed to find resolution value strings in scalability ini. Falling back to default.
LogInit: Display: Running engine for game: VGDC_Minigames
LogPakFile: Registered encryption key '00000000000000000000000000000000': 0 pak files mounted, 0 remain pending
LogPlatformFile: Not using cached read wrapper
LogTaskGraph: Started task graph with 5 named threads and 35 total threads with 3 sets of task threads.
LogStats: Stats thread started at 0.481795
LogD3D11RHI: Loaded GFSDK_Aftermath_Lib.x64.dll
LogICUInternationalization: ICU TimeZone Detection - Raw Offset: -5:00, Platform Override: ''
LogPluginManager: Mounting plugin Paper2D
LogPluginManager: Mounting plugin AISupport
LogPluginManager: Mounting plugin LightPropagationVolume
LogPluginManager: Mounting plugin ActorLayerUtilities
LogPluginManager: Mounting plugin AnimationSharing
LogPluginManager: Mounting plugin CLionSourceCodeAccess
LogPluginManager: Mounting plugin CodeLiteSourceCodeAccess
LogPluginManager: Mounting plugin GitSourceControl
LogPluginManager: Mounting plugin KDevelopSourceCodeAccess
LogPluginManager: Mounting plugin NullSourceCodeAccess
LogPluginManager: Mounting plugin PerforceSourceControl
LogPluginManager: Mounting plugin SubversionSourceControl
LogPluginManager: Mounting plugin UObjectPlugin
LogPluginManager: Mounting plugin VisualStudioCodeSourceCodeAccess
LogPluginManager: Mounting plugin VisualStudioSourceCodeAccess
LogPluginManager: Mounting plugin XCodeSourceCodeAccess
LogPluginManager: Mounting plugin AssetManagerEditor
LogPluginManager: Mounting plugin CryptoKeys
LogPluginManager: Mounting plugin DataValidation
LogPluginManager: Mounting plugin FacialAnimation
LogPluginManager: Mounting plugin GameplayTagsEditor
LogPluginManager: Mounting plugin MacGraphicsSwitching
LogPluginManager: Mounting plugin MaterialAnalyzer
LogPluginManager: Mounting plugin MobileLauncherProfileWizard
LogPluginManager: Mounting plugin PluginBrowser
LogPluginManager: Mounting plugin SpeedTreeImporter
LogPluginManager: Mounting plugin DatasmithContent
LogPluginManager: Mounting plugin VariantManagerContent
LogPluginManager: Mounting plugin AlembicImporter
LogPluginManager: Mounting plugin AppleImageUtils
LogPluginManager: Mounting plugin AppleVision
LogPluginManager: Mounting plugin BackChannel
LogPluginManager: Mounting plugin CharacterAI
LogPluginManager: Mounting plugin GeometryCache
LogPluginManager: Mounting plugin HTML5Networking
LogPluginManager: Mounting plugin ProxyLODPlugin
LogPluginManager: Mounting plugin SkeletalReduction
LogPluginManager: Mounting plugin MagicLeap
LogPluginManager: Mounting plugin MagicLeapMedia
LogPluginManager: Mounting plugin AndroidMedia
LogPluginManager: Mounting plugin AvfMedia
LogPluginManager: Mounting plugin ImgMedia
LogPluginManager: Mounting plugin LinearTimecode
LogPluginManager: Mounting plugin MediaCompositing
LogPluginManager: Mounting plugin MediaPlayerEditor
LogPluginManager: Mounting plugin WebMMedia
LogPluginManager: Mounting plugin WmfMedia
LogPluginManager: Mounting plugin TcpMessaging
LogPluginManager: Mounting plugin UdpMessaging
LogPluginManager: Mounting plugin ActorSequence
LogPluginManager: Mounting plugin LevelSequenceEditor
LogPluginManager: Mounting plugin MatineeToLevelSequence
LogPluginManager: Mounting plugin NetcodeUnitTest
LogPluginManager: Mounting plugin NUTUnrealEngine4
LogPluginManager: Mounting plugin OnlineSubsystemGooglePlay
LogPluginManager: Mounting plugin OnlineSubsystemIOS
LogPluginManager: Mounting plugin OnlineSubsystem
LogPluginManager: Mounting plugin OnlineSubsystemNull
LogPluginManager: Mounting plugin OnlineSubsystemUtils
LogPluginManager: Mounting plugin LauncherChunkInstaller
LogPluginManager: Mounting plugin AndroidDeviceProfileSelector
LogPluginManager: Mounting plugin AndroidMoviePlayer
LogPluginManager: Mounting plugin AndroidPermission
LogPluginManager: Mounting plugin AppleMoviePlayer
LogPluginManager: Mounting plugin ArchVisCharacter
LogPluginManager: Mounting plugin AudioCapture
LogPluginManager: Mounting plugin CableComponent
LogPluginManager: Mounting plugin CustomMeshComponent
LogPluginManager: Mounting plugin EditableMesh
LogPluginManager: Mounting plugin ExampleDeviceProfileSelector
LogPluginManager: Mounting plugin Firebase
LogPluginManager: Mounting plugin GoogleCloudMessaging
LogPluginManager: Mounting plugin IOSDeviceProfileSelector
LogPluginManager: Mounting plugin LinuxDeviceProfileSelector
LogPluginManager: Mounting plugin LocationServicesBPLibrary
LogPluginManager: Mounting plugin MobilePatchingUtils
LogPluginManager: Mounting plugin OculusVR
LogPluginManager: Mounting plugin PhysXVehicles
LogPluginManager: Mounting plugin ProceduralMeshComponent
LogPluginManager: Mounting plugin RuntimePhysXCooking
LogPluginManager: Mounting plugin SignificanceManager
LogPluginManager: Mounting plugin WebMMoviePlayer
LogPluginManager: Mounting plugin WindowsMoviePlayer
LogInit: Using libcurl 7.55.1-DEV
LogInit:  - built for x86_64-pc-win32
LogInit:  - supports SSL with OpenSSL/1.1.1
LogInit:  - supports HTTP deflate (compression) using libz 1.2.8
LogInit:  - other features:
LogInit:      CURL_VERSION_SSL
LogInit:      CURL_VERSION_LIBZ
LogInit:      CURL_VERSION_IPV6
LogInit:      CURL_VERSION_ASYNCHDNS
LogInit:      CURL_VERSION_LARGEFILE
LogInit:      CURL_VERSION_IDN
LogInit:  CurlRequestOptions (configurable via config and command line):
LogInit:  - bVerifyPeer = true  - Libcurl will verify peer certificate
LogInit:  - bUseHttpProxy = false  - Libcurl will NOT use HTTP proxy
LogInit:  - bDontReuseConnections = false  - Libcurl will reuse connections
LogInit:  - MaxHostConnections = 16  - Libcurl will limit the number of connections to a host
LogInit:  - LocalHostAddr = Default
LogInit:  - BufferSize = 65536
LogInit: WinSock: version 1.1 (2.2), MaxSocks=32767, MaxUdp=65467
LogInit: Build: ++UE4+Release-4.22-CL-6574378
LogInit: Engine Version: 4.22.2-6574378+++UE4+Release-4.22
LogInit: Compatible Engine Version: 4.22.0-5660361+++UE4+Release-4.22
LogInit: Net CL: 5660361
LogInit: OS: Windows 10 (Release 1903) (), CPU: Intel(R) Core(TM) i7-8750H CPU @ 2.20GHz, GPU: NVIDIA GeForce GTX 1070 with Max-Q Design
LogInit: Compiled (64-bit): May 20 2019 09:54:56
LogInit: Compiled with Visual C++: 19.16.27025.01
LogInit: Build Configuration: Development
LogInit: Branch Name: ++UE4+Release-4.22
LogInit: Command Line: 
LogInit: Base Directory: C:/Program Files/Epic Games/UE_4.22/Engine/Binaries/Win64/
LogInit: Installed Engine Build: 1
LogDevObjectVersion: Number of dev versions registered: 23
LogDevObjectVersion:   Dev-Blueprints (B0D832E4-1F89-4F0D-ACCF-7EB736FD4AA2): 10
LogDevObjectVersion:   Dev-Build (E1C64328-A22C-4D53-A36C-8E866417BD8C): 0
LogDevObjectVersion:   Dev-Core (375EC13C-06E4-48FB-B500-84F0262A717E): 3
LogDevObjectVersion:   Dev-Editor (E4B068ED-F494-42E9-A231-DA0B2E46BB41): 30
LogDevObjectVersion:   Dev-Framework (CFFC743F-43B0-4480-9391-14DF171D2073): 35
LogDevObjectVersion:   Dev-Mobile (B02B49B5-BB20-44E9-A304-32B752E40360): 2
LogDevObjectVersion:   Dev-Networking (A4E4105C-59A1-49B5-A7C5-40C4547EDFEE): 0
LogDevObjectVersion:   Dev-Online (39C831C9-5AE6-47DC-9A44-9C173E1C8E7C): 0
LogDevObjectVersion:   Dev-Physics (78F01B33-EBEA-4F98-B9B4-84EACCB95AA2): 0
LogDevObjectVersion:   Dev-Platform (6631380F-2D4D-43E0-8009-CF276956A95A): 0
LogDevObjectVersion:   Dev-Rendering (12F88B9F-8875-4AFC-A67C-D90C383ABD29): 28
LogDevObjectVersion:   Dev-Sequencer (7B5AE74C-D270-4C10-A958-57980B212A5A): 11
LogDevObjectVersion:   Dev-VR (D7296918-1DD6-4BDD-9DE2-64A83CC13884): 2
LogDevObjectVersion:   Dev-LoadTimes (C2A15278-BFE7-4AFE-6C17-90FF531DF755): 1
LogDevObjectVersion:   Private-Geometry (6EACA3D4-40EC-4CC1-B786-8BED09428FC5): 3
LogDevObjectVersion:   Dev-AnimPhys (29E575DD-E0A3-4627-9D10-D276232CDCEA): 17
LogDevObjectVersion:   Dev-Anim (AF43A65D-7FD3-4947-9873-3E8ED9C1BB05): 2
LogDevObjectVersion:   Dev-ReflectionCapture (6B266CEC-1EC7-4B8F-A30B-E4D90942FC07): 1
LogDevObjectVersion:   Dev-Automation (0DF73D61-A23F-47EA-B727-89E90C41499A): 1
LogDevObjectVersion:   FortniteMain (601D1886-AC64-4F84-AA16-D3DE0DEAC7D6): 25
LogDevObjectVersion:   Dev-Enterprise (9DFFBCD6-494F-0158-E221-12823C92A888): 6
LogDevObjectVersion:   Dev-Niagara (F2AED0AC-9AFE-416F-8664-AA7FFA26D6FC): 1
LogDevObjectVersion:   Dev-Destruction (174F1F0B-B4C6-45A5-B13F-2EE8D0FB917D): 2
LogInit: Presizing for max 16777216 objects, including 0 objects not considered by GC, pre-allocating 0 bytes for permanent pool.
LogInit: Object subsystem initialized
LogConfig: Setting CVar [[con.DebugEarlyDefault:1]]
LogConfig: Setting CVar [[r.setres:1280x720]]
[2019.07.12-18.16.36:129][  0]LogConfig: Setting CVar [[r.VSync:0]]
[2019.07.12-18.16.36:129][  0]LogConfig: Setting CVar [[r.RHICmdBypass:0]]
[2019.07.12-18.16.36:129][  0]LogConfig: Applying CVar settings from Section [/Script/Engine.RendererSettings] File [D:/Unreal Projects/OnboardingProject/VGDC_Minigames/Saved/Config/Windows/Engine.ini]
[2019.07.12-18.16.36:129][  0]LogConfig: Setting CVar [[r.GPUCrashDebugging:0]]
[2019.07.12-18.16.36:129][  0]LogConfig: Setting CVar [[r.DefaultFeature.AutoExposure.ExtendDefaultLuminanceRange:1]]
[2019.07.12-18.16.36:129][  0]LogConfig: Applying CVar settings from Section [/Script/Engine.RendererOverrideSettings] File [D:/Unreal Projects/OnboardingProject/VGDC_Minigames/Saved/Config/Windows/Engine.ini]
[2019.07.12-18.16.36:129][  0]LogConfig: Applying CVar settings from Section [/Script/Engine.StreamingSettings] File [D:/Unreal Projects/OnboardingProject/VGDC_Minigames/Saved/Config/Windows/Engine.ini]
[2019.07.12-18.16.36:129][  0]LogConfig: Setting CVar [[s.MinBulkDataSizeForAsyncLoading:131072]]
[2019.07.12-18.16.36:129][  0]LogConfig: Setting CVar [[s.AsyncLoadingThreadEnabled:0]]
[2019.07.12-18.16.36:129][  0]LogConfig: Setting CVar [[s.EventDrivenLoaderEnabled:1]]
[2019.07.12-18.16.36:129][  0]LogConfig: Setting CVar [[s.WarnIfTimeLimitExceeded:0]]
[2019.07.12-18.16.36:129][  0]LogConfig: Setting CVar [[s.TimeLimitExceededMultiplier:1.5]]
[2019.07.12-18.16.36:129][  0]LogConfig: Setting CVar [[s.TimeLimitExceededMinTime:0.005]]
[2019.07.12-18.16.36:129][  0]LogConfig: Setting CVar [[s.UseBackgroundLevelStreaming:1]]
[2019.07.12-18.16.36:129][  0]LogConfig: Setting CVar [[s.PriorityAsyncLoadingExtraTime:15.0]]
[2019.07.12-18.16.36:129][  0]LogConfig: Setting CVar [[s.LevelStreamingActorsUpdateTimeLimit:5.0]]
[2019.07.12-18.16.36:129][  0]LogConfig: Setting CVar [[s.PriorityLevelStreamingActorsUpdateExtraTime:5.0]]
[2019.07.12-18.16.36:129][  0]LogConfig: Setting CVar [[s.LevelStreamingComponentsRegistrationGranularity:10]]
[2019.07.12-18.16.36:129][  0]LogConfig: Setting CVar [[s.UnregisterComponentsTimeLimit:1.0]]
[2019.07.12-18.16.36:129][  0]LogConfig: Setting CVar [[s.LevelStreamingComponentsUnregistrationGranularity:5]]
[2019.07.12-18.16.36:129][  0]LogConfig: Applying CVar settings from Section [/Script/Engine.GarbageCollectionSettings] File [D:/Unreal Projects/OnboardingProject/VGDC_Minigames/Saved/Config/Windows/Engine.ini]
[2019.07.12-18.16.36:129][  0]LogConfig: Setting CVar [[gc.MaxObjectsNotConsideredByGC:1]]
[2019.07.12-18.16.36:129][  0]LogConfig: Setting CVar [[gc.SizeOfPermanentObjectPool:0]]
[2019.07.12-18.16.36:129][  0]LogConfig: Setting CVar [[gc.FlushStreamingOnGC:0]]
[2019.07.12-18.16.36:129][  0]LogConfig: Setting CVar [[gc.NumRetriesBeforeForcingGC:10]]
[2019.07.12-18.16.36:129][  0]LogConfig: Setting CVar [[gc.AllowParallelGC:1]]
[2019.07.12-18.16.36:129][  0]LogConfig: Setting CVar [[gc.TimeBetweenPurgingPendingKillObjects:61.1]]
[2019.07.12-18.16.36:129][  0]LogConfig: Setting CVar [[gc.MaxObjectsInEditor:16777216]]
[2019.07.12-18.16.36:129][  0]LogConfig: Setting CVar [[gc.IncrementalBeginDestroyEnabled:1]]
[2019.07.12-18.16.36:130][  0]LogConfig: Setting CVar [[gc.CreateGCClusters:1]]
[2019.07.12-18.16.36:130][  0]LogConfig: Setting CVar [[gc.MinGCClusterSize:5]]
[2019.07.12-18.16.36:130][  0]LogConfig: Setting CVar [[gc.ActorClusteringEnabled:0]]
[2019.07.12-18.16.36:130][  0]LogConfig: Setting CVar [[gc.BlueprintClusteringEnabled:0]]
[2019.07.12-18.16.36:130][  0]LogConfig: Setting CVar [[gc.UseDisregardForGCOnDedicatedServers:0]]
[2019.07.12-18.16.36:130][  0]LogConfig: Applying CVar settings from Section [/Script/Engine.NetworkSettings] File [D:/Unreal Projects/OnboardingProject/VGDC_Minigames/Saved/Config/Windows/Engine.ini]
[2019.07.12-18.16.36:130][  0]LogConfig: Applying CVar settings from Section [/Script/UnrealEd.CookerSettings] File [D:/Unreal Projects/OnboardingProject/VGDC_Minigames/Saved/Config/Windows/Engine.ini]
[2019.07.12-18.16.36:134][  0]LogConfig: Applying CVar settings from Section [ViewDistanceQuality@3] File [D:/Unreal Projects/OnboardingProject/VGDC_Minigames/Saved/Config/Windows/Scalability.ini]
[2019.07.12-18.16.36:134][  0]LogConfig: Setting CVar [[r.SkeletalMeshLODBias:0]]
[2019.07.12-18.16.36:134][  0]LogConfig: Setting CVar [[r.ViewDistanceScale:1.0]]
[2019.07.12-18.16.36:134][  0]LogConfig: Applying CVar settings from Section [AntiAliasingQuality@3] File [D:/Unreal Projects/OnboardingProject/VGDC_Minigames/Saved/Config/Windows/Scalability.ini]
[2019.07.12-18.16.36:134][  0]LogConfig: Setting CVar [[r.PostProcessAAQuality:4]]
[2019.07.12-18.16.36:134][  0]LogConfig: Applying CVar settings from Section [ShadowQuality@3] File [D:/Unreal Projects/OnboardingProject/VGDC_Minigames/Saved/Config/Windows/Scalability.ini]
[2019.07.12-18.16.36:134][  0]LogConfig: Setting CVar [[r.LightFunctionQuality:1]]
[2019.07.12-18.16.36:134][  0]LogConfig: Setting CVar [[r.ShadowQuality:5]]
[2019.07.12-18.16.36:134][  0]LogConfig: Setting CVar [[r.Shadow.CSM.MaxCascades:10]]
[2019.07.12-18.16.36:134][  0]LogConfig: Setting CVar [[r.Shadow.MaxResolution:2048]]
[2019.07.12-18.16.36:134][  0]LogConfig: Setting CVar [[r.Shadow.MaxCSMResolution:2048]]
[2019.07.12-18.16.36:134][  0]LogConfig: Setting CVar [[r.Shadow.RadiusThreshold:0.01]]
[2019.07.12-18.16.36:134][  0]LogConfig: Setting CVar [[r.Shadow.DistanceScale:1.0]]
[2019.07.12-18.16.36:134][  0]LogConfig: Setting CVar [[r.Shadow.CSM.TransitionScale:1.0]]
[2019.07.12-18.16.36:134][  0]LogConfig: Setting CVar [[r.Shadow.PreShadowResolutionFactor:1.0]]
[2019.07.12-18.16.36:134][  0]LogConfig: Setting CVar [[r.DistanceFieldShadowing:1]]
[2019.07.12-18.16.36:134][  0]LogConfig: Setting CVar [[r.DistanceFieldAO:1]]
[2019.07.12-18.16.36:134][  0]LogConfig: Setting CVar [[r.AOQuality:2]]
[2019.07.12-18.16.36:134][  0]LogConfig: Setting CVar [[r.VolumetricFog:1]]
[2019.07.12-18.16.36:134][  0]LogConfig: Setting CVar [[r.VolumetricFog.GridPixelSize:8]]
[2019.07.12-18.16.36:134][  0]LogConfig: Setting CVar [[r.VolumetricFog.GridSizeZ:128]]
[2019.07.12-18.16.36:134][  0]LogConfig: Setting CVar [[r.VolumetricFog.HistoryMissSupersampleCount:4]]
[2019.07.12-18.16.36:134][  0]LogConfig: Setting CVar [[r.LightMaxDrawDistanceScale:1]]
[2019.07.12-18.16.36:134][  0]LogConfig: Setting CVar [[r.CapsuleShadows:1]]
[2019.07.12-18.16.36:134][  0]LogConfig: Applying CVar settings from Section [PostProcessQuality@3] File [D:/Unreal Projects/OnboardingProject/VGDC_Minigames/Saved/Config/Windows/Scalability.ini]
[2019.07.12-18.16.36:134][  0]LogConfig: Setting CVar [[r.MotionBlurQuality:4]]
[2019.07.12-18.16.36:134][  0]LogConfig: Setting CVar [[r.AmbientOcclusionMipLevelFactor:0.4]]
[2019.07.12-18.16.36:134][  0]LogConfig: Setting CVar [[r.AmbientOcclusionMaxQuality:100]]
[2019.07.12-18.16.36:134][  0]LogConfig: Setting CVar [[r.AmbientOcclusionLevels:-1]]
[2019.07.12-18.16.36:134][  0]LogConfig: Setting CVar [[r.AmbientOcclusionRadiusScale:1.0]]
[2019.07.12-18.16.36:134][  0]LogConfig: Setting CVar [[r.DepthOfFieldQuality:2]]
[2019.07.12-18.16.36:134][  0]LogConfig: Setting CVar [[r.RenderTargetPoolMin:400]]
[2019.07.12-18.16.36:134][  0]LogConfig: Setting CVar [[r.LensFlareQuality:2]]
[2019.07.12-18.16.36:135][  0]LogConfig: Setting CVar [[r.SceneColorFringeQuality:1]]
[2019.07.12-18.16.36:135][  0]LogConfig: Setting CVar [[r.EyeAdaptationQuality:2]]
[2019.07.12-18.16.36:135][  0]LogConfig: Setting CVar [[r.BloomQuality:5]]
[2019.07.12-18.16.36:135][  0]LogConfig: Setting CVar [[r.FastBlurThreshold:100]]
[2019.07.12-18.16.36:135][  0]LogConfig: Setting CVar [[r.Upscale.Quality:3]]
[2019.07.12-18.16.36:135][  0]LogConfig: Setting CVar [[r.Tonemapper.GrainQuantization:1]]
[2019.07.12-18.16.36:135][  0]LogConfig: Setting CVar [[r.LightShaftQuality:1]]
[2019.07.12-18.16.36:135][  0]LogConfig: Setting CVar [[r.Filter.SizeScale:1]]
[2019.07.12-18.16.36:135][  0]LogConfig: Setting CVar [[r.Tonemapper.Quality:5]]
[2019.07.12-18.16.36:135][  0]LogConfig: Setting CVar [[r.DOF.Gather.AccumulatorQuality:1        ; higher gathering accumulator quality]]
[2019.07.12-18.16.36:135][  0]LogConfig: Setting CVar [[r.DOF.Gather.PostfilterMethod:1          ; Median3x3 postfilering method]]
[2019.07.12-18.16.36:135][  0]LogConfig: Setting CVar [[r.DOF.Gather.EnableBokehSettings:0       ; no bokeh simulation when gathering]]
[2019.07.12-18.16.36:135][  0]LogConfig: Setting CVar [[r.DOF.Gather.RingCount:4                 ; medium number of samples when gathering]]
[2019.07.12-18.16.36:135][  0]LogConfig: Setting CVar [[r.DOF.Scatter.ForegroundCompositing:1    ; additive foreground scattering]]
[2019.07.12-18.16.36:135][  0]LogConfig: Setting CVar [[r.DOF.Scatter.BackgroundCompositing:2    ; additive background scattering]]
[2019.07.12-18.16.36:135][  0]LogConfig: Setting CVar [[r.DOF.Scatter.EnableBokehSettings:1      ; bokeh simulation when scattering]]
[2019.07.12-18.16.36:135][  0]LogConfig: Setting CVar [[r.DOF.Scatter.MaxSpriteRatio:0.1         ; only a maximum of 10% of scattered bokeh]]
[2019.07.12-18.16.36:135][  0]LogConfig: Setting CVar [[r.DOF.Recombine.Quality:1                ; cheap slight out of focus]]
[2019.07.12-18.16.36:135][  0]LogConfig: Setting CVar [[r.DOF.Recombine.EnableBokehSettings:0    ; no bokeh simulation on slight out of focus]]
[2019.07.12-18.16.36:135][  0]LogConfig: Setting CVar [[r.DOF.TemporalAAQuality:1                ; more stable temporal accumulation]]
[2019.07.12-18.16.36:135][  0]LogConfig: Setting CVar [[r.DOF.Kernel.MaxForegroundRadius:0.025]]
[2019.07.12-18.16.36:135][  0]LogConfig: Setting CVar [[r.DOF.Kernel.MaxBackgroundRadius:0.025]]
[2019.07.12-18.16.36:135][  0]LogConfig: Applying CVar settings from Section [TextureQuality@3] File [D:/Unreal Projects/OnboardingProject/VGDC_Minigames/Saved/Config/Windows/Scalability.ini]
[2019.07.12-18.16.36:135][  0]LogConfig: Setting CVar [[r.Streaming.MipBias:0]]
[2019.07.12-18.16.36:135][  0]LogConfig: Setting CVar [[r.Streaming.AmortizeCPUToGPUCopy:0]]
[2019.07.12-18.16.36:135][  0]LogConfig: Setting CVar [[r.Streaming.MaxNumTexturesToStreamPerFrame:0]]
[2019.07.12-18.16.36:135][  0]LogConfig: Setting CVar [[r.Streaming.Boost:1]]
[2019.07.12-18.16.36:135][  0]LogConfig: Setting CVar [[r.MaxAnisotropy:8]]
[2019.07.12-18.16.36:135][  0]LogConfig: Setting CVar [[r.Streaming.LimitPoolSizeToVRAM:0]]
[2019.07.12-18.16.36:135][  0]LogConfig: Setting CVar [[r.Streaming.PoolSize:1000]]
[2019.07.12-18.16.36:135][  0]LogConfig: Setting CVar [[r.Streaming.MaxEffectiveScreenSize:0]]
[2019.07.12-18.16.36:135][  0]LogConfig: Applying CVar settings from Section [EffectsQuality@3] File [D:/Unreal Projects/OnboardingProject/VGDC_Minigames/Saved/Config/Windows/Scalability.ini]
[2019.07.12-18.16.36:135][  0]LogConfig: Setting CVar [[r.TranslucencyLightingVolumeDim:64]]
[2019.07.12-18.16.36:135][  0]LogConfig: Setting CVar [[r.RefractionQuality:2]]
[2019.07.12-18.16.36:135][  0]LogConfig: Setting CVar [[r.SSR.Quality:3]]
[2019.07.12-18.16.36:135][  0]LogConfig: Setting CVar [[r.SceneColorFormat:4]]
[2019.07.12-18.16.36:135][  0]LogConfig: Setting CVar [[r.DetailMode:2]]
[2019.07.12-18.16.36:135][  0]LogConfig: Setting CVar [[r.TranslucencyVolumeBlur:1]]
[2019.07.12-18.16.36:135][  0]LogConfig: Setting CVar [[r.MaterialQualityLevel:1 ; High quality]]
[2019.07.12-18.16.36:135][  0]LogConfig: Setting CVar [[r.SSS.Scale:1]]
[2019.07.12-18.16.36:135][  0]LogConfig: Setting CVar [[r.SSS.SampleSet:2]]
[2019.07.12-18.16.36:135][  0]LogConfig: Setting CVar [[r.SSS.Quality:1]]
[2019.07.12-18.16.36:135][  0]LogConfig: Setting CVar [[r.SSS.HalfRes:1]]
[2019.07.12-18.16.36:135][  0]LogConfig: Setting CVar [[r.EmitterSpawnRateScale:1.0]]
[2019.07.12-18.16.36:135][  0]LogConfig: Setting CVar [[r.ParticleLightQuality:2]]
[2019.07.12-18.16.36:135][  0]LogConfig: Applying CVar settings from Section [FoliageQuality@3] File [D:/Unreal Projects/OnboardingProject/VGDC_Minigames/Saved/Config/Windows/Scalability.ini]
[2019.07.12-18.16.36:135][  0]LogConfig: Setting CVar [[foliage.DensityScale:1.0]]
[2019.07.12-18.16.36:135][  0]LogConfig: Setting CVar [[grass.DensityScale:1.0]]
[2019.07.12-18.16.36:135][  0]LogInit: Selected Device Profile: [Windows]
[2019.07.12-18.16.36:136][  0]LogInit: Applying CVar settings loaded from the selected device profile: [Windows]
[2019.07.12-18.16.36:150][  0]LogHAL: Display: Platform has ~ 32 GB [34233069568 / 34359738368 / 32], which maps to Largest [LargestMinGB=32, LargerMinGB=12, DefaultMinGB=8, SmallerMinGB=6, SmallestMinGB=0)
[2019.07.12-18.16.36:150][  0]LogConfig: Setting CVar [[r.Vulkan.UseRealUBs:0		; Required until we fix HLR fall-out]]
[2019.07.12-18.16.36:150][  0]LogInit: Going up to parent DeviceProfile []
[2019.07.12-18.16.36:150][  0]LogConfig: Applying CVar settings from Section [ViewDistanceQuality@3] File [D:/Unreal Projects/OnboardingProject/VGDC_Minigames/Saved/Config/Windows/Scalability.ini]
[2019.07.12-18.16.36:150][  0]LogConfig: Setting CVar [[r.SkeletalMeshLODBias:0]]
[2019.07.12-18.16.36:150][  0]LogConfig: Setting CVar [[r.ViewDistanceScale:1.0]]
[2019.07.12-18.16.36:150][  0]LogConfig: Applying CVar settings from Section [AntiAliasingQuality@3] File [D:/Unreal Projects/OnboardingProject/VGDC_Minigames/Saved/Config/Windows/Scalability.ini]
[2019.07.12-18.16.36:150][  0]LogConfig: Setting CVar [[r.PostProcessAAQuality:4]]
[2019.07.12-18.16.36:150][  0]LogConfig: Applying CVar settings from Section [ShadowQuality@3] File [D:/Unreal Projects/OnboardingProject/VGDC_Minigames/Saved/Config/Windows/Scalability.ini]
[2019.07.12-18.16.36:150][  0]LogConfig: Setting CVar [[r.LightFunctionQuality:1]]
[2019.07.12-18.16.36:150][  0]LogConfig: Setting CVar [[r.ShadowQuality:5]]
[2019.07.12-18.16.36:150][  0]LogConfig: Setting CVar [[r.Shadow.CSM.MaxCascades:10]]
[2019.07.12-18.16.36:150][  0]LogConfig: Setting CVar [[r.Shadow.MaxResolution:2048]]
[2019.07.12-18.16.36:150][  0]LogConfig: Setting CVar [[r.Shadow.MaxCSMResolution:2048]]
[2019.07.12-18.16.36:151][  0]LogConfig: Setting CVar [[r.Shadow.RadiusThreshold:0.01]]
[2019.07.12-18.16.36:151][  0]LogConfig: Setting CVar [[r.Shadow.DistanceScale:1.0]]
[2019.07.12-18.16.36:151][  0]LogConfig: Setting CVar [[r.Shadow.CSM.TransitionScale:1.0]]
[2019.07.12-18.16.36:151][  0]LogConfig: Setting CVar [[r.Shadow.PreShadowResolutionFactor:1.0]]
[2019.07.12-18.16.36:151][  0]LogConfig: Setting CVar [[r.DistanceFieldShadowing:1]]
[2019.07.12-18.16.36:151][  0]LogConfig: Setting CVar [[r.DistanceFieldAO:1]]
[2019.07.12-18.16.36:151][  0]LogConfig: Setting CVar [[r.AOQuality:2]]
[2019.07.12-18.16.36:151][  0]LogConfig: Setting CVar [[r.VolumetricFog:1]]
[2019.07.12-18.16.36:151][  0]LogConfig: Setting CVar [[r.VolumetricFog.GridPixelSize:8]]
[2019.07.12-18.16.36:151][  0]LogConfig: Setting CVar [[r.VolumetricFog.GridSizeZ:128]]
[2019.07.12-18.16.36:151][  0]LogConfig: Setting CVar [[r.VolumetricFog.HistoryMissSupersampleCount:4]]
[2019.07.12-18.16.36:151][  0]LogConfig: Setting CVar [[r.LightMaxDrawDistanceScale:1]]
[2019.07.12-18.16.36:151][  0]LogConfig: Setting CVar [[r.CapsuleShadows:1]]
[2019.07.12-18.16.36:151][  0]LogConfig: Applying CVar settings from Section [PostProcessQuality@3] File [D:/Unreal Projects/OnboardingProject/VGDC_Minigames/Saved/Config/Windows/Scalability.ini]
[2019.07.12-18.16.36:151][  0]LogConfig: Setting CVar [[r.MotionBlurQuality:4]]
[2019.07.12-18.16.36:151][  0]LogConfig: Setting CVar [[r.AmbientOcclusionMipLevelFactor:0.4]]
[2019.07.12-18.16.36:151][  0]LogConfig: Setting CVar [[r.AmbientOcclusionMaxQuality:100]]
[2019.07.12-18.16.36:151][  0]LogConfig: Setting CVar [[r.AmbientOcclusionLevels:-1]]
[2019.07.12-18.16.36:151][  0]LogConfig: Setting CVar [[r.AmbientOcclusionRadiusScale:1.0]]
[2019.07.12-18.16.36:151][  0]LogConfig: Setting CVar [[r.DepthOfFieldQuality:2]]
[2019.07.12-18.16.36:151][  0]LogConfig: Setting CVar [[r.RenderTargetPoolMin:400]]
[2019.07.12-18.16.36:151][  0]LogConfig: Setting CVar [[r.LensFlareQuality:2]]
[2019.07.12-18.16.36:151][  0]LogConfig: Setting CVar [[r.SceneColorFringeQuality:1]]
[2019.07.12-18.16.36:151][  0]LogConfig: Setting CVar [[r.EyeAdaptationQuality:2]]
[2019.07.12-18.16.36:151][  0]LogConfig: Setting CVar [[r.BloomQuality:5]]
[2019.07.12-18.16.36:151][  0]LogConfig: Setting CVar [[r.FastBlurThreshold:100]]
[2019.07.12-18.16.36:151][  0]LogConfig: Setting CVar [[r.Upscale.Quality:3]]
[2019.07.12-18.16.36:152][  0]LogConfig: Setting CVar [[r.Tonemapper.GrainQuantization:1]]
[2019.07.12-18.16.36:152][  0]LogConfig: Setting CVar [[r.LightShaftQuality:1]]
[2019.07.12-18.16.36:152][  0]LogConfig: Setting CVar [[r.Filter.SizeScale:1]]
[2019.07.12-18.16.36:152][  0]LogConfig: Setting CVar [[r.Tonemapper.Quality:5]]
[2019.07.12-18.16.36:152][  0]LogConfig: Setting CVar [[r.DOF.Gather.AccumulatorQuality:1        ; higher gathering accumulator quality]]
[2019.07.12-18.16.36:152][  0]LogConfig: Setting CVar [[r.DOF.Gather.PostfilterMethod:1          ; Median3x3 postfilering method]]
[2019.07.12-18.16.36:152][  0]LogConfig: Setting CVar [[r.DOF.Gather.EnableBokehSettings:0       ; no bokeh simulation when gathering]]
[2019.07.12-18.16.36:152][  0]LogConfig: Setting CVar [[r.DOF.Gather.RingCount:4                 ; medium number of samples when gathering]]
[2019.07.12-18.16.36:152][  0]LogConfig: Setting CVar [[r.DOF.Scatter.ForegroundCompositing:1    ; additive foreground scattering]]
[2019.07.12-18.16.36:152][  0]LogConfig: Setting CVar [[r.DOF.Scatter.BackgroundCompositing:2    ; additive background scattering]]
[2019.07.12-18.16.36:152][  0]LogConfig: Setting CVar [[r.DOF.Scatter.EnableBokehSettings:1      ; bokeh simulation when scattering]]
[2019.07.12-18.16.36:152][  0]LogConfig: Setting CVar [[r.DOF.Scatter.MaxSpriteRatio:0.1         ; only a maximum of 10% of scattered bokeh]]
[2019.07.12-18.16.36:152][  0]LogConfig: Setting CVar [[r.DOF.Recombine.Quality:1                ; cheap slight out of focus]]
[2019.07.12-18.16.36:152][  0]LogConfig: Setting CVar [[r.DOF.Recombine.EnableBokehSettings:0    ; no bokeh simulation on slight out of focus]]
[2019.07.12-18.16.36:152][  0]LogConfig: Setting CVar [[r.DOF.TemporalAAQuality:1                ; more stable temporal accumulation]]
[2019.07.12-18.16.36:152][  0]LogConfig: Setting CVar [[r.DOF.Kernel.MaxForegroundRadius:0.025]]
[2019.07.12-18.16.36:152][  0]LogConfig: Setting CVar [[r.DOF.Kernel.MaxBackgroundRadius:0.025]]
[2019.07.12-18.16.36:152][  0]LogConfig: Applying CVar settings from Section [TextureQuality@3] File [D:/Unreal Projects/OnboardingProject/VGDC_Minigames/Saved/Config/Windows/Scalability.ini]
[2019.07.12-18.16.36:152][  0]LogConfig: Setting CVar [[r.Streaming.MipBias:0]]
[2019.07.12-18.16.36:152][  0]LogConfig: Setting CVar [[r.Streaming.AmortizeCPUToGPUCopy:0]]
[2019.07.12-18.16.36:152][  0]LogConfig: Setting CVar [[r.Streaming.MaxNumTexturesToStreamPerFrame:0]]
[2019.07.12-18.16.36:152][  0]LogConfig: Setting CVar [[r.Streaming.Boost:1]]
[2019.07.12-18.16.36:152][  0]LogConfig: Setting CVar [[r.MaxAnisotropy:8]]
[2019.07.12-18.16.36:152][  0]LogConfig: Setting CVar [[r.Streaming.LimitPoolSizeToVRAM:0]]
[2019.07.12-18.16.36:152][  0]LogConfig: Setting CVar [[r.Streaming.PoolSize:1000]]
[2019.07.12-18.16.36:152][  0]LogConfig: Setting CVar [[r.Streaming.MaxEffectiveScreenSize:0]]
[2019.07.12-18.16.36:152][  0]LogConfig: Applying CVar settings from Section [EffectsQuality@3] File [D:/Unreal Projects/OnboardingProject/VGDC_Minigames/Saved/Config/Windows/Scalability.ini]
[2019.07.12-18.16.36:152][  0]LogConfig: Setting CVar [[r.TranslucencyLightingVolumeDim:64]]
[2019.07.12-18.16.36:152][  0]LogConfig: Setting CVar [[r.RefractionQuality:2]]
[2019.07.12-18.16.36:152][  0]LogConfig: Setting CVar [[r.SSR.Quality:3]]
[2019.07.12-18.16.36:153][  0]LogConfig: Setting CVar [[r.SceneColorFormat:4]]
[2019.07.12-18.16.36:153][  0]LogConfig: Setting CVar [[r.DetailMode:2]]
[2019.07.12-18.16.36:153][  0]LogConfig: Setting CVar [[r.TranslucencyVolumeBlur:1]]
[2019.07.12-18.16.36:153][  0]LogConfig: Setting CVar [[r.MaterialQualityLevel:1 ; High quality]]
[2019.07.12-18.16.36:153][  0]LogConfig: Setting CVar [[r.SSS.Scale:1]]
[2019.07.12-18.16.36:153][  0]LogConfig: Setting CVar [[r.SSS.SampleSet:2]]
[2019.07.12-18.16.36:153][  0]LogConfig: Setting CVar [[r.SSS.Quality:1]]
[2019.07.12-18.16.36:153][  0]LogConfig: Setting CVar [[r.SSS.HalfRes:1]]
[2019.07.12-18.16.36:153][  0]LogConfig: Setting CVar [[r.EmitterSpawnRateScale:1.0]]
[2019.07.12-18.16.36:153][  0]LogConfig: Setting CVar [[r.ParticleLightQuality:2]]
[2019.07.12-18.16.36:153][  0]LogConfig: Applying CVar settings from Section [FoliageQuality@3] File [D:/Unreal Projects/OnboardingProject/VGDC_Minigames/Saved/Config/Windows/Scalability.ini]
[2019.07.12-18.16.36:153][  0]LogConfig: Setting CVar [[foliage.DensityScale:1.0]]
[2019.07.12-18.16.36:153][  0]LogConfig: Setting CVar [[grass.DensityScale:1.0]]
[2019.07.12-18.16.36:153][  0]LogConfig: Applying CVar settings from Section [Startup] File [../../../Engine/Config/ConsoleVariables.ini]
[2019.07.12-18.16.36:153][  0]LogConfig: Setting CVar [[net.UseAdaptiveNetUpdateFrequency:0]]
[2019.07.12-18.16.36:153][  0]LogConfig: Setting CVar [[p.chaos.AllowCreatePhysxBodies:1]]
[2019.07.12-18.16.36:153][  0]LogConfig: Applying CVar settings from Section [ConsoleVariables] File [D:/Unreal Projects/OnboardingProject/VGDC_Minigames/Saved/Config/Windows/Engine.ini]
[2019.07.12-18.16.36:154][  0]LogInit: Computer: JOSEPHDASILVA
[2019.07.12-18.16.36:154][  0]LogInit: User: jojod
[2019.07.12-18.16.36:154][  0]LogInit: CPU Page size=4096, Cores=6
[2019.07.12-18.16.36:154][  0]LogInit: High frequency timer resolution =10.000000 MHz
[2019.07.12-18.16.36:154][  0]LogMemory: Memory total: Physical=31.9GB (32GB approx)
[2019.07.12-18.16.36:154][  0]LogMemory: Platform Memory Stats for Windows
[2019.07.12-18.16.36:154][  0]LogMemory: Process Physical Memory: 96.46 MB used, 96.46 MB peak
[2019.07.12-18.16.36:154][  0]LogMemory: Process Virtual Memory: 89.96 MB used, 89.96 MB peak
[2019.07.12-18.16.36:154][  0]LogMemory: Physical Memory: 10404.42 MB used,  22242.78 MB free, 32647.20 MB total
[2019.07.12-18.16.36:154][  0]LogMemory: Virtual Memory: 4659.00 MB used,  134213072.00 MB free, 134217728.00 MB total
[2019.07.12-18.16.36:224][  0]LogInit: Using OS detected language (en-US).
[2019.07.12-18.16.36:224][  0]LogInit: Using OS detected locale (en-US).
[2019.07.12-18.16.36:226][  0]LogTextLocalizationManager: No specific localization for 'en-US' exists, so the 'en' localization will be used.
[2019.07.12-18.16.36:510][  0]LogInit: Setting process to per monitor DPI aware
[2019.07.12-18.16.36:553][  0]LogSlate: New Slate User Created.  User Index 0, Is Virtual User: 0
[2019.07.12-18.16.36:553][  0]LogSlate: Slate User Registered.  User Index 0, Is Virtual User: 0
[2019.07.12-18.16.36:793][  0]LogD3D11RHI: D3D11 adapters:
[2019.07.12-18.16.36:882][  0]LogD3D11RHI:    0. 'NVIDIA GeForce GTX 1070 with Max-Q Design' (Feature Level 11_0)
[2019.07.12-18.16.36:882][  0]LogD3D11RHI:       8081/0/16323 MB DedicatedVideo/DedicatedSystem/SharedSystem, Outputs:1, VendorId:0x10de
[2019.07.12-18.16.36:886][  0]LogD3D11RHI:    1. 'Microsoft Basic Render Driver' (Feature Level 11_0)
[2019.07.12-18.16.36:886][  0]LogD3D11RHI:       0/0/16323 MB DedicatedVideo/DedicatedSystem/SharedSystem, Outputs:0, VendorId:0x1414
[2019.07.12-18.16.36:886][  0]LogD3D11RHI: Chosen D3D11 Adapter: 0
[2019.07.12-18.16.36:899][  0]LogD3D11RHI: Creating new Direct3DDevice
[2019.07.12-18.16.36:899][  0]LogD3D11RHI:     GPU DeviceId: 0x1be1 (for the marketing name, search the web for "GPU Device Id")
[2019.07.12-18.16.36:899][  0]LogWindows: EnumDisplayDevices:
[2019.07.12-18.16.36:899][  0]LogWindows:    0. 'NVIDIA GeForce GTX 1070 with Max-Q Design' (P:1 D:1)
[2019.07.12-18.16.36:900][  0]LogWindows:    1. 'NVIDIA GeForce GTX 1070 with Max-Q Design' (P:0 D:0)
[2019.07.12-18.16.36:901][  0]LogWindows:    2. 'NVIDIA GeForce GTX 1070 with Max-Q Design' (P:0 D:0)
[2019.07.12-18.16.36:901][  0]LogWindows:    3. 'NVIDIA GeForce GTX 1070 with Max-Q Design' (P:0 D:0)
[2019.07.12-18.16.36:901][  0]LogWindows: DebugString: FoundDriverCount:4 
[2019.07.12-18.16.36:901][  0]LogD3D11RHI:     Adapter Name: NVIDIA GeForce GTX 1070 with Max-Q Design
[2019.07.12-18.16.36:901][  0]LogD3D11RHI:   Driver Version: 430.86 (internal:26.21.14.3086, unified:430.86)
[2019.07.12-18.16.36:901][  0]LogD3D11RHI:      Driver Date: 5-22-2019
[2019.07.12-18.16.36:901][  0]LogRHI: Texture pool is 5656 MB (70% of 8081 MB)
[2019.07.12-18.16.36:967][  0]LogD3D11RHI: Async texture creation enabled
[2019.07.12-18.16.36:979][  0]LogRendererCore: FGlobalReadBuffer::InitRHI
[2019.07.12-18.16.36:979][  0]LogRendererCore: FGlobalReadBuffer::InitRHI
[2019.07.12-18.16.36:979][  0]LogRendererCore: FGlobalReadBuffer::InitRHI
[2019.07.12-18.16.36:989][  0]LogD3D11RHI: GPU Timing Frequency: 1000.000000 (Debug: 2 1)
[2019.07.12-18.16.37:453][  0]LogTemp: Display: Module 'AllDesktopTargetPlatform' loaded TargetPlatform 'AllDesktop'
[2019.07.12-18.16.37:472][  0]LogTemp: Display: Module 'MacClientTargetPlatform' loaded TargetPlatform 'MacClient'
[2019.07.12-18.16.37:493][  0]LogTemp: Display: Module 'MacNoEditorTargetPlatform' loaded TargetPlatform 'MacNoEditor'
[2019.07.12-18.16.37:512][  0]LogTemp: Display: Module 'MacServerTargetPlatform' loaded TargetPlatform 'MacServer'
[2019.07.12-18.16.37:530][  0]LogTemp: Display: Module 'MacTargetPlatform' loaded TargetPlatform 'Mac'
[2019.07.12-18.16.37:547][  0]LogTemp: Display: Module 'WindowsClientTargetPlatform' loaded TargetPlatform 'WindowsClient'
[2019.07.12-18.16.37:564][  0]LogTemp: Display: Module 'WindowsNoEditorTargetPlatform' loaded TargetPlatform 'WindowsNoEditor'
[2019.07.12-18.16.37:581][  0]LogTemp: Display: Module 'WindowsServerTargetPlatform' loaded TargetPlatform 'WindowsServer'
[2019.07.12-18.16.37:589][  0]LogTemp: Display: Module 'WindowsTargetPlatform' loaded TargetPlatform 'Windows'
[2019.07.12-18.16.37:701][  0]LogTemp: Display: Module 'AndroidTargetPlatform' loaded TargetPlatform 'Android'
[2019.07.12-18.16.37:701][  0]LogTemp: Display: Module 'AndroidTargetPlatform' loaded TargetPlatform 'Android_ASTC'
[2019.07.12-18.16.37:702][  0]LogTemp: Display: Module 'AndroidTargetPlatform' loaded TargetPlatform 'Android_ATC'
[2019.07.12-18.16.37:702][  0]LogTemp: Display: Module 'AndroidTargetPlatform' loaded TargetPlatform 'Android_DXT'
[2019.07.12-18.16.37:702][  0]LogTemp: Display: Module 'AndroidTargetPlatform' loaded TargetPlatform 'Android_ETC1'
[2019.07.12-18.16.37:702][  0]LogTemp: Display: Module 'AndroidTargetPlatform' loaded TargetPlatform 'Android_ETC1a'
[2019.07.12-18.16.37:702][  0]LogTemp: Display: Module 'AndroidTargetPlatform' loaded TargetPlatform 'Android_ETC2'
[2019.07.12-18.16.37:702][  0]LogTemp: Display: Module 'AndroidTargetPlatform' loaded TargetPlatform 'Android_PVRTC'
[2019.07.12-18.16.37:702][  0]LogTemp: Display: Module 'AndroidTargetPlatform' loaded TargetPlatform 'AndroidClient'
[2019.07.12-18.16.37:702][  0]LogTemp: Display: Module 'AndroidTargetPlatform' loaded TargetPlatform 'Android_ASTCClient'
[2019.07.12-18.16.37:702][  0]LogTemp: Display: Module 'AndroidTargetPlatform' loaded TargetPlatform 'Android_ATCClient'
[2019.07.12-18.16.37:702][  0]LogTemp: Display: Module 'AndroidTargetPlatform' loaded TargetPlatform 'Android_DXTClient'
[2019.07.12-18.16.37:702][  0]LogTemp: Display: Module 'AndroidTargetPlatform' loaded TargetPlatform 'Android_ETC1Client'
[2019.07.12-18.16.37:702][  0]LogTemp: Display: Module 'AndroidTargetPlatform' loaded TargetPlatform 'Android_ETC1aClient'
[2019.07.12-18.16.37:702][  0]LogTemp: Display: Module 'AndroidTargetPlatform' loaded TargetPlatform 'Android_ETC2Client'
[2019.07.12-18.16.37:702][  0]LogTemp: Display: Module 'AndroidTargetPlatform' loaded TargetPlatform 'Android_PVRTCClient'
[2019.07.12-18.16.37:702][  0]LogTemp: Display: Module 'AndroidTargetPlatform' loaded TargetPlatform 'Android_Multi'
[2019.07.12-18.16.37:702][  0]LogTemp: Display: Module 'AndroidTargetPlatform' loaded TargetPlatform 'Android_MultiClient'
[2019.07.12-18.16.37:705][  0]LogTemp: Display: Module 'HTML5TargetPlatform' loaded TargetPlatform 'HTML5'
[2019.07.12-18.16.37:763][  0]LogTemp: Display: Module 'IOSTargetPlatform' loaded TargetPlatform 'IOSClient'
[2019.07.12-18.16.37:763][  0]LogTemp: Display: Module 'IOSTargetPlatform' loaded TargetPlatform 'IOS'
[2019.07.12-18.16.37:797][  0]LogTemp: Display: Module 'TVOSTargetPlatform' loaded TargetPlatform 'TVOSClient'
[2019.07.12-18.16.37:797][  0]LogTemp: Display: Module 'TVOSTargetPlatform' loaded TargetPlatform 'TVOS'
[2019.07.12-18.16.37:813][  0]LogTemp: Display: Module 'LinuxClientTargetPlatform' loaded TargetPlatform 'LinuxClient'
[2019.07.12-18.16.37:830][  0]LogTemp: Display: Module 'LinuxNoEditorTargetPlatform' loaded TargetPlatform 'LinuxNoEditor'
[2019.07.12-18.16.37:846][  0]LogTemp: Display: Module 'LinuxServerTargetPlatform' loaded TargetPlatform 'LinuxServer'
[2019.07.12-18.16.37:863][  0]LogTemp: Display: Module 'LinuxTargetPlatform' loaded TargetPlatform 'Linux'
[2019.07.12-18.16.37:918][  0]LogTemp: Display: Module 'LuminTargetPlatform' loaded TargetPlatform 'Lumin'
[2019.07.12-18.16.37:918][  0]LogTemp: Display: Module 'LuminTargetPlatform' loaded TargetPlatform 'LuminClient'
[2019.07.12-18.16.37:918][  0]LogTargetPlatformManager: Display: Building Assets For Windows
[2019.07.12-18.16.37:930][  0]LogAudioDebug: Display: Lib vorbis DLL was dynamically loaded.
[2019.07.12-18.16.38:014][  0]LogShaderCompilers: Guid format shader working directory is -6 characters bigger than the processId version (D:/Unreal Projects/OnboardingProject/VGDC_Minigames/Intermediate/Shaders/WorkingDirectory/15932/).
[2019.07.12-18.16.38:015][  0]LogShaderCompilers: Cleaned the shader compiler working directory 'C:/Users/jojod/AppData/Local/Temp/UnrealShaderWorkingDir/E8A485FA406FD68033D7D7968FA1C350/'.
[2019.07.12-18.16.38:018][  0]LogXGEController: Cleaning working directory: C:/Users/jojod/AppData/Local/Temp/UnrealXGEWorkingDir/
[2019.07.12-18.16.38:018][  0]LogXGEController: Cannot use XGE Controller as Incredibuild is not installed on this machine.
[2019.07.12-18.16.38:019][  0]LogShaderCompilers: Cannot use XGE Shader Compiler as Incredibuild is not installed on this machine.
[2019.07.12-18.16.38:019][  0]LogShaderCompilers: Display: Using Local Shader Compiler.
[2019.07.12-18.16.38:777][  0]LogDerivedDataCache: Display: Max Cache Size: 512 MB
[2019.07.12-18.16.38:843][  0]LogDerivedDataCache: Loaded boot cache 0.07s 71MB C:/Users/jojod/AppData/Local/UnrealEngine/4.22/DerivedDataCache/Boot.ddc.
[2019.07.12-18.16.38:843][  0]LogDerivedDataCache: Display: Loaded Boot cache: C:/Users/jojod/AppData/Local/UnrealEngine/4.22/DerivedDataCache/Boot.ddc
[2019.07.12-18.16.38:843][  0]LogDerivedDataCache: FDerivedDataBackendGraph:  Pak pak cache file D:/Unreal Projects/OnboardingProject/VGDC_Minigames/DerivedDataCache/DDC.ddp not found, will not use a pak cache.
[2019.07.12-18.16.38:843][  0]LogDerivedDataCache: Unable to find inner node Pak for hierarchical cache Hierarchy.
[2019.07.12-18.16.38:843][  0]LogDerivedDataCache: FDerivedDataBackendGraph:  CompressedPak pak cache file D:/Unreal Projects/OnboardingProject/VGDC_Minigames/DerivedDataCache/Compressed.ddp not found, will not use a pak cache.
[2019.07.12-18.16.38:843][  0]LogDerivedDataCache: Unable to find inner node CompressedPak for hierarchical cache Hierarchy.
[2019.07.12-18.16.38:862][  0]LogDerivedDataCache: Display: Pak cache opened for reading ../../../Engine/DerivedDataCache/Compressed.ddp.
[2019.07.12-18.16.38:862][  0]LogDerivedDataCache: FDerivedDataBackendGraph:  EnterprisePak pak cache file ../../../Enterprise/DerivedDataCache/Compressed.ddp not found, will not use a pak cache.
[2019.07.12-18.16.38:862][  0]LogDerivedDataCache: Unable to find inner node EnterprisePak for hierarchical cache Hierarchy.
[2019.07.12-18.16.38:875][  0]LogDerivedDataCache: Using Local data cache path C:/Users/jojod/AppData/Local/UnrealEngine/Common/DerivedDataCache: Writable
[2019.07.12-18.16.38:875][  0]LogDerivedDataCache: Shared data cache path not found in *engine.ini, will not use an Shared cache.
[2019.07.12-18.16.38:875][  0]LogDerivedDataCache: Unable to find inner node Shared for hierarchical cache Hierarchy.
[2019.07.12-18.16.38:915][  0]LogMaterial: Verifying Global Shaders for PCD3D_SM5
[2019.07.12-18.16.38:916][  0]LogSlate: Using FreeType 2.6.0
[2019.07.12-18.16.38:917][  0]LogSlate: SlateFontServices - WITH_FREETYPE: 1, WITH_HARFBUZZ: 1
[2019.07.12-18.16.39:031][  0]LogAssetRegistry: FAssetRegistry took 0.0397 seconds to start up
[2019.07.12-18.16.39:493][  0]LogInit: Selected Device Profile: [Windows]
[2019.07.12-18.16.39:784][  0]LogMeshReduction: Using QuadricMeshReduction for automatic static mesh reduction
[2019.07.12-18.16.39:784][  0]LogMeshReduction: Using SimplygonMeshReduction for automatic skeletal mesh reduction
[2019.07.12-18.16.39:784][  0]LogMeshReduction: Using ProxyLODMeshReduction for automatic mesh merging
[2019.07.12-18.16.39:784][  0]LogMeshReduction: No distributed automatic mesh merging module available
[2019.07.12-18.16.39:785][  0]LogMeshMerging: No distributed automatic mesh merging module available
[2019.07.12-18.16.39:815][  0]LogNetVersion: VGDC_Minigames 1.0.0, NetCL: 5660361, EngineNetVer: 10, GameNetVer: 0 (Checksum: 3960777806)
[2019.07.12-18.16.40:392][  0]LogPackageLocalizationCache: Processed 9 localized package path(s) for 1 prioritized culture(s) in 0.041241 seconds
[2019.07.12-18.16.40:399][  0]LogUObjectArray: 41958 objects as part of root set at end of initial load.
[2019.07.12-18.16.40:399][  0]LogUObjectAllocator: 7284248 out of 0 bytes used by permanent object pool.
[2019.07.12-18.16.40:399][  0]LogUObjectArray: CloseDisregardForGC: 0/0 objects in disregard for GC pool
[2019.07.12-18.16.41:538][  0]LogTcpMessaging: Initializing TcpMessaging bridge
[2019.07.12-18.16.41:551][  0]LogUdpMessaging: Initializing bridge on interface 0.0.0.0:0 to multicast group 230.0.0.1:6666.
[2019.07.12-18.16.41:726][  0]SourceControl: Source control is disabled
[2019.07.12-18.16.41:726][  0]SourceControl: Source control is disabled
[2019.07.12-18.16.41:728][  0]SourceControl: Source control is disabled
[2019.07.12-18.16.41:730][  0]SourceControl: Source control is disabled
[2019.07.12-18.16.41:862][  0]LogAndroidPermission: UAndroidPermissionCallbackProxy::GetInstance
[2019.07.12-18.16.41:972][  0]LogOcInput: OculusInput pre-init called
[2019.07.12-18.16.43:097][  0]LogEngine: Initializing Engine...
[2019.07.12-18.16.43:099][  0]LogStats: UGameplayTagsManager::InitializeManager -  0.000 s
[2019.07.12-18.16.43:451][  0]LogInit: Initializing FReadOnlyCVARCache
[2019.07.12-18.16.43:475][  0]LogAIModule: Creating AISystem for world Untitled
[2019.07.12-18.16.43:491][  0]LogInit: XAudio2 using 'Speaker/Headphone (Realtek(R) Audio)' : 2 channels at 48 kHz using 32 bits per sample (channel mask 0x3)
[2019.07.12-18.16.44:489][  0]LogInit: FAudioDevice initialized.
[2019.07.12-18.16.44:489][  0]LogNetVersion: Set ProjectVersion to 1.0.0.0. Version Checksum will be recalculated on next use.
[2019.07.12-18.16.44:546][  0]LogDerivedDataCache: Saved boot cache 0.06s 71MB C:/Users/jojod/AppData/Local/UnrealEngine/4.22/DerivedDataCache/Boot.ddc.
[2019.07.12-18.16.44:546][  0]LogInit: Texture streaming: Enabled
[2019.07.12-18.16.44:575][  0]LogEngineSessionManager: EngineSessionManager initialized
[2019.07.12-18.16.44:575][  0]LogEngineSessionManager: EngineSessionManager sent abnormal shutdown report. Type=Crashed, SessionId={BE181462-4319-D425-9B90-7FB7BCA70351}
[2019.07.12-18.16.44:608][  0]LogInit: Transaction tracking system initialized
[2019.07.12-18.16.44:647][  0]BlueprintLog: New page: Editor Load
[2019.07.12-18.16.44:759][  0]LocalizationService: Localization service is disabled
[2019.07.12-18.16.45:166][  0]LogFileCache: Scanning file cache for directory 'D:/Unreal Projects/OnboardingProject/VGDC_Minigames/Content/' took 0.02s
[2019.07.12-18.16.45:166][  0]LogCook: Display: Max memory allowance for cook 16384mb min free memory 0mb
[2019.07.12-18.16.45:166][  0]LogCook: Display: Mobile HDR setting 1
[2019.07.12-18.16.45:405][  0]SourceControl: Source control is disabled
[2019.07.12-18.16.45:405][  0]Cmd: MAP LOAD FILE="D:/Unreal Projects/OnboardingProject/VGDC_Minigames/Content/StarterContent/Maps/Minimal_Default.umap" TEMPLATE=0 SHOWPROGRESS=1 FEATURELEVEL=3
[2019.07.12-18.16.45:406][  0]LightingResults: New page: Lighting Build
[2019.07.12-18.16.45:409][  0]MapCheck: New page: Map Check
[2019.07.12-18.16.45:409][  0]LightingResults: New page: Lighting Build
[2019.07.12-18.16.45:448][  0]LogUObjectHash: Compacting FUObjectHashTables data took   1.96ms
[2019.07.12-18.16.45:740][  0]LogAIModule: Creating AISystem for world Minimal_Default
[2019.07.12-18.16.45:748][  0]LogEditorServer: Finished looking for orphan Actors (0.000 secs)
[2019.07.12-18.16.45:792][  0]LogUObjectHash: Compacting FUObjectHashTables data took   2.79ms
[2019.07.12-18.16.45:793][  0]Cmd: MAP CHECKDEP NOCLEARLOG
[2019.07.12-18.16.45:793][  0]MapCheck: Map check complete: 0 Error(s), 0 Warning(s), took 0.107ms to complete.
[2019.07.12-18.16.45:793][  0]LogFileHelpers: Loading map 'Minimal_Default' took 0.388
[2019.07.12-18.16.46:030][  0]LogSlate: Updating window title bar state: overlay mode, drag disabled, window buttons hidden, title bar hidden
[2019.07.12-18.16.46:043][  0]LogSlate: Updating window title bar state: overlay mode, drag disabled, window buttons hidden, title bar hidden
[2019.07.12-18.16.46:053][  0]LogSlate: Updating window title bar state: overlay mode, drag disabled, window buttons hidden, title bar hidden
[2019.07.12-18.16.46:062][  0]LogSlate: Updating window title bar state: overlay mode, drag disabled, window buttons hidden, title bar hidden
[2019.07.12-18.16.46:073][  0]LogCollectionManager: Loaded 0 collections in 0.002903 seconds
[2019.07.12-18.16.46:119][  0]LogFileCache: Scanning file cache for directory 'D:/Unreal Projects/OnboardingProject/VGDC_Minigames/Saved/Collections/' took 0.01s
[2019.07.12-18.16.46:119][  0]LogFileCache: Scanning file cache for directory 'D:/Unreal Projects/OnboardingProject/VGDC_Minigames/Content/Developers/jojod/Collections/' took 0.01s
[2019.07.12-18.16.46:119][  0]LogFileCache: Scanning file cache for directory 'D:/Unreal Projects/OnboardingProject/VGDC_Minigames/Content/Collections/' took 0.01s
[2019.07.12-18.16.46:119][  0]LogCollectionManager: Rebuilt the GUID cache for 0 collections in 0.000001 seconds
[2019.07.12-18.16.46:139][  0]LogContentBrowser: Native class hierarchy populated in 0.0200 seconds. Added 2730 classes and 657 folders.
[2019.07.12-18.16.46:159][  0]LogContentBrowser: Native class hierarchy updated for 'WidgetCarousel' in 0.0015 seconds. Added 0 classes and 0 folders.
[2019.07.12-18.16.46:163][  0]LogPakFile: Registered encryption key '00000000000000000000000000000000': 0 pak files mounted, 0 remain pending
[2019.07.12-18.16.46:166][  0]LogPakFile: Registered encryption key '00000000000000000000000000000000': 0 pak files mounted, 0 remain pending
[2019.07.12-18.16.46:168][  0]LogPakFile: Registered encryption key '00000000000000000000000000000000': 0 pak files mounted, 0 remain pending
[2019.07.12-18.16.46:170][  0]LogPakFile: Registered encryption key '00000000000000000000000000000000': 0 pak files mounted, 0 remain pending
[2019.07.12-18.16.46:171][  0]LogPakFile: Registered encryption key '00000000000000000000000000000000': 0 pak files mounted, 0 remain pending
[2019.07.12-18.16.46:174][  0]LogPakFile: Registered encryption key '00000000000000000000000000000000': 0 pak files mounted, 0 remain pending
[2019.07.12-18.16.46:175][  0]LogPakFile: Registered encryption key '00000000000000000000000000000000': 0 pak files mounted, 0 remain pending
[2019.07.12-18.16.46:177][  0]LogPakFile: Registered encryption key '00000000000000000000000000000000': 0 pak files mounted, 0 remain pending
[2019.07.12-18.16.46:179][  0]LogPakFile: Registered encryption key '00000000000000000000000000000000': 0 pak files mounted, 0 remain pending
[2019.07.12-18.16.46:180][  0]LogPakFile: Registered encryption key '00000000000000000000000000000000': 0 pak files mounted, 0 remain pending
[2019.07.12-18.16.46:182][  0]LogPakFile: Registered encryption key '00000000000000000000000000000000': 0 pak files mounted, 0 remain pending
[2019.07.12-18.16.46:183][  0]LogPakFile: Registered encryption key '00000000000000000000000000000000': 0 pak files mounted, 0 remain pending
[2019.07.12-18.16.46:184][  0]LogPakFile: Registered encryption key '00000000000000000000000000000000': 0 pak files mounted, 0 remain pending
[2019.07.12-18.16.46:185][  0]LogPakFile: Registered encryption key '00000000000000000000000000000000': 0 pak files mounted, 0 remain pending
[2019.07.12-18.16.46:186][  0]LogPakFile: Registered encryption key '00000000000000000000000000000000': 0 pak files mounted, 0 remain pending
[2019.07.12-18.16.46:188][  0]LogPakFile: Registered encryption key '00000000000000000000000000000000': 0 pak files mounted, 0 remain pending
[2019.07.12-18.16.46:189][  0]LogPakFile: Registered encryption key '00000000000000000000000000000000': 0 pak files mounted, 0 remain pending
[2019.07.12-18.16.46:189][  0]LogPakFile: Registered encryption key '00000000000000000000000000000000': 0 pak files mounted, 0 remain pending
[2019.07.12-18.16.46:190][  0]LogPakFile: Registered encryption key '00000000000000000000000000000000': 0 pak files mounted, 0 remain pending
[2019.07.12-18.16.46:191][  0]LogPakFile: Registered encryption key '00000000000000000000000000000000': 0 pak files mounted, 0 remain pending
[2019.07.12-18.16.46:192][  0]LogPakFile: Registered encryption key '00000000000000000000000000000000': 0 pak files mounted, 0 remain pending
[2019.07.12-18.16.46:193][  0]LogPakFile: Registered encryption key '00000000000000000000000000000000': 0 pak files mounted, 0 remain pending
[2019.07.12-18.16.46:194][  0]LogPakFile: Registered encryption key '00000000000000000000000000000000': 0 pak files mounted, 0 remain pending
[2019.07.12-18.16.46:195][  0]LogPakFile: Registered encryption key '00000000000000000000000000000000': 0 pak files mounted, 0 remain pending
[2019.07.12-18.16.46:196][  0]LogPakFile: Registered encryption key '00000000000000000000000000000000': 0 pak files mounted, 0 remain pending
[2019.07.12-18.16.46:197][  0]LogPakFile: Registered encryption key '00000000000000000000000000000000': 0 pak files mounted, 0 remain pending
[2019.07.12-18.16.46:250][  0]LogContentBrowser: Native class hierarchy updated for 'AddContentDialog' in 0.0008 seconds. Added 0 classes and 0 folders.
[2019.07.12-18.16.46:259][  0]LogContentBrowser: Native class hierarchy updated for 'SceneOutliner' in 0.0008 seconds. Added 1 classes and 2 folders.
[2019.07.12-18.16.46:283][  0]LogSlate: Took 0.000251 seconds to synchronously load lazily loaded font '../../../Engine/Content/Slate/Fonts/Roboto-Regular.ttf' (155K)
[2019.07.12-18.16.46:289][  0]LogSlate: Took 0.000203 seconds to synchronously load lazily loaded font '../../../Engine/Content/Slate/Fonts/Roboto-Bold.ttf' (160K)
[2019.07.12-18.16.46:291][  0]LogSlate: Took 0.000188 seconds to synchronously load lazily loaded font '../../../Engine/Content/Editor/Slate/Fonts/FontAwesome.ttf' (139K)
[2019.07.12-18.16.46:409][  0]LogRenderer: Reallocating scene render targets to support 1132x516 Format 10 NumSamples 1 (Frame:1).
[2019.07.12-18.16.46:689][  0]LogContentBrowser: Native class hierarchy updated for 'HierarchicalLODOutliner' in 0.0024 seconds. Added 0 classes and 0 folders.
[2019.07.12-18.16.46:689][  0]LogLoad: (Engine Initialization) Total time: 13.40 seconds
[2019.07.12-18.16.46:689][  0]LogLoad: (Engine Initialization) Total Blueprint compile time: 0.00 seconds
[2019.07.12-18.16.46:765][  0]LogContentStreaming: Texture pool size now 1000 MB
[2019.07.12-18.16.46:812][  0]LogSlate: Took 0.000433 seconds to synchronously load lazily loaded font '../../../Engine/Content/Slate/Fonts/Roboto-Light.ttf' (167K)
[2019.07.12-18.16.46:842][  1]LogAssetRegistry: Asset discovery search completed in 7.8346 seconds
[2019.07.12-18.16.46:845][  1]LogCollectionManager: Rebuilt the object cache for 0 collections in 0.000000 seconds (found 0 objects)
[2019.07.12-18.16.46:845][  1]LogCollectionManager: Fixed up redirectors for 0 collections in 0.000071 seconds (updated 0 objects)
[2019.07.12-18.18.36:155][371]LogSlate: FSceneViewport::OnFocusLost() reason 0
[2019.07.12-18.18.36:287][372]Candidate modules for hot reload:
[2019.07.12-18.18.36:288][372]  VGDC_Minigames
[2019.07.12-18.18.36:288][372]Launching UnrealBuildTool... [C:/Program Files/Epic Games/UE_4.22/Engine/Binaries/DotNET/UnrealBuildTool.exe  -ModuleWithSuffix=VGDC_Minigames,2671 Win64 Development -TargetType=Editor -Project="D:/Unreal Projects/OnboardingProject/VGDC_Minigames/VGDC_Minigames.uproject" "D:/Unreal Projects/OnboardingProject/VGDC_Minigames/VGDC_Minigames.uproject"  -IgnoreJunk]
[2019.07.12-18.18.36:293][372]Warning: Starting HotReload took  0.1s.
[2019.07.12-18.19.22:953][767]CompilerResultsLog: New page: Compilation - Jul 12, 2019, 10:19:22 AM
[2019.07.12-18.19.22:953][767]CompilerResultsLog: Using 'git status' to determine working set for adaptive non-unity build (D:\Unreal Projects\OnboardingProject).
[2019.07.12-18.19.22:953][767]CompilerResultsLog: Creating makefile for VGDC_MinigamesEditor (ini files are newer than makefile)
[2019.07.12-18.19.22:953][767]CompilerResultsLog: Parsing headers for VGDC_MinigamesEditor
[2019.07.12-18.19.22:953][767]CompilerResultsLog:   Running UnrealHeaderTool "D:\Unreal Projects\OnboardingProject\VGDC_Minigames\VGDC_Minigames.uproject" "D:\Unreal Projects\OnboardingProject\VGDC_Minigames\Intermediate\Build\Win64\VGDC_MinigamesEditor\Development\VGDC_MinigamesEditor.uhtmanifest" -LogCmds="loginit warning, logexit warning, logdatabase error" -Unattended -WarningsAsErrors -installed
[2019.07.12-18.19.22:953][767]CompilerResultsLog: Reflection code generated for VGDC_MinigamesEditor in 12.6988298 seconds
[2019.07.12-18.19.22:953][767]CompilerResultsLog: Using Visual Studio 2017 14.16.27023 toolchain (C:\Program Files (x86)\Microsoft Visual Studio\2017\Community\VC\Tools\MSVC\14.16.27023) and Windows 10.0.17763.0 SDK (C:\Program Files (x86)\Windows Kits\10).
[2019.07.12-18.19.22:953][767]CompilerResultsLog: Building 5 actions with 12 processes...
[2019.07.12-18.19.22:953][767]CompilerResultsLog:   [1/5] SortGames.cpp
[2019.07.12-18.19.22:954][767]CompilerResultsLog:   [2/5] SortGames.gen.cpp
[2019.07.12-18.19.22:954][767]CompilerResultsLog:   [3/5] UE4Editor-VGDC_Minigames-2671.lib
[2019.07.12-18.19.22:954][767]CompilerResultsLog:      Creating library D:\Unreal Projects\OnboardingProject\VGDC_Minigames\Intermediate\Build\Win64\UE4Editor\Development\VGDC_Minigames\UE4Editor-VGDC_Minigames-2671.lib and object D:\Unreal Projects\OnboardingProject\VGDC_Minigames\Intermediate\Build\Win64\UE4Editor\Development\VGDC_Minigames\UE4Editor-VGDC_Minigames-2671.exp
[2019.07.12-18.19.22:954][767]CompilerResultsLog:   [4/5] UE4Editor-VGDC_Minigames-2671.dll
[2019.07.12-18.19.22:954][767]CompilerResultsLog:      Creating library D:\Unreal Projects\OnboardingProject\VGDC_Minigames\Intermediate\Build\Win64\UE4Editor\Development\VGDC_Minigames\UE4Editor-VGDC_Minigames-2671.suppressed.lib and object D:\Unreal Projects\OnboardingProject\VGDC_Minigames\Intermediate\Build\Win64\UE4Editor\Development\VGDC_Minigames\UE4Editor-VGDC_Minigames-2671.suppressed.exp
[2019.07.12-18.19.22:954][767]CompilerResultsLog:   [5/5] VGDC_MinigamesEditor.target
[2019.07.12-18.19.22:954][767]CompilerResultsLog: Total time in Parallel executor: 30.33 seconds
[2019.07.12-18.19.22:954][767]CompilerResultsLog: Total execution time: 46.49 seconds
[2019.07.12-18.19.22:954][767]LogMainFrame: MainFrame: Module compiling took 46.717 seconds
[2019.07.12-18.19.23:018][767]LogUObjectHash: Compacting FUObjectHashTables data took   1.54ms
[2019.07.12-18.19.26:373][767]LogContentBrowser: Native class hierarchy updated for 'VGDC_Minigames' in 0.0008 seconds. Added 1 classes and 3 folders.
[2019.07.12-18.19.26:375][767]Display: HotReload successful (0 functions remapped  0 scriptstructs remapped)
[2019.07.12-18.19.26:629][767]LogUObjectHash: Compacting FUObjectHashTables data took   1.53ms
[2019.07.12-18.19.26:642][767]LogContentBrowser: Native class hierarchy populated in 0.0121 seconds. Added 2731 classes and 659 folders.
[2019.07.12-18.19.26:647][767]Display: HotReload took 50.4s.
[2019.07.12-18.19.45:355][252]LogSlate: Took 0.000483 seconds to synchronously load lazily loaded font '../../../Engine/Content/Slate/Fonts/DroidSansMono.ttf' (77K)
[2019.07.12-18.19.49:624][361]LogTemp: Repeating last play command: New Editor Window (PIE)
[2019.07.12-18.19.49:642][361]LogBlueprintUserMessages: Early PlayInEditor Detection: Level '/Game/StarterContent/Maps/Minimal_Default.Minimal_Default:PersistentLevel' has LevelScriptBlueprint '/Game/StarterContent/Maps/Minimal_Default.Minimal_Default:PersistentLevel.Minimal_Default' with GeneratedClass '/Game/StarterContent/Maps/Minimal_Default.Minimal_Default_C' with ClassGeneratedBy '/Game/StarterContent/Maps/Minimal_Default.Minimal_Default:PersistentLevel.Minimal_Default'
[2019.07.12-18.19.49:642][361]LogPlayLevel: PlayLevel: No blueprints needed recompiling
[2019.07.12-18.19.49:642][361]PIE: New page: PIE session: Minimal_Default (Jul 12, 2019, 10:19:49 AM)
[2019.07.12-18.19.49:656][361]LogPlayLevel: Creating play world package: /Game/StarterContent/Maps/UEDPIE_0_Minimal_Default
[2019.07.12-18.19.49:662][361]LogPlayLevel: PIE: StaticDuplicateObject took: (0.005672s)
[2019.07.12-18.19.49:663][361]LogAIModule: Creating AISystem for world Minimal_Default
[2019.07.12-18.19.49:663][361]LogPlayLevel: PIE: World Init took: (0.001091s)
[2019.07.12-18.19.49:664][361]LogPlayLevel: PIE: Created PIE world by copying editor world from /Game/StarterContent/Maps/Minimal_Default.Minimal_Default to /Game/StarterContent/Maps/UEDPIE_0_Minimal_Default.Minimal_Default (0.007763s)
[2019.07.12-18.19.49:712][361]LogUObjectHash: Compacting FUObjectHashTables data took   1.85ms
[2019.07.12-18.19.49:724][361]LogInit: XAudio2 using 'Speaker/Headphone (Realtek(R) Audio)' : 2 channels at 48 kHz using 32 bits per sample (channel mask 0x3)
[2019.07.12-18.19.49:772][361]LogInit: FAudioDevice initialized.
[2019.07.12-18.19.49:789][361]LogSlate: Updating window title bar state: overlay mode, drag disabled, window buttons hidden, title bar hidden
[2019.07.12-18.19.49:841][361]LogLoad: Game class is 'GameModeBase'
[2019.07.12-18.19.49:845][361]LogWorld: Bringing World /Game/StarterContent/Maps/UEDPIE_0_Minimal_Default.Minimal_Default up for play (max tick rate 0) at 2019.07.12-14.19.49
[2019.07.12-18.19.49:845][361]LogWorld: Bringing up level for play took: 0.001971
[2019.07.12-18.19.49:905][361]LogContentBrowser: Native class hierarchy updated for 'MovieSceneCapture' in 0.0007 seconds. Added 20 classes and 0 folders.
[2019.07.12-18.19.49:907][361]LogTemp: Warning: size(a) is 4
[2019.07.12-18.19.49:907][361]LogTemp: Warning: size(a) is 2
[2019.07.12-18.19.49:907][361]LogTemp: Warning: size(a) is 1
[2019.07.12-18.19.49:907][361]LogTemp: Warning: This should end the program
[2019.07.12-18.19.49:907][361]LogTemp: Warning: size(b) is 0
[2019.07.12-18.19.49:907][361]LogTemp: Warning: This should end the program
[2019.07.12-18.19.49:907][361]LogTemp: Warning: aIdx is 0 and bIdx is 0
[2019.07.12-18.19.49:907][361]LogOutputDevice: Warning: 

Script Stack (0 frames):

[2019.07.12-18.19.49:907][361]LogWindows: Windows GetLastError: The operation completed successfully. (0)
[2019.07.12-18.19.52:599][361]LogWindows: Error: === Critical error: ===
[2019.07.12-18.19.52:599][361]LogWindows: Error: 
[2019.07.12-18.19.52:599][361]LogWindows: Error: Assertion failed: (Index >= 0) & (Index < ArrayNum) [File:C:\Program Files\Epic Games\UE_4.22\Engine\Source\Runtime\Core\Public\Containers/Array.h] [Line: 611] 
[2019.07.12-18.19.52:599][361]LogWindows: Error: Array index out of bounds: 0 from an array of size 0
[2019.07.12-18.19.52:599][361]LogWindows: Error: 
[2019.07.12-18.19.52:600][361]LogWindows: Error: 
[2019.07.12-18.19.52:600][361]LogWindows: Error: [Callstack] 0x00007ff95402a839 KERNELBASE.dll!UnknownFunction []
[2019.07.12-18.19.52:600][361]LogWindows: Error: [Callstack] 0x00007ff8ea4f1f07 UE4Editor-Core.dll!UnknownFunction []
[2019.07.12-18.19.52:600][361]LogWindows: Error: [Callstack] 0x00007ff8ea4f46b7 UE4Editor-Core.dll!UnknownFunction []
[2019.07.12-18.19.52:600][361]LogWindows: Error: [Callstack] 0x00007ff8ea307cea UE4Editor-Core.dll!UnknownFunction []
[2019.07.12-18.19.52:600][361]LogWindows: Error: [Callstack] 0x00007ff8ea28fe07 UE4Editor-Core.dll!UnknownFunction []
[2019.07.12-18.19.52:600][361]LogWindows: Error: [Callstack] 0x00007ff8ea290499 UE4Editor-Core.dll!UnknownFunction []
[2019.07.12-18.19.52:600][361]LogWindows: Error: [Callstack] 0x00007ff8f48a6068 UE4Editor-VGDC_Minigames-2671.dll!DispatchCheckVerify<void,<lambda_623839d1b0feb665ddd2316fbabd4b54> >() [c:\program files\epic games\ue_4.22\engine\source\runtime\core\public\misc\assertionmacros.h:162]
[2019.07.12-18.19.52:600][361]LogWindows: Error: [Callstack] 0x00007ff8f48a2cb8 UE4Editor-VGDC_Minigames-2671.dll!ASortGames::sortList() [d:\unreal projects\onboardingproject\vgdc_minigames\source\vgdc_minigames\private\sortgames.cpp:96]
[2019.07.12-18.19.52:600][361]LogWindows: Error: [Callstack] 0x00007ff8f48a2b7b UE4Editor-VGDC_Minigames-2671.dll!ASortGames::sortList() [d:\unreal projects\onboardingproject\vgdc_minigames\source\vgdc_minigames\private\sortgames.cpp:82]
[2019.07.12-18.19.52:600][361]LogWindows: Error: [Callstack] 0x00007ff8f48a2b7b UE4Editor-VGDC_Minigames-2671.dll!ASortGames::sortList() [d:\unreal projects\onboardingproject\vgdc_minigames\source\vgdc_minigames\private\sortgames.cpp:82]
[2019.07.12-18.19.52:600][361]LogWindows: Error: [Callstack] 0x00007ff8f48a23c5 UE4Editor-VGDC_Minigames-2671.dll!ASortGames::BeginPlay() [d:\unreal projects\onboardingproject\vgdc_minigames\source\vgdc_minigames\private\sortgames.cpp:30]
[2019.07.12-18.19.52:600][361]LogWindows: Error: [Callstack] 0x00007ff8e6c81af6 UE4Editor-Engine.dll!UnknownFunction []
[2019.07.12-18.19.52:600][361]LogWindows: Error: [Callstack] 0x00007ff8e7d9cb29 UE4Editor-Engine.dll!UnknownFunction []
[2019.07.12-18.19.52:600][361]LogWindows: Error: [Callstack] 0x00007ff8e73028f1 UE4Editor-Engine.dll!UnknownFunction []
[2019.07.12-18.19.52:600][361]LogWindows: Error: [Callstack] 0x00007ff8e7d5743e UE4Editor-Engine.dll!UnknownFunction []
[2019.07.12-18.19.52:600][361]LogWindows: Error: [Callstack] 0x00007ff8e72c998f UE4Editor-Engine.dll!UnknownFunction []
[2019.07.12-18.19.52:600][361]LogWindows: Error: [Callstack] 0x00007ff8e5cfbdd4 UE4Editor-UnrealEd.dll!UnknownFunction []
[2019.07.12-18.19.52:600][361]LogWindows: Error: [Callstack] 0x00007ff8e5d1afd4 UE4Editor-UnrealEd.dll!UnknownFunction []
[2019.07.12-18.19.52:600][361]LogWindows: Error: [Callstack] 0x00007ff8e5d3312f UE4Editor-UnrealEd.dll!UnknownFunction []
[2019.07.12-18.19.52:600][361]LogWindows: Error: [Callstack] 0x00007ff8e580fc4a UE4Editor-UnrealEd.dll!UnknownFunction []
[2019.07.12-18.19.52:600][361]LogWindows: Error: [Callstack] 0x00007ff8e602cce6 UE4Editor-UnrealEd.dll!UnknownFunction []
[2019.07.12-18.19.52:600][361]LogWindows: Error: [Callstack] 0x00007ff7bf4e6bb1 UE4Editor.exe!UnknownFunction []
[2019.07.12-18.19.52:600][361]LogWindows: Error: [Callstack] 0x00007ff7bf4f554c UE4Editor.exe!UnknownFunction []
[2019.07.12-18.19.52:600][361]LogWindows: Error: [Callstack] 0x00007ff7bf4f55ca UE4Editor.exe!UnknownFunction []
[2019.07.12-18.19.52:600][361]LogWindows: Error: [Callstack] 0x00007ff7bf50316c UE4Editor.exe!UnknownFunction []
[2019.07.12-18.19.52:600][361]LogWindows: Error: [Callstack] 0x00007ff7bf505b8e UE4Editor.exe!UnknownFunction []
[2019.07.12-18.19.52:600][361]LogWindows: Error: [Callstack] 0x00007ff956847bd4 KERNEL32.DLL!UnknownFunction []
[2019.07.12-18.19.52:600][361]LogWindows: Error: [Callstack] 0x00007ff956dace71 ntdll.dll!UnknownFunction []
[2019.07.12-18.19.52:600][361]LogWindows: Error: 
[2019.07.12-18.19.52:615][361]LogExit: Executing StaticShutdownAfterError
[2019.07.12-18.19.52:617][361]LogWindows: FPlatformMisc::RequestExit(1)
[2019.07.12-18.19.52:630][361]Log file closed, 07/12/19 14:19:52
