Log file open, 07/15/19 21:17:48
LogWindows: Failed to load 'aqProf.dll' (GetLastError=126)
LogWindows: File 'aqProf.dll' does not exist
LogWindows: Failed to load 'VtuneApi.dll' (GetLastError=126)
LogWindows: File 'VtuneApi.dll' does not exist
LogWindows: Failed to load 'VtuneApi32e.dll' (GetLastError=126)
LogWindows: File 'VtuneApi32e.dll' does not exist
LogConsoleResponse: Display: Failed to find resolution value strings in scalability ini. Falling back to default.
LogInit: Display: Running engine for game: VGDC_Minigames
LogPakFile: Registered encryption key '00000000000000000000000000000000': 0 pak files mounted, 0 remain pending
LogPlatformFile: Not using cached read wrapper
LogTaskGraph: Started task graph with 5 named threads and 35 total threads with 3 sets of task threads.
LogStats: Stats thread started at 0.684031
LogD3D11RHI: Loaded GFSDK_Aftermath_Lib.x64.dll
LogICUInternationalization: ICU TimeZone Detection - Raw Offset: -5:00, Platform Override: ''
LogPluginManager: Mounting plugin Paper2D
LogPluginManager: Mounting plugin AISupport
LogPluginManager: Mounting plugin LightPropagationVolume
LogPluginManager: Mounting plugin ActorLayerUtilities
LogPluginManager: Mounting plugin AnimationSharing
LogPluginManager: Mounting plugin CLionSourceCodeAccess
LogPluginManager: Mounting plugin CodeLiteSourceCodeAccess
LogPluginManager: Mounting plugin GitSourceControl
LogPluginManager: Mounting plugin KDevelopSourceCodeAccess
LogPluginManager: Mounting plugin NullSourceCodeAccess
LogPluginManager: Mounting plugin PerforceSourceControl
LogPluginManager: Mounting plugin SubversionSourceControl
LogPluginManager: Mounting plugin UObjectPlugin
LogPluginManager: Mounting plugin VisualStudioCodeSourceCodeAccess
LogPluginManager: Mounting plugin VisualStudioSourceCodeAccess
LogPluginManager: Mounting plugin XCodeSourceCodeAccess
LogPluginManager: Mounting plugin AssetManagerEditor
LogPluginManager: Mounting plugin CryptoKeys
LogPluginManager: Mounting plugin DataValidation
LogPluginManager: Mounting plugin FacialAnimation
LogPluginManager: Mounting plugin GameplayTagsEditor
LogPluginManager: Mounting plugin MacGraphicsSwitching
LogPluginManager: Mounting plugin MaterialAnalyzer
LogPluginManager: Mounting plugin MobileLauncherProfileWizard
LogPluginManager: Mounting plugin PluginBrowser
LogPluginManager: Mounting plugin SpeedTreeImporter
LogPluginManager: Mounting plugin DatasmithContent
LogPluginManager: Mounting plugin VariantManagerContent
LogPluginManager: Mounting plugin AlembicImporter
LogPluginManager: Mounting plugin AppleImageUtils
LogPluginManager: Mounting plugin AppleVision
LogPluginManager: Mounting plugin BackChannel
LogPluginManager: Mounting plugin CharacterAI
LogPluginManager: Mounting plugin GeometryCache
LogPluginManager: Mounting plugin HTML5Networking
LogPluginManager: Mounting plugin ProxyLODPlugin
LogPluginManager: Mounting plugin SkeletalReduction
LogPluginManager: Mounting plugin MagicLeap
LogPluginManager: Mounting plugin MagicLeapMedia
LogPluginManager: Mounting plugin AndroidMedia
LogPluginManager: Mounting plugin AvfMedia
LogPluginManager: Mounting plugin ImgMedia
LogPluginManager: Mounting plugin LinearTimecode
LogPluginManager: Mounting plugin MediaCompositing
LogPluginManager: Mounting plugin MediaPlayerEditor
LogPluginManager: Mounting plugin WebMMedia
LogPluginManager: Mounting plugin WmfMedia
LogPluginManager: Mounting plugin TcpMessaging
LogPluginManager: Mounting plugin UdpMessaging
LogPluginManager: Mounting plugin ActorSequence
LogPluginManager: Mounting plugin LevelSequenceEditor
LogPluginManager: Mounting plugin MatineeToLevelSequence
LogPluginManager: Mounting plugin NetcodeUnitTest
LogPluginManager: Mounting plugin NUTUnrealEngine4
LogPluginManager: Mounting plugin OnlineSubsystemGooglePlay
LogPluginManager: Mounting plugin OnlineSubsystemIOS
LogPluginManager: Mounting plugin OnlineSubsystem
LogPluginManager: Mounting plugin OnlineSubsystemNull
LogPluginManager: Mounting plugin OnlineSubsystemUtils
LogPluginManager: Mounting plugin LauncherChunkInstaller
LogPluginManager: Mounting plugin AndroidDeviceProfileSelector
LogPluginManager: Mounting plugin AndroidMoviePlayer
LogPluginManager: Mounting plugin AndroidPermission
LogPluginManager: Mounting plugin AppleMoviePlayer
LogPluginManager: Mounting plugin ArchVisCharacter
LogPluginManager: Mounting plugin AudioCapture
LogPluginManager: Mounting plugin CableComponent
LogPluginManager: Mounting plugin CustomMeshComponent
LogPluginManager: Mounting plugin EditableMesh
LogPluginManager: Mounting plugin ExampleDeviceProfileSelector
LogPluginManager: Mounting plugin Firebase
LogPluginManager: Mounting plugin GoogleCloudMessaging
LogPluginManager: Mounting plugin IOSDeviceProfileSelector
LogPluginManager: Mounting plugin LinuxDeviceProfileSelector
LogPluginManager: Mounting plugin LocationServicesBPLibrary
LogPluginManager: Mounting plugin MobilePatchingUtils
LogPluginManager: Mounting plugin OculusVR
LogPluginManager: Mounting plugin PhysXVehicles
LogPluginManager: Mounting plugin ProceduralMeshComponent
LogPluginManager: Mounting plugin RuntimePhysXCooking
LogPluginManager: Mounting plugin SignificanceManager
LogPluginManager: Mounting plugin WebMMoviePlayer
LogPluginManager: Mounting plugin WindowsMoviePlayer
LogInit: Using libcurl 7.55.1-DEV
LogInit:  - built for x86_64-pc-win32
LogInit:  - supports SSL with OpenSSL/1.1.1
LogInit:  - supports HTTP deflate (compression) using libz 1.2.8
LogInit:  - other features:
LogInit:      CURL_VERSION_SSL
LogInit:      CURL_VERSION_LIBZ
LogInit:      CURL_VERSION_IPV6
LogInit:      CURL_VERSION_ASYNCHDNS
LogInit:      CURL_VERSION_LARGEFILE
LogInit:      CURL_VERSION_IDN
LogInit:  CurlRequestOptions (configurable via config and command line):
LogInit:  - bVerifyPeer = true  - Libcurl will verify peer certificate
LogInit:  - bUseHttpProxy = false  - Libcurl will NOT use HTTP proxy
LogInit:  - bDontReuseConnections = false  - Libcurl will reuse connections
LogInit:  - MaxHostConnections = 16  - Libcurl will limit the number of connections to a host
LogInit:  - LocalHostAddr = Default
LogInit:  - BufferSize = 65536
LogInit: WinSock: version 1.1 (2.2), MaxSocks=32767, MaxUdp=65467
LogHMD: Failed initializing OVRPlugin 1.32.0
LogInit: Build: ++UE4+Release-4.22-CL-6574378
LogInit: Engine Version: 4.22.2-6574378+++UE4+Release-4.22
LogInit: Compatible Engine Version: 4.22.0-5660361+++UE4+Release-4.22
LogInit: Net CL: 5660361
LogInit: OS: Windows 10 (Release 1903) (), CPU: Intel(R) Core(TM) i7-8750H CPU @ 2.20GHz, GPU: NVIDIA GeForce GTX 1070 with Max-Q Design
LogInit: Compiled (64-bit): May 20 2019 09:54:56
LogInit: Compiled with Visual C++: 19.16.27025.01
LogInit: Build Configuration: Development
LogInit: Branch Name: ++UE4+Release-4.22
LogInit: Command Line: 
LogInit: Base Directory: C:/Program Files/Epic Games/UE_4.22/Engine/Binaries/Win64/
LogInit: Installed Engine Build: 1
LogDevObjectVersion: Number of dev versions registered: 23
LogDevObjectVersion:   Dev-Blueprints (B0D832E4-1F89-4F0D-ACCF-7EB736FD4AA2): 10
LogDevObjectVersion:   Dev-Build (E1C64328-A22C-4D53-A36C-8E866417BD8C): 0
LogDevObjectVersion:   Dev-Core (375EC13C-06E4-48FB-B500-84F0262A717E): 3
LogDevObjectVersion:   Dev-Editor (E4B068ED-F494-42E9-A231-DA0B2E46BB41): 30
LogDevObjectVersion:   Dev-Framework (CFFC743F-43B0-4480-9391-14DF171D2073): 35
LogDevObjectVersion:   Dev-Mobile (B02B49B5-BB20-44E9-A304-32B752E40360): 2
LogDevObjectVersion:   Dev-Networking (A4E4105C-59A1-49B5-A7C5-40C4547EDFEE): 0
LogDevObjectVersion:   Dev-Online (39C831C9-5AE6-47DC-9A44-9C173E1C8E7C): 0
LogDevObjectVersion:   Dev-Physics (78F01B33-EBEA-4F98-B9B4-84EACCB95AA2): 0
LogDevObjectVersion:   Dev-Platform (6631380F-2D4D-43E0-8009-CF276956A95A): 0
LogDevObjectVersion:   Dev-Rendering (12F88B9F-8875-4AFC-A67C-D90C383ABD29): 28
LogDevObjectVersion:   Dev-Sequencer (7B5AE74C-D270-4C10-A958-57980B212A5A): 11
LogDevObjectVersion:   Dev-VR (D7296918-1DD6-4BDD-9DE2-64A83CC13884): 2
LogDevObjectVersion:   Dev-LoadTimes (C2A15278-BFE7-4AFE-6C17-90FF531DF755): 1
LogDevObjectVersion:   Private-Geometry (6EACA3D4-40EC-4CC1-B786-8BED09428FC5): 3
LogDevObjectVersion:   Dev-AnimPhys (29E575DD-E0A3-4627-9D10-D276232CDCEA): 17
LogDevObjectVersion:   Dev-Anim (AF43A65D-7FD3-4947-9873-3E8ED9C1BB05): 2
LogDevObjectVersion:   Dev-ReflectionCapture (6B266CEC-1EC7-4B8F-A30B-E4D90942FC07): 1
LogDevObjectVersion:   Dev-Automation (0DF73D61-A23F-47EA-B727-89E90C41499A): 1
LogDevObjectVersion:   FortniteMain (601D1886-AC64-4F84-AA16-D3DE0DEAC7D6): 25
LogDevObjectVersion:   Dev-Enterprise (9DFFBCD6-494F-0158-E221-12823C92A888): 6
LogDevObjectVersion:   Dev-Niagara (F2AED0AC-9AFE-416F-8664-AA7FFA26D6FC): 1
LogDevObjectVersion:   Dev-Destruction (174F1F0B-B4C6-45A5-B13F-2EE8D0FB917D): 2
LogInit: Presizing for max 16777216 objects, including 0 objects not considered by GC, pre-allocating 0 bytes for permanent pool.
LogInit: Object subsystem initialized
LogConfig: Setting CVar [[con.DebugEarlyDefault:1]]
LogConfig: Setting CVar [[r.setres:1280x720]]
[2019.07.16-01.17.51:461][  0]LogConfig: Setting CVar [[r.VSync:0]]
[2019.07.16-01.17.51:461][  0]LogConfig: Setting CVar [[r.RHICmdBypass:0]]
[2019.07.16-01.17.51:461][  0]LogConfig: Applying CVar settings from Section [/Script/Engine.RendererSettings] File [D:/Unreal Projects/OnboardingProject/VGDC_Minigames/Saved/Config/Windows/Engine.ini]
[2019.07.16-01.17.51:461][  0]LogConfig: Setting CVar [[r.GPUCrashDebugging:0]]
[2019.07.16-01.17.51:461][  0]LogConfig: Setting CVar [[r.DefaultFeature.AutoExposure.ExtendDefaultLuminanceRange:1]]
[2019.07.16-01.17.51:461][  0]LogConfig: Applying CVar settings from Section [/Script/Engine.RendererOverrideSettings] File [D:/Unreal Projects/OnboardingProject/VGDC_Minigames/Saved/Config/Windows/Engine.ini]
[2019.07.16-01.17.51:461][  0]LogConfig: Applying CVar settings from Section [/Script/Engine.StreamingSettings] File [D:/Unreal Projects/OnboardingProject/VGDC_Minigames/Saved/Config/Windows/Engine.ini]
[2019.07.16-01.17.51:461][  0]LogConfig: Setting CVar [[s.MinBulkDataSizeForAsyncLoading:131072]]
[2019.07.16-01.17.51:461][  0]LogConfig: Setting CVar [[s.AsyncLoadingThreadEnabled:0]]
[2019.07.16-01.17.51:461][  0]LogConfig: Setting CVar [[s.EventDrivenLoaderEnabled:1]]
[2019.07.16-01.17.51:461][  0]LogConfig: Setting CVar [[s.WarnIfTimeLimitExceeded:0]]
[2019.07.16-01.17.51:461][  0]LogConfig: Setting CVar [[s.TimeLimitExceededMultiplier:1.5]]
[2019.07.16-01.17.51:461][  0]LogConfig: Setting CVar [[s.TimeLimitExceededMinTime:0.005]]
[2019.07.16-01.17.51:461][  0]LogConfig: Setting CVar [[s.UseBackgroundLevelStreaming:1]]
[2019.07.16-01.17.51:461][  0]LogConfig: Setting CVar [[s.PriorityAsyncLoadingExtraTime:15.0]]
[2019.07.16-01.17.51:461][  0]LogConfig: Setting CVar [[s.LevelStreamingActorsUpdateTimeLimit:5.0]]
[2019.07.16-01.17.51:461][  0]LogConfig: Setting CVar [[s.PriorityLevelStreamingActorsUpdateExtraTime:5.0]]
[2019.07.16-01.17.51:461][  0]LogConfig: Setting CVar [[s.LevelStreamingComponentsRegistrationGranularity:10]]
[2019.07.16-01.17.51:461][  0]LogConfig: Setting CVar [[s.UnregisterComponentsTimeLimit:1.0]]
[2019.07.16-01.17.51:461][  0]LogConfig: Setting CVar [[s.LevelStreamingComponentsUnregistrationGranularity:5]]
[2019.07.16-01.17.51:461][  0]LogConfig: Applying CVar settings from Section [/Script/Engine.GarbageCollectionSettings] File [D:/Unreal Projects/OnboardingProject/VGDC_Minigames/Saved/Config/Windows/Engine.ini]
[2019.07.16-01.17.51:461][  0]LogConfig: Setting CVar [[gc.MaxObjectsNotConsideredByGC:1]]
[2019.07.16-01.17.51:461][  0]LogConfig: Setting CVar [[gc.SizeOfPermanentObjectPool:0]]
[2019.07.16-01.17.51:461][  0]LogConfig: Setting CVar [[gc.FlushStreamingOnGC:0]]
[2019.07.16-01.17.51:461][  0]LogConfig: Setting CVar [[gc.NumRetriesBeforeForcingGC:10]]
[2019.07.16-01.17.51:461][  0]LogConfig: Setting CVar [[gc.AllowParallelGC:1]]
[2019.07.16-01.17.51:461][  0]LogConfig: Setting CVar [[gc.TimeBetweenPurgingPendingKillObjects:61.1]]
[2019.07.16-01.17.51:461][  0]LogConfig: Setting CVar [[gc.MaxObjectsInEditor:16777216]]
[2019.07.16-01.17.51:461][  0]LogConfig: Setting CVar [[gc.IncrementalBeginDestroyEnabled:1]]
[2019.07.16-01.17.51:461][  0]LogConfig: Setting CVar [[gc.CreateGCClusters:1]]
[2019.07.16-01.17.51:461][  0]LogConfig: Setting CVar [[gc.MinGCClusterSize:5]]
[2019.07.16-01.17.51:461][  0]LogConfig: Setting CVar [[gc.ActorClusteringEnabled:0]]
[2019.07.16-01.17.51:461][  0]LogConfig: Setting CVar [[gc.BlueprintClusteringEnabled:0]]
[2019.07.16-01.17.51:461][  0]LogConfig: Setting CVar [[gc.UseDisregardForGCOnDedicatedServers:0]]
[2019.07.16-01.17.51:462][  0]LogConfig: Applying CVar settings from Section [/Script/Engine.NetworkSettings] File [D:/Unreal Projects/OnboardingProject/VGDC_Minigames/Saved/Config/Windows/Engine.ini]
[2019.07.16-01.17.51:462][  0]LogConfig: Applying CVar settings from Section [/Script/UnrealEd.CookerSettings] File [D:/Unreal Projects/OnboardingProject/VGDC_Minigames/Saved/Config/Windows/Engine.ini]
[2019.07.16-01.17.51:466][  0]LogConfig: Applying CVar settings from Section [ViewDistanceQuality@3] File [D:/Unreal Projects/OnboardingProject/VGDC_Minigames/Saved/Config/Windows/Scalability.ini]
[2019.07.16-01.17.51:466][  0]LogConfig: Setting CVar [[r.SkeletalMeshLODBias:0]]
[2019.07.16-01.17.51:466][  0]LogConfig: Setting CVar [[r.ViewDistanceScale:1.0]]
[2019.07.16-01.17.51:466][  0]LogConfig: Applying CVar settings from Section [AntiAliasingQuality@3] File [D:/Unreal Projects/OnboardingProject/VGDC_Minigames/Saved/Config/Windows/Scalability.ini]
[2019.07.16-01.17.51:466][  0]LogConfig: Setting CVar [[r.PostProcessAAQuality:4]]
[2019.07.16-01.17.51:466][  0]LogConfig: Applying CVar settings from Section [ShadowQuality@3] File [D:/Unreal Projects/OnboardingProject/VGDC_Minigames/Saved/Config/Windows/Scalability.ini]
[2019.07.16-01.17.51:466][  0]LogConfig: Setting CVar [[r.LightFunctionQuality:1]]
[2019.07.16-01.17.51:466][  0]LogConfig: Setting CVar [[r.ShadowQuality:5]]
[2019.07.16-01.17.51:466][  0]LogConfig: Setting CVar [[r.Shadow.CSM.MaxCascades:10]]
[2019.07.16-01.17.51:466][  0]LogConfig: Setting CVar [[r.Shadow.MaxResolution:2048]]
[2019.07.16-01.17.51:466][  0]LogConfig: Setting CVar [[r.Shadow.MaxCSMResolution:2048]]
[2019.07.16-01.17.51:466][  0]LogConfig: Setting CVar [[r.Shadow.RadiusThreshold:0.01]]
[2019.07.16-01.17.51:466][  0]LogConfig: Setting CVar [[r.Shadow.DistanceScale:1.0]]
[2019.07.16-01.17.51:466][  0]LogConfig: Setting CVar [[r.Shadow.CSM.TransitionScale:1.0]]
[2019.07.16-01.17.51:466][  0]LogConfig: Setting CVar [[r.Shadow.PreShadowResolutionFactor:1.0]]
[2019.07.16-01.17.51:466][  0]LogConfig: Setting CVar [[r.DistanceFieldShadowing:1]]
[2019.07.16-01.17.51:466][  0]LogConfig: Setting CVar [[r.DistanceFieldAO:1]]
[2019.07.16-01.17.51:466][  0]LogConfig: Setting CVar [[r.AOQuality:2]]
[2019.07.16-01.17.51:466][  0]LogConfig: Setting CVar [[r.VolumetricFog:1]]
[2019.07.16-01.17.51:466][  0]LogConfig: Setting CVar [[r.VolumetricFog.GridPixelSize:8]]
[2019.07.16-01.17.51:466][  0]LogConfig: Setting CVar [[r.VolumetricFog.GridSizeZ:128]]
[2019.07.16-01.17.51:466][  0]LogConfig: Setting CVar [[r.VolumetricFog.HistoryMissSupersampleCount:4]]
[2019.07.16-01.17.51:466][  0]LogConfig: Setting CVar [[r.LightMaxDrawDistanceScale:1]]
[2019.07.16-01.17.51:466][  0]LogConfig: Setting CVar [[r.CapsuleShadows:1]]
[2019.07.16-01.17.51:466][  0]LogConfig: Applying CVar settings from Section [PostProcessQuality@3] File [D:/Unreal Projects/OnboardingProject/VGDC_Minigames/Saved/Config/Windows/Scalability.ini]
[2019.07.16-01.17.51:466][  0]LogConfig: Setting CVar [[r.MotionBlurQuality:4]]
[2019.07.16-01.17.51:467][  0]LogConfig: Setting CVar [[r.AmbientOcclusionMipLevelFactor:0.4]]
[2019.07.16-01.17.51:467][  0]LogConfig: Setting CVar [[r.AmbientOcclusionMaxQuality:100]]
[2019.07.16-01.17.51:467][  0]LogConfig: Setting CVar [[r.AmbientOcclusionLevels:-1]]
[2019.07.16-01.17.51:467][  0]LogConfig: Setting CVar [[r.AmbientOcclusionRadiusScale:1.0]]
[2019.07.16-01.17.51:467][  0]LogConfig: Setting CVar [[r.DepthOfFieldQuality:2]]
[2019.07.16-01.17.51:467][  0]LogConfig: Setting CVar [[r.RenderTargetPoolMin:400]]
[2019.07.16-01.17.51:467][  0]LogConfig: Setting CVar [[r.LensFlareQuality:2]]
[2019.07.16-01.17.51:467][  0]LogConfig: Setting CVar [[r.SceneColorFringeQuality:1]]
[2019.07.16-01.17.51:467][  0]LogConfig: Setting CVar [[r.EyeAdaptationQuality:2]]
[2019.07.16-01.17.51:467][  0]LogConfig: Setting CVar [[r.BloomQuality:5]]
[2019.07.16-01.17.51:467][  0]LogConfig: Setting CVar [[r.FastBlurThreshold:100]]
[2019.07.16-01.17.51:467][  0]LogConfig: Setting CVar [[r.Upscale.Quality:3]]
[2019.07.16-01.17.51:467][  0]LogConfig: Setting CVar [[r.Tonemapper.GrainQuantization:1]]
[2019.07.16-01.17.51:467][  0]LogConfig: Setting CVar [[r.LightShaftQuality:1]]
[2019.07.16-01.17.51:467][  0]LogConfig: Setting CVar [[r.Filter.SizeScale:1]]
[2019.07.16-01.17.51:467][  0]LogConfig: Setting CVar [[r.Tonemapper.Quality:5]]
[2019.07.16-01.17.51:467][  0]LogConfig: Setting CVar [[r.DOF.Gather.AccumulatorQuality:1        ; higher gathering accumulator quality]]
[2019.07.16-01.17.51:467][  0]LogConfig: Setting CVar [[r.DOF.Gather.PostfilterMethod:1          ; Median3x3 postfilering method]]
[2019.07.16-01.17.51:467][  0]LogConfig: Setting CVar [[r.DOF.Gather.EnableBokehSettings:0       ; no bokeh simulation when gathering]]
[2019.07.16-01.17.51:467][  0]LogConfig: Setting CVar [[r.DOF.Gather.RingCount:4                 ; medium number of samples when gathering]]
[2019.07.16-01.17.51:467][  0]LogConfig: Setting CVar [[r.DOF.Scatter.ForegroundCompositing:1    ; additive foreground scattering]]
[2019.07.16-01.17.51:467][  0]LogConfig: Setting CVar [[r.DOF.Scatter.BackgroundCompositing:2    ; additive background scattering]]
[2019.07.16-01.17.51:467][  0]LogConfig: Setting CVar [[r.DOF.Scatter.EnableBokehSettings:1      ; bokeh simulation when scattering]]
[2019.07.16-01.17.51:467][  0]LogConfig: Setting CVar [[r.DOF.Scatter.MaxSpriteRatio:0.1         ; only a maximum of 10% of scattered bokeh]]
[2019.07.16-01.17.51:467][  0]LogConfig: Setting CVar [[r.DOF.Recombine.Quality:1                ; cheap slight out of focus]]
[2019.07.16-01.17.51:467][  0]LogConfig: Setting CVar [[r.DOF.Recombine.EnableBokehSettings:0    ; no bokeh simulation on slight out of focus]]
[2019.07.16-01.17.51:467][  0]LogConfig: Setting CVar [[r.DOF.TemporalAAQuality:1                ; more stable temporal accumulation]]
[2019.07.16-01.17.51:467][  0]LogConfig: Setting CVar [[r.DOF.Kernel.MaxForegroundRadius:0.025]]
[2019.07.16-01.17.51:467][  0]LogConfig: Setting CVar [[r.DOF.Kernel.MaxBackgroundRadius:0.025]]
[2019.07.16-01.17.51:467][  0]LogConfig: Applying CVar settings from Section [TextureQuality@3] File [D:/Unreal Projects/OnboardingProject/VGDC_Minigames/Saved/Config/Windows/Scalability.ini]
[2019.07.16-01.17.51:467][  0]LogConfig: Setting CVar [[r.Streaming.MipBias:0]]
[2019.07.16-01.17.51:467][  0]LogConfig: Setting CVar [[r.Streaming.AmortizeCPUToGPUCopy:0]]
[2019.07.16-01.17.51:467][  0]LogConfig: Setting CVar [[r.Streaming.MaxNumTexturesToStreamPerFrame:0]]
[2019.07.16-01.17.51:467][  0]LogConfig: Setting CVar [[r.Streaming.Boost:1]]
[2019.07.16-01.17.51:467][  0]LogConfig: Setting CVar [[r.MaxAnisotropy:8]]
[2019.07.16-01.17.51:467][  0]LogConfig: Setting CVar [[r.Streaming.LimitPoolSizeToVRAM:0]]
[2019.07.16-01.17.51:467][  0]LogConfig: Setting CVar [[r.Streaming.PoolSize:1000]]
[2019.07.16-01.17.51:467][  0]LogConfig: Setting CVar [[r.Streaming.MaxEffectiveScreenSize:0]]
[2019.07.16-01.17.51:467][  0]LogConfig: Applying CVar settings from Section [EffectsQuality@3] File [D:/Unreal Projects/OnboardingProject/VGDC_Minigames/Saved/Config/Windows/Scalability.ini]
[2019.07.16-01.17.51:467][  0]LogConfig: Setting CVar [[r.TranslucencyLightingVolumeDim:64]]
[2019.07.16-01.17.51:467][  0]LogConfig: Setting CVar [[r.RefractionQuality:2]]
[2019.07.16-01.17.51:467][  0]LogConfig: Setting CVar [[r.SSR.Quality:3]]
[2019.07.16-01.17.51:467][  0]LogConfig: Setting CVar [[r.SceneColorFormat:4]]
[2019.07.16-01.17.51:467][  0]LogConfig: Setting CVar [[r.DetailMode:2]]
[2019.07.16-01.17.51:467][  0]LogConfig: Setting CVar [[r.TranslucencyVolumeBlur:1]]
[2019.07.16-01.17.51:467][  0]LogConfig: Setting CVar [[r.MaterialQualityLevel:1 ; High quality]]
[2019.07.16-01.17.51:467][  0]LogConfig: Setting CVar [[r.SSS.Scale:1]]
[2019.07.16-01.17.51:467][  0]LogConfig: Setting CVar [[r.SSS.SampleSet:2]]
[2019.07.16-01.17.51:467][  0]LogConfig: Setting CVar [[r.SSS.Quality:1]]
[2019.07.16-01.17.51:467][  0]LogConfig: Setting CVar [[r.SSS.HalfRes:1]]
[2019.07.16-01.17.51:467][  0]LogConfig: Setting CVar [[r.EmitterSpawnRateScale:1.0]]
[2019.07.16-01.17.51:467][  0]LogConfig: Setting CVar [[r.ParticleLightQuality:2]]
[2019.07.16-01.17.51:467][  0]LogConfig: Applying CVar settings from Section [FoliageQuality@3] File [D:/Unreal Projects/OnboardingProject/VGDC_Minigames/Saved/Config/Windows/Scalability.ini]
[2019.07.16-01.17.51:467][  0]LogConfig: Setting CVar [[foliage.DensityScale:1.0]]
[2019.07.16-01.17.51:467][  0]LogConfig: Setting CVar [[grass.DensityScale:1.0]]
[2019.07.16-01.17.51:468][  0]LogInit: Selected Device Profile: [Windows]
[2019.07.16-01.17.51:468][  0]LogInit: Applying CVar settings loaded from the selected device profile: [Windows]
[2019.07.16-01.17.51:492][  0]LogHAL: Display: Platform has ~ 32 GB [34233069568 / 34359738368 / 32], which maps to Largest [LargestMinGB=32, LargerMinGB=12, DefaultMinGB=8, SmallerMinGB=6, SmallestMinGB=0)
[2019.07.16-01.17.51:492][  0]LogConfig: Setting CVar [[r.Vulkan.UseRealUBs:0		; Required until we fix HLR fall-out]]
[2019.07.16-01.17.51:492][  0]LogInit: Going up to parent DeviceProfile []
[2019.07.16-01.17.51:493][  0]LogConfig: Applying CVar settings from Section [ViewDistanceQuality@3] File [D:/Unreal Projects/OnboardingProject/VGDC_Minigames/Saved/Config/Windows/Scalability.ini]
[2019.07.16-01.17.51:493][  0]LogConfig: Setting CVar [[r.SkeletalMeshLODBias:0]]
[2019.07.16-01.17.51:493][  0]LogConfig: Setting CVar [[r.ViewDistanceScale:1.0]]
[2019.07.16-01.17.51:493][  0]LogConfig: Applying CVar settings from Section [AntiAliasingQuality@3] File [D:/Unreal Projects/OnboardingProject/VGDC_Minigames/Saved/Config/Windows/Scalability.ini]
[2019.07.16-01.17.51:493][  0]LogConfig: Setting CVar [[r.PostProcessAAQuality:4]]
[2019.07.16-01.17.51:493][  0]LogConfig: Applying CVar settings from Section [ShadowQuality@3] File [D:/Unreal Projects/OnboardingProject/VGDC_Minigames/Saved/Config/Windows/Scalability.ini]
[2019.07.16-01.17.51:493][  0]LogConfig: Setting CVar [[r.LightFunctionQuality:1]]
[2019.07.16-01.17.51:493][  0]LogConfig: Setting CVar [[r.ShadowQuality:5]]
[2019.07.16-01.17.51:493][  0]LogConfig: Setting CVar [[r.Shadow.CSM.MaxCascades:10]]
[2019.07.16-01.17.51:493][  0]LogConfig: Setting CVar [[r.Shadow.MaxResolution:2048]]
[2019.07.16-01.17.51:493][  0]LogConfig: Setting CVar [[r.Shadow.MaxCSMResolution:2048]]
[2019.07.16-01.17.51:493][  0]LogConfig: Setting CVar [[r.Shadow.RadiusThreshold:0.01]]
[2019.07.16-01.17.51:493][  0]LogConfig: Setting CVar [[r.Shadow.DistanceScale:1.0]]
[2019.07.16-01.17.51:493][  0]LogConfig: Setting CVar [[r.Shadow.CSM.TransitionScale:1.0]]
[2019.07.16-01.17.51:493][  0]LogConfig: Setting CVar [[r.Shadow.PreShadowResolutionFactor:1.0]]
[2019.07.16-01.17.51:493][  0]LogConfig: Setting CVar [[r.DistanceFieldShadowing:1]]
[2019.07.16-01.17.51:493][  0]LogConfig: Setting CVar [[r.DistanceFieldAO:1]]
[2019.07.16-01.17.51:493][  0]LogConfig: Setting CVar [[r.AOQuality:2]]
[2019.07.16-01.17.51:493][  0]LogConfig: Setting CVar [[r.VolumetricFog:1]]
[2019.07.16-01.17.51:493][  0]LogConfig: Setting CVar [[r.VolumetricFog.GridPixelSize:8]]
[2019.07.16-01.17.51:493][  0]LogConfig: Setting CVar [[r.VolumetricFog.GridSizeZ:128]]
[2019.07.16-01.17.51:493][  0]LogConfig: Setting CVar [[r.VolumetricFog.HistoryMissSupersampleCount:4]]
[2019.07.16-01.17.51:493][  0]LogConfig: Setting CVar [[r.LightMaxDrawDistanceScale:1]]
[2019.07.16-01.17.51:493][  0]LogConfig: Setting CVar [[r.CapsuleShadows:1]]
[2019.07.16-01.17.51:493][  0]LogConfig: Applying CVar settings from Section [PostProcessQuality@3] File [D:/Unreal Projects/OnboardingProject/VGDC_Minigames/Saved/Config/Windows/Scalability.ini]
[2019.07.16-01.17.51:493][  0]LogConfig: Setting CVar [[r.MotionBlurQuality:4]]
[2019.07.16-01.17.51:493][  0]LogConfig: Setting CVar [[r.AmbientOcclusionMipLevelFactor:0.4]]
[2019.07.16-01.17.51:493][  0]LogConfig: Setting CVar [[r.AmbientOcclusionMaxQuality:100]]
[2019.07.16-01.17.51:493][  0]LogConfig: Setting CVar [[r.AmbientOcclusionLevels:-1]]
[2019.07.16-01.17.51:493][  0]LogConfig: Setting CVar [[r.AmbientOcclusionRadiusScale:1.0]]
[2019.07.16-01.17.51:493][  0]LogConfig: Setting CVar [[r.DepthOfFieldQuality:2]]
[2019.07.16-01.17.51:493][  0]LogConfig: Setting CVar [[r.RenderTargetPoolMin:400]]
[2019.07.16-01.17.51:493][  0]LogConfig: Setting CVar [[r.LensFlareQuality:2]]
[2019.07.16-01.17.51:493][  0]LogConfig: Setting CVar [[r.SceneColorFringeQuality:1]]
[2019.07.16-01.17.51:493][  0]LogConfig: Setting CVar [[r.EyeAdaptationQuality:2]]
[2019.07.16-01.17.51:493][  0]LogConfig: Setting CVar [[r.BloomQuality:5]]
[2019.07.16-01.17.51:493][  0]LogConfig: Setting CVar [[r.FastBlurThreshold:100]]
[2019.07.16-01.17.51:493][  0]LogConfig: Setting CVar [[r.Upscale.Quality:3]]
[2019.07.16-01.17.51:493][  0]LogConfig: Setting CVar [[r.Tonemapper.GrainQuantization:1]]
[2019.07.16-01.17.51:493][  0]LogConfig: Setting CVar [[r.LightShaftQuality:1]]
[2019.07.16-01.17.51:493][  0]LogConfig: Setting CVar [[r.Filter.SizeScale:1]]
[2019.07.16-01.17.51:493][  0]LogConfig: Setting CVar [[r.Tonemapper.Quality:5]]
[2019.07.16-01.17.51:493][  0]LogConfig: Setting CVar [[r.DOF.Gather.AccumulatorQuality:1        ; higher gathering accumulator quality]]
[2019.07.16-01.17.51:493][  0]LogConfig: Setting CVar [[r.DOF.Gather.PostfilterMethod:1          ; Median3x3 postfilering method]]
[2019.07.16-01.17.51:493][  0]LogConfig: Setting CVar [[r.DOF.Gather.EnableBokehSettings:0       ; no bokeh simulation when gathering]]
[2019.07.16-01.17.51:493][  0]LogConfig: Setting CVar [[r.DOF.Gather.RingCount:4                 ; medium number of samples when gathering]]
[2019.07.16-01.17.51:493][  0]LogConfig: Setting CVar [[r.DOF.Scatter.ForegroundCompositing:1    ; additive foreground scattering]]
[2019.07.16-01.17.51:493][  0]LogConfig: Setting CVar [[r.DOF.Scatter.BackgroundCompositing:2    ; additive background scattering]]
[2019.07.16-01.17.51:493][  0]LogConfig: Setting CVar [[r.DOF.Scatter.EnableBokehSettings:1      ; bokeh simulation when scattering]]
[2019.07.16-01.17.51:493][  0]LogConfig: Setting CVar [[r.DOF.Scatter.MaxSpriteRatio:0.1         ; only a maximum of 10% of scattered bokeh]]
[2019.07.16-01.17.51:493][  0]LogConfig: Setting CVar [[r.DOF.Recombine.Quality:1                ; cheap slight out of focus]]
[2019.07.16-01.17.51:493][  0]LogConfig: Setting CVar [[r.DOF.Recombine.EnableBokehSettings:0    ; no bokeh simulation on slight out of focus]]
[2019.07.16-01.17.51:493][  0]LogConfig: Setting CVar [[r.DOF.TemporalAAQuality:1                ; more stable temporal accumulation]]
[2019.07.16-01.17.51:493][  0]LogConfig: Setting CVar [[r.DOF.Kernel.MaxForegroundRadius:0.025]]
[2019.07.16-01.17.51:493][  0]LogConfig: Setting CVar [[r.DOF.Kernel.MaxBackgroundRadius:0.025]]
[2019.07.16-01.17.51:493][  0]LogConfig: Applying CVar settings from Section [TextureQuality@3] File [D:/Unreal Projects/OnboardingProject/VGDC_Minigames/Saved/Config/Windows/Scalability.ini]
[2019.07.16-01.17.51:493][  0]LogConfig: Setting CVar [[r.Streaming.MipBias:0]]
[2019.07.16-01.17.51:493][  0]LogConfig: Setting CVar [[r.Streaming.AmortizeCPUToGPUCopy:0]]
[2019.07.16-01.17.51:493][  0]LogConfig: Setting CVar [[r.Streaming.MaxNumTexturesToStreamPerFrame:0]]
[2019.07.16-01.17.51:493][  0]LogConfig: Setting CVar [[r.Streaming.Boost:1]]
[2019.07.16-01.17.51:493][  0]LogConfig: Setting CVar [[r.MaxAnisotropy:8]]
[2019.07.16-01.17.51:493][  0]LogConfig: Setting CVar [[r.Streaming.LimitPoolSizeToVRAM:0]]
[2019.07.16-01.17.51:493][  0]LogConfig: Setting CVar [[r.Streaming.PoolSize:1000]]
[2019.07.16-01.17.51:493][  0]LogConfig: Setting CVar [[r.Streaming.MaxEffectiveScreenSize:0]]
[2019.07.16-01.17.51:493][  0]LogConfig: Applying CVar settings from Section [EffectsQuality@3] File [D:/Unreal Projects/OnboardingProject/VGDC_Minigames/Saved/Config/Windows/Scalability.ini]
[2019.07.16-01.17.51:493][  0]LogConfig: Setting CVar [[r.TranslucencyLightingVolumeDim:64]]
[2019.07.16-01.17.51:493][  0]LogConfig: Setting CVar [[r.RefractionQuality:2]]
[2019.07.16-01.17.51:493][  0]LogConfig: Setting CVar [[r.SSR.Quality:3]]
[2019.07.16-01.17.51:493][  0]LogConfig: Setting CVar [[r.SceneColorFormat:4]]
[2019.07.16-01.17.51:493][  0]LogConfig: Setting CVar [[r.DetailMode:2]]
[2019.07.16-01.17.51:493][  0]LogConfig: Setting CVar [[r.TranslucencyVolumeBlur:1]]
[2019.07.16-01.17.51:493][  0]LogConfig: Setting CVar [[r.MaterialQualityLevel:1 ; High quality]]
[2019.07.16-01.17.51:493][  0]LogConfig: Setting CVar [[r.SSS.Scale:1]]
[2019.07.16-01.17.51:493][  0]LogConfig: Setting CVar [[r.SSS.SampleSet:2]]
[2019.07.16-01.17.51:493][  0]LogConfig: Setting CVar [[r.SSS.Quality:1]]
[2019.07.16-01.17.51:493][  0]LogConfig: Setting CVar [[r.SSS.HalfRes:1]]
[2019.07.16-01.17.51:493][  0]LogConfig: Setting CVar [[r.EmitterSpawnRateScale:1.0]]
[2019.07.16-01.17.51:493][  0]LogConfig: Setting CVar [[r.ParticleLightQuality:2]]
[2019.07.16-01.17.51:493][  0]LogConfig: Applying CVar settings from Section [FoliageQuality@3] File [D:/Unreal Projects/OnboardingProject/VGDC_Minigames/Saved/Config/Windows/Scalability.ini]
[2019.07.16-01.17.51:493][  0]LogConfig: Setting CVar [[foliage.DensityScale:1.0]]
[2019.07.16-01.17.51:493][  0]LogConfig: Setting CVar [[grass.DensityScale:1.0]]
[2019.07.16-01.17.51:493][  0]LogConfig: Applying CVar settings from Section [Startup] File [../../../Engine/Config/ConsoleVariables.ini]
[2019.07.16-01.17.51:494][  0]LogConfig: Setting CVar [[net.UseAdaptiveNetUpdateFrequency:0]]
[2019.07.16-01.17.51:494][  0]LogConfig: Setting CVar [[p.chaos.AllowCreatePhysxBodies:1]]
[2019.07.16-01.17.51:494][  0]LogConfig: Applying CVar settings from Section [ConsoleVariables] File [D:/Unreal Projects/OnboardingProject/VGDC_Minigames/Saved/Config/Windows/Engine.ini]
[2019.07.16-01.17.51:494][  0]LogInit: Computer: JOSEPHDASILVA
[2019.07.16-01.17.51:494][  0]LogInit: User: jojod
[2019.07.16-01.17.51:494][  0]LogInit: CPU Page size=4096, Cores=6
[2019.07.16-01.17.51:494][  0]LogInit: High frequency timer resolution =10.000000 MHz
[2019.07.16-01.17.51:495][  0]LogMemory: Memory total: Physical=31.9GB (32GB approx)
[2019.07.16-01.17.51:495][  0]LogMemory: Platform Memory Stats for Windows
[2019.07.16-01.17.51:495][  0]LogMemory: Process Physical Memory: 99.92 MB used, 99.92 MB peak
[2019.07.16-01.17.51:495][  0]LogMemory: Process Virtual Memory: 93.52 MB used, 93.52 MB peak
[2019.07.16-01.17.51:495][  0]LogMemory: Physical Memory: 10813.97 MB used,  21833.23 MB free, 32647.20 MB total
[2019.07.16-01.17.51:495][  0]LogMemory: Virtual Memory: 4678.36 MB used,  134213048.00 MB free, 134217728.00 MB total
[2019.07.16-01.17.51:599][  0]LogInit: Using OS detected language (en-US).
[2019.07.16-01.17.51:599][  0]LogInit: Using OS detected locale (en-US).
[2019.07.16-01.17.51:600][  0]LogTextLocalizationManager: No specific localization for 'en-US' exists, so the 'en' localization will be used.
[2019.07.16-01.17.51:873][  0]LogInit: Setting process to per monitor DPI aware
[2019.07.16-01.17.51:920][  0]LogSlate: New Slate User Created.  User Index 0, Is Virtual User: 0
[2019.07.16-01.17.51:920][  0]LogSlate: Slate User Registered.  User Index 0, Is Virtual User: 0
[2019.07.16-01.17.52:231][  0]LogD3D11RHI: D3D11 adapters:
[2019.07.16-01.17.52:284][  0]LogD3D11RHI:    0. 'NVIDIA GeForce GTX 1070 with Max-Q Design' (Feature Level 11_0)
[2019.07.16-01.17.52:284][  0]LogD3D11RHI:       8081/0/16323 MB DedicatedVideo/DedicatedSystem/SharedSystem, Outputs:1, VendorId:0x10de
[2019.07.16-01.17.52:288][  0]LogD3D11RHI:    1. 'Microsoft Basic Render Driver' (Feature Level 11_0)
[2019.07.16-01.17.52:288][  0]LogD3D11RHI:       0/0/16323 MB DedicatedVideo/DedicatedSystem/SharedSystem, Outputs:0, VendorId:0x1414
[2019.07.16-01.17.52:288][  0]LogD3D11RHI: Chosen D3D11 Adapter: 0
[2019.07.16-01.17.52:300][  0]LogD3D11RHI: Creating new Direct3DDevice
[2019.07.16-01.17.52:300][  0]LogD3D11RHI:     GPU DeviceId: 0x1be1 (for the marketing name, search the web for "GPU Device Id")
[2019.07.16-01.17.52:300][  0]LogWindows: EnumDisplayDevices:
[2019.07.16-01.17.52:301][  0]LogWindows:    0. 'NVIDIA GeForce GTX 1070 with Max-Q Design' (P:1 D:1)
[2019.07.16-01.17.52:301][  0]LogWindows:    1. 'NVIDIA GeForce GTX 1070 with Max-Q Design' (P:0 D:0)
[2019.07.16-01.17.52:301][  0]LogWindows:    2. 'NVIDIA GeForce GTX 1070 with Max-Q Design' (P:0 D:0)
[2019.07.16-01.17.52:301][  0]LogWindows:    3. 'NVIDIA GeForce GTX 1070 with Max-Q Design' (P:0 D:0)
[2019.07.16-01.17.52:302][  0]LogWindows: DebugString: FoundDriverCount:4 
[2019.07.16-01.17.52:302][  0]LogD3D11RHI:     Adapter Name: NVIDIA GeForce GTX 1070 with Max-Q Design
[2019.07.16-01.17.52:302][  0]LogD3D11RHI:   Driver Version: 430.86 (internal:26.21.14.3086, unified:430.86)
[2019.07.16-01.17.52:302][  0]LogD3D11RHI:      Driver Date: 5-22-2019
[2019.07.16-01.17.52:302][  0]LogRHI: Texture pool is 5656 MB (70% of 8081 MB)
[2019.07.16-01.17.52:348][  0]LogD3D11RHI: Async texture creation enabled
[2019.07.16-01.17.52:359][  0]LogRendererCore: FGlobalReadBuffer::InitRHI
[2019.07.16-01.17.52:360][  0]LogRendererCore: FGlobalReadBuffer::InitRHI
[2019.07.16-01.17.52:360][  0]LogRendererCore: FGlobalReadBuffer::InitRHI
[2019.07.16-01.17.52:370][  0]LogD3D11RHI: GPU Timing Frequency: 1000.000000 (Debug: 2 1)
[2019.07.16-01.17.52:771][  0]LogTemp: Display: Module 'AllDesktopTargetPlatform' loaded TargetPlatform 'AllDesktop'
[2019.07.16-01.17.52:788][  0]LogTemp: Display: Module 'MacClientTargetPlatform' loaded TargetPlatform 'MacClient'
[2019.07.16-01.17.52:806][  0]LogTemp: Display: Module 'MacNoEditorTargetPlatform' loaded TargetPlatform 'MacNoEditor'
[2019.07.16-01.17.52:824][  0]LogTemp: Display: Module 'MacServerTargetPlatform' loaded TargetPlatform 'MacServer'
[2019.07.16-01.17.52:842][  0]LogTemp: Display: Module 'MacTargetPlatform' loaded TargetPlatform 'Mac'
[2019.07.16-01.17.52:861][  0]LogTemp: Display: Module 'WindowsClientTargetPlatform' loaded TargetPlatform 'WindowsClient'
[2019.07.16-01.17.52:881][  0]LogTemp: Display: Module 'WindowsNoEditorTargetPlatform' loaded TargetPlatform 'WindowsNoEditor'
[2019.07.16-01.17.52:899][  0]LogTemp: Display: Module 'WindowsServerTargetPlatform' loaded TargetPlatform 'WindowsServer'
[2019.07.16-01.17.52:910][  0]LogTemp: Display: Module 'WindowsTargetPlatform' loaded TargetPlatform 'Windows'
[2019.07.16-01.17.53:002][  0]LogTemp: Display: Module 'AndroidTargetPlatform' loaded TargetPlatform 'Android'
[2019.07.16-01.17.53:002][  0]LogTemp: Display: Module 'AndroidTargetPlatform' loaded TargetPlatform 'Android_ASTC'
[2019.07.16-01.17.53:002][  0]LogTemp: Display: Module 'AndroidTargetPlatform' loaded TargetPlatform 'Android_ATC'
[2019.07.16-01.17.53:002][  0]LogTemp: Display: Module 'AndroidTargetPlatform' loaded TargetPlatform 'Android_DXT'
[2019.07.16-01.17.53:002][  0]LogTemp: Display: Module 'AndroidTargetPlatform' loaded TargetPlatform 'Android_ETC1'
[2019.07.16-01.17.53:002][  0]LogTemp: Display: Module 'AndroidTargetPlatform' loaded TargetPlatform 'Android_ETC1a'
[2019.07.16-01.17.53:002][  0]LogTemp: Display: Module 'AndroidTargetPlatform' loaded TargetPlatform 'Android_ETC2'
[2019.07.16-01.17.53:002][  0]LogTemp: Display: Module 'AndroidTargetPlatform' loaded TargetPlatform 'Android_PVRTC'
[2019.07.16-01.17.53:002][  0]LogTemp: Display: Module 'AndroidTargetPlatform' loaded TargetPlatform 'AndroidClient'
[2019.07.16-01.17.53:002][  0]LogTemp: Display: Module 'AndroidTargetPlatform' loaded TargetPlatform 'Android_ASTCClient'
[2019.07.16-01.17.53:002][  0]LogTemp: Display: Module 'AndroidTargetPlatform' loaded TargetPlatform 'Android_ATCClient'
[2019.07.16-01.17.53:002][  0]LogTemp: Display: Module 'AndroidTargetPlatform' loaded TargetPlatform 'Android_DXTClient'
[2019.07.16-01.17.53:002][  0]LogTemp: Display: Module 'AndroidTargetPlatform' loaded TargetPlatform 'Android_ETC1Client'
[2019.07.16-01.17.53:002][  0]LogTemp: Display: Module 'AndroidTargetPlatform' loaded TargetPlatform 'Android_ETC1aClient'
[2019.07.16-01.17.53:002][  0]LogTemp: Display: Module 'AndroidTargetPlatform' loaded TargetPlatform 'Android_ETC2Client'
[2019.07.16-01.17.53:002][  0]LogTemp: Display: Module 'AndroidTargetPlatform' loaded TargetPlatform 'Android_PVRTCClient'
[2019.07.16-01.17.53:002][  0]LogTemp: Display: Module 'AndroidTargetPlatform' loaded TargetPlatform 'Android_Multi'
[2019.07.16-01.17.53:002][  0]LogTemp: Display: Module 'AndroidTargetPlatform' loaded TargetPlatform 'Android_MultiClient'
[2019.07.16-01.17.53:008][  0]LogTemp: Display: Module 'HTML5TargetPlatform' loaded TargetPlatform 'HTML5'
[2019.07.16-01.17.53:067][  0]LogTemp: Display: Module 'IOSTargetPlatform' loaded TargetPlatform 'IOSClient'
[2019.07.16-01.17.53:067][  0]LogTemp: Display: Module 'IOSTargetPlatform' loaded TargetPlatform 'IOS'
[2019.07.16-01.17.53:093][  0]LogTemp: Display: Module 'TVOSTargetPlatform' loaded TargetPlatform 'TVOSClient'
[2019.07.16-01.17.53:093][  0]LogTemp: Display: Module 'TVOSTargetPlatform' loaded TargetPlatform 'TVOS'
[2019.07.16-01.17.53:109][  0]LogTemp: Display: Module 'LinuxClientTargetPlatform' loaded TargetPlatform 'LinuxClient'
[2019.07.16-01.17.53:128][  0]LogTemp: Display: Module 'LinuxNoEditorTargetPlatform' loaded TargetPlatform 'LinuxNoEditor'
[2019.07.16-01.17.53:146][  0]LogTemp: Display: Module 'LinuxServerTargetPlatform' loaded TargetPlatform 'LinuxServer'
[2019.07.16-01.17.53:166][  0]LogTemp: Display: Module 'LinuxTargetPlatform' loaded TargetPlatform 'Linux'
[2019.07.16-01.17.53:224][  0]LogTemp: Display: Module 'LuminTargetPlatform' loaded TargetPlatform 'Lumin'
[2019.07.16-01.17.53:224][  0]LogTemp: Display: Module 'LuminTargetPlatform' loaded TargetPlatform 'LuminClient'
[2019.07.16-01.17.53:225][  0]LogTargetPlatformManager: Display: Building Assets For Windows
[2019.07.16-01.17.53:249][  0]LogAudioDebug: Display: Lib vorbis DLL was dynamically loaded.
[2019.07.16-01.17.53:373][  0]LogShaderCompilers: Guid format shader working directory is -6 characters bigger than the processId version (D:/Unreal Projects/OnboardingProject/VGDC_Minigames/Intermediate/Shaders/WorkingDirectory/32644/).
[2019.07.16-01.17.53:373][  0]LogShaderCompilers: Cleaned the shader compiler working directory 'C:/Users/jojod/AppData/Local/Temp/UnrealShaderWorkingDir/63DE904A48950B02B884A3A94AB1961F/'.
[2019.07.16-01.17.53:376][  0]LogXGEController: Cleaning working directory: C:/Users/jojod/AppData/Local/Temp/UnrealXGEWorkingDir/
[2019.07.16-01.17.53:376][  0]LogXGEController: Cannot use XGE Controller as Incredibuild is not installed on this machine.
[2019.07.16-01.17.53:376][  0]LogShaderCompilers: Cannot use XGE Shader Compiler as Incredibuild is not installed on this machine.
[2019.07.16-01.17.53:376][  0]LogShaderCompilers: Display: Using Local Shader Compiler.
[2019.07.16-01.17.54:082][  0]LogDerivedDataCache: Display: Max Cache Size: 512 MB
[2019.07.16-01.17.54:175][  0]LogDerivedDataCache: Loaded boot cache 0.09s 71MB C:/Users/jojod/AppData/Local/UnrealEngine/4.22/DerivedDataCache/Boot.ddc.
[2019.07.16-01.17.54:176][  0]LogDerivedDataCache: Display: Loaded Boot cache: C:/Users/jojod/AppData/Local/UnrealEngine/4.22/DerivedDataCache/Boot.ddc
[2019.07.16-01.17.54:176][  0]LogDerivedDataCache: FDerivedDataBackendGraph:  Pak pak cache file D:/Unreal Projects/OnboardingProject/VGDC_Minigames/DerivedDataCache/DDC.ddp not found, will not use a pak cache.
[2019.07.16-01.17.54:176][  0]LogDerivedDataCache: Unable to find inner node Pak for hierarchical cache Hierarchy.
[2019.07.16-01.17.54:176][  0]LogDerivedDataCache: FDerivedDataBackendGraph:  CompressedPak pak cache file D:/Unreal Projects/OnboardingProject/VGDC_Minigames/DerivedDataCache/Compressed.ddp not found, will not use a pak cache.
[2019.07.16-01.17.54:176][  0]LogDerivedDataCache: Unable to find inner node CompressedPak for hierarchical cache Hierarchy.
[2019.07.16-01.17.54:189][  0]LogDerivedDataCache: Display: Pak cache opened for reading ../../../Engine/DerivedDataCache/Compressed.ddp.
[2019.07.16-01.17.54:190][  0]LogDerivedDataCache: FDerivedDataBackendGraph:  EnterprisePak pak cache file ../../../Enterprise/DerivedDataCache/Compressed.ddp not found, will not use a pak cache.
[2019.07.16-01.17.54:190][  0]LogDerivedDataCache: Unable to find inner node EnterprisePak for hierarchical cache Hierarchy.
[2019.07.16-01.17.54:202][  0]LogDerivedDataCache: Using Local data cache path C:/Users/jojod/AppData/Local/UnrealEngine/Common/DerivedDataCache: Writable
[2019.07.16-01.17.54:202][  0]LogDerivedDataCache: Shared data cache path not found in *engine.ini, will not use an Shared cache.
[2019.07.16-01.17.54:202][  0]LogDerivedDataCache: Unable to find inner node Shared for hierarchical cache Hierarchy.
[2019.07.16-01.17.54:225][  0]LogMaterial: Verifying Global Shaders for PCD3D_SM5
[2019.07.16-01.17.54:229][  0]LogSlate: Using FreeType 2.6.0
[2019.07.16-01.17.54:232][  0]LogSlate: SlateFontServices - WITH_FREETYPE: 1, WITH_HARFBUZZ: 1
[2019.07.16-01.17.54:376][  0]LogAssetRegistry: FAssetRegistry took 0.0375 seconds to start up
[2019.07.16-01.17.54:797][  0]LogInit: Selected Device Profile: [Windows]
[2019.07.16-01.17.54:996][  0]LogMeshReduction: Using QuadricMeshReduction for automatic static mesh reduction
[2019.07.16-01.17.54:996][  0]LogMeshReduction: Using SimplygonMeshReduction for automatic skeletal mesh reduction
[2019.07.16-01.17.54:996][  0]LogMeshReduction: Using ProxyLODMeshReduction for automatic mesh merging
[2019.07.16-01.17.54:996][  0]LogMeshReduction: No distributed automatic mesh merging module available
[2019.07.16-01.17.54:996][  0]LogMeshMerging: No distributed automatic mesh merging module available
[2019.07.16-01.17.55:019][  0]LogNetVersion: VGDC_Minigames 1.0.0, NetCL: 5660361, EngineNetVer: 10, GameNetVer: 0 (Checksum: 3960777806)
[2019.07.16-01.17.55:545][  0]LogPackageLocalizationCache: Processed 9 localized package path(s) for 1 prioritized culture(s) in 0.027632 seconds
[2019.07.16-01.17.55:551][  0]LogUObjectArray: 41958 objects as part of root set at end of initial load.
[2019.07.16-01.17.55:551][  0]LogUObjectAllocator: 7284248 out of 0 bytes used by permanent object pool.
[2019.07.16-01.17.55:551][  0]LogUObjectArray: CloseDisregardForGC: 0/0 objects in disregard for GC pool
[2019.07.16-01.17.57:052][  0]LogTcpMessaging: Initializing TcpMessaging bridge
[2019.07.16-01.17.57:069][  0]LogUdpMessaging: Initializing bridge on interface 0.0.0.0:0 to multicast group 230.0.0.1:6666.
[2019.07.16-01.17.57:277][  0]SourceControl: Source control is disabled
[2019.07.16-01.17.57:277][  0]SourceControl: Source control is disabled
[2019.07.16-01.17.57:288][  0]SourceControl: Source control is disabled
[2019.07.16-01.17.57:295][  0]SourceControl: Source control is disabled
[2019.07.16-01.17.57:546][  0]LogAndroidPermission: UAndroidPermissionCallbackProxy::GetInstance
[2019.07.16-01.17.57:671][  0]LogOcInput: OculusInput pre-init called
[2019.07.16-01.17.58:386][  0]LogEngine: Initializing Engine...
[2019.07.16-01.17.58:388][  0]LogStats: UGameplayTagsManager::InitializeManager -  0.000 s
[2019.07.16-01.17.58:577][  0]LogInit: Initializing FReadOnlyCVARCache
[2019.07.16-01.17.58:610][  0]LogAIModule: Creating AISystem for world Untitled
[2019.07.16-01.17.58:652][  0]LogInit: XAudio2 using 'Speaker/Headphone (Realtek(R) Audio)' : 2 channels at 48 kHz using 32 bits per sample (channel mask 0x3)
[2019.07.16-01.17.58:758][  0]LogInit: FAudioDevice initialized.
[2019.07.16-01.17.58:759][  0]LogNetVersion: Set ProjectVersion to 1.0.0.0. Version Checksum will be recalculated on next use.
[2019.07.16-01.17.58:798][  0]LogDerivedDataCache: Saved boot cache 0.04s 71MB C:/Users/jojod/AppData/Local/UnrealEngine/4.22/DerivedDataCache/Boot.ddc.
[2019.07.16-01.17.58:798][  0]LogInit: Texture streaming: Enabled
[2019.07.16-01.17.58:848][  0]LogEngineSessionManager: EngineSessionManager initialized
[2019.07.16-01.17.58:886][  0]LogInit: Transaction tracking system initialized
[2019.07.16-01.17.58:949][  0]BlueprintLog: New page: Editor Load
[2019.07.16-01.17.59:181][  0]LocalizationService: Localization service is disabled
[2019.07.16-01.17.59:591][  0]LogFileCache: Scanning file cache for directory 'D:/Unreal Projects/OnboardingProject/VGDC_Minigames/Content/' took 0.01s
[2019.07.16-01.17.59:591][  0]LogCook: Display: Max memory allowance for cook 16384mb min free memory 0mb
[2019.07.16-01.17.59:592][  0]LogCook: Display: Mobile HDR setting 1
[2019.07.16-01.17.59:899][  0]SourceControl: Source control is disabled
[2019.07.16-01.17.59:900][  0]Cmd: MAP LOAD FILE="D:/Unreal Projects/OnboardingProject/VGDC_Minigames/Content/StarterContent/Maps/Minimal_Default.umap" TEMPLATE=0 SHOWPROGRESS=1 FEATURELEVEL=3
[2019.07.16-01.17.59:979][  0]LightingResults: New page: Lighting Build
[2019.07.16-01.17.59:987][  0]MapCheck: New page: Map Check
[2019.07.16-01.17.59:987][  0]LightingResults: New page: Lighting Build
[2019.07.16-01.18.00:016][  0]LogUObjectHash: Compacting FUObjectHashTables data took   1.28ms
[2019.07.16-01.18.00:660][  0]LogAIModule: Creating AISystem for world Minimal_Default
[2019.07.16-01.18.00:674][  0]LogEditorServer: Finished looking for orphan Actors (0.000 secs)
[2019.07.16-01.18.00:704][  0]LogUObjectHash: Compacting FUObjectHashTables data took   1.91ms
[2019.07.16-01.18.00:704][  0]Cmd: MAP CHECKDEP NOCLEARLOG
[2019.07.16-01.18.00:704][  0]MapCheck: Map check complete: 0 Error(s), 0 Warning(s), took 0.075ms to complete.
[2019.07.16-01.18.00:704][  0]LogFileHelpers: Loading map 'Minimal_Default' took 0.805
[2019.07.16-01.18.00:874][  0]LogSlate: Updating window title bar state: overlay mode, drag disabled, window buttons hidden, title bar hidden
[2019.07.16-01.18.00:882][  0]LogSlate: Updating window title bar state: overlay mode, drag disabled, window buttons hidden, title bar hidden
[2019.07.16-01.18.00:888][  0]LogSlate: Updating window title bar state: overlay mode, drag disabled, window buttons hidden, title bar hidden
[2019.07.16-01.18.00:894][  0]LogSlate: Updating window title bar state: overlay mode, drag disabled, window buttons hidden, title bar hidden
[2019.07.16-01.18.00:918][  0]LogCollectionManager: Loaded 0 collections in 0.001759 seconds
[2019.07.16-01.18.00:971][  0]LogFileCache: Scanning file cache for directory 'D:/Unreal Projects/OnboardingProject/VGDC_Minigames/Saved/Collections/' took 0.01s
[2019.07.16-01.18.00:971][  0]LogFileCache: Scanning file cache for directory 'D:/Unreal Projects/OnboardingProject/VGDC_Minigames/Content/Developers/jojod/Collections/' took 0.01s
[2019.07.16-01.18.00:971][  0]LogFileCache: Scanning file cache for directory 'D:/Unreal Projects/OnboardingProject/VGDC_Minigames/Content/Collections/' took 0.01s
[2019.07.16-01.18.00:971][  0]LogCollectionManager: Rebuilt the GUID cache for 0 collections in 0.000001 seconds
[2019.07.16-01.18.00:981][  0]LogContentBrowser: Native class hierarchy populated in 0.0087 seconds. Added 2730 classes and 657 folders.
[2019.07.16-01.18.00:993][  0]LogContentBrowser: Native class hierarchy updated for 'WidgetCarousel' in 0.0004 seconds. Added 0 classes and 0 folders.
[2019.07.16-01.18.00:998][  0]LogPakFile: Registered encryption key '00000000000000000000000000000000': 0 pak files mounted, 0 remain pending
[2019.07.16-01.18.01:000][  0]LogPakFile: Registered encryption key '00000000000000000000000000000000': 0 pak files mounted, 0 remain pending
[2019.07.16-01.18.01:001][  0]LogPakFile: Registered encryption key '00000000000000000000000000000000': 0 pak files mounted, 0 remain pending
[2019.07.16-01.18.01:003][  0]LogPakFile: Registered encryption key '00000000000000000000000000000000': 0 pak files mounted, 0 remain pending
[2019.07.16-01.18.01:004][  0]LogPakFile: Registered encryption key '00000000000000000000000000000000': 0 pak files mounted, 0 remain pending
[2019.07.16-01.18.01:006][  0]LogPakFile: Registered encryption key '00000000000000000000000000000000': 0 pak files mounted, 0 remain pending
[2019.07.16-01.18.01:007][  0]LogPakFile: Registered encryption key '00000000000000000000000000000000': 0 pak files mounted, 0 remain pending
[2019.07.16-01.18.01:009][  0]LogPakFile: Registered encryption key '00000000000000000000000000000000': 0 pak files mounted, 0 remain pending
[2019.07.16-01.18.01:010][  0]LogPakFile: Registered encryption key '00000000000000000000000000000000': 0 pak files mounted, 0 remain pending
[2019.07.16-01.18.01:012][  0]LogPakFile: Registered encryption key '00000000000000000000000000000000': 0 pak files mounted, 0 remain pending
[2019.07.16-01.18.01:013][  0]LogPakFile: Registered encryption key '00000000000000000000000000000000': 0 pak files mounted, 0 remain pending
[2019.07.16-01.18.01:015][  0]LogPakFile: Registered encryption key '00000000000000000000000000000000': 0 pak files mounted, 0 remain pending
[2019.07.16-01.18.01:016][  0]LogPakFile: Registered encryption key '00000000000000000000000000000000': 0 pak files mounted, 0 remain pending
[2019.07.16-01.18.01:018][  0]LogPakFile: Registered encryption key '00000000000000000000000000000000': 0 pak files mounted, 0 remain pending
[2019.07.16-01.18.01:019][  0]LogPakFile: Registered encryption key '00000000000000000000000000000000': 0 pak files mounted, 0 remain pending
[2019.07.16-01.18.01:021][  0]LogPakFile: Registered encryption key '00000000000000000000000000000000': 0 pak files mounted, 0 remain pending
[2019.07.16-01.18.01:022][  0]LogPakFile: Registered encryption key '00000000000000000000000000000000': 0 pak files mounted, 0 remain pending
[2019.07.16-01.18.01:024][  0]LogPakFile: Registered encryption key '00000000000000000000000000000000': 0 pak files mounted, 0 remain pending
[2019.07.16-01.18.01:025][  0]LogPakFile: Registered encryption key '00000000000000000000000000000000': 0 pak files mounted, 0 remain pending
[2019.07.16-01.18.01:026][  0]LogPakFile: Registered encryption key '00000000000000000000000000000000': 0 pak files mounted, 0 remain pending
[2019.07.16-01.18.01:028][  0]LogPakFile: Registered encryption key '00000000000000000000000000000000': 0 pak files mounted, 0 remain pending
[2019.07.16-01.18.01:029][  0]LogPakFile: Registered encryption key '00000000000000000000000000000000': 0 pak files mounted, 0 remain pending
[2019.07.16-01.18.01:030][  0]LogPakFile: Registered encryption key '00000000000000000000000000000000': 0 pak files mounted, 0 remain pending
[2019.07.16-01.18.01:032][  0]LogPakFile: Registered encryption key '00000000000000000000000000000000': 0 pak files mounted, 0 remain pending
[2019.07.16-01.18.01:033][  0]LogPakFile: Registered encryption key '00000000000000000000000000000000': 0 pak files mounted, 0 remain pending
[2019.07.16-01.18.01:035][  0]LogPakFile: Registered encryption key '00000000000000000000000000000000': 0 pak files mounted, 0 remain pending
[2019.07.16-01.18.01:085][  0]LogContentBrowser: Native class hierarchy updated for 'AddContentDialog' in 0.0005 seconds. Added 0 classes and 0 folders.
[2019.07.16-01.18.01:099][  0]LogContentBrowser: Native class hierarchy updated for 'SceneOutliner' in 0.0005 seconds. Added 1 classes and 2 folders.
[2019.07.16-01.18.01:139][  0]LogSlate: Took 0.000836 seconds to synchronously load lazily loaded font '../../../Engine/Content/Slate/Fonts/Roboto-Regular.ttf' (155K)
[2019.07.16-01.18.01:143][  0]LogSlate: Took 0.000912 seconds to synchronously load lazily loaded font '../../../Engine/Content/Slate/Fonts/Roboto-Bold.ttf' (160K)
[2019.07.16-01.18.01:146][  0]LogSlate: Took 0.000740 seconds to synchronously load lazily loaded font '../../../Engine/Content/Editor/Slate/Fonts/FontAwesome.ttf' (139K)
[2019.07.16-01.18.01:204][  0]LogRenderer: Reallocating scene render targets to support 1132x516 Format 10 NumSamples 1 (Frame:1).
[2019.07.16-01.18.01:323][  0]LogContentBrowser: Native class hierarchy updated for 'HierarchicalLODOutliner' in 0.0005 seconds. Added 0 classes and 0 folders.
[2019.07.16-01.18.01:323][  0]LogLoad: (Engine Initialization) Total time: 15.43 seconds
[2019.07.16-01.18.01:323][  0]LogLoad: (Engine Initialization) Total Blueprint compile time: 0.00 seconds
[2019.07.16-01.18.01:358][  0]LogAssetRegistry: Asset discovery search completed in 7.0041 seconds
[2019.07.16-01.18.01:359][  0]LogCollectionManager: Rebuilt the object cache for 0 collections in 0.000000 seconds (found 0 objects)
[2019.07.16-01.18.01:359][  0]LogCollectionManager: Fixed up redirectors for 0 collections in 0.000055 seconds (updated 0 objects)
[2019.07.16-01.18.01:362][  0]LogContentStreaming: Texture pool size now 1000 MB
[2019.07.16-01.18.01:383][  0]LogSlate: Took 0.000527 seconds to synchronously load lazily loaded font '../../../Engine/Content/Slate/Fonts/Roboto-Light.ttf' (167K)
[2019.07.16-01.18.44:670][645]LogSlate: FSceneViewport::OnFocusLost() reason 0
[2019.07.16-01.18.45:964][800]LogTemp: Repeating last play command: New Editor Window (PIE)
[2019.07.16-01.18.45:973][800]LogBlueprintUserMessages: Early PlayInEditor Detection: Level '/Game/StarterContent/Maps/Minimal_Default.Minimal_Default:PersistentLevel' has LevelScriptBlueprint '/Game/StarterContent/Maps/Minimal_Default.Minimal_Default:PersistentLevel.Minimal_Default' with GeneratedClass '/Game/StarterContent/Maps/Minimal_Default.Minimal_Default_C' with ClassGeneratedBy '/Game/StarterContent/Maps/Minimal_Default.Minimal_Default:PersistentLevel.Minimal_Default'
[2019.07.16-01.18.45:974][800]LogPlayLevel: PlayLevel: No blueprints needed recompiling
[2019.07.16-01.18.45:975][800]PIE: New page: PIE session: Minimal_Default (Jul 15, 2019, 5:18:45 PM)
[2019.07.16-01.18.45:987][800]LogPlayLevel: Creating play world package: /Game/StarterContent/Maps/UEDPIE_0_Minimal_Default
[2019.07.16-01.18.45:990][800]LogPlayLevel: PIE: StaticDuplicateObject took: (0.002376s)
[2019.07.16-01.18.45:990][800]LogAIModule: Creating AISystem for world Minimal_Default
[2019.07.16-01.18.45:990][800]LogPlayLevel: PIE: World Init took: (0.000431s)
[2019.07.16-01.18.45:990][800]LogPlayLevel: PIE: Created PIE world by copying editor world from /Game/StarterContent/Maps/Minimal_Default.Minimal_Default to /Game/StarterContent/Maps/UEDPIE_0_Minimal_Default.Minimal_Default (0.003019s)
[2019.07.16-01.18.46:014][800]LogUObjectHash: Compacting FUObjectHashTables data took   0.86ms
[2019.07.16-01.18.46:021][800]LogInit: XAudio2 using 'Speaker/Headphone (Realtek(R) Audio)' : 2 channels at 48 kHz using 32 bits per sample (channel mask 0x3)
[2019.07.16-01.18.46:045][800]LogInit: FAudioDevice initialized.
[2019.07.16-01.18.46:054][800]LogSlate: Updating window title bar state: overlay mode, drag disabled, window buttons hidden, title bar hidden
[2019.07.16-01.18.46:101][800]LogLoad: Game class is 'GameModeBase'
[2019.07.16-01.18.46:103][800]LogWorld: Bringing World /Game/StarterContent/Maps/UEDPIE_0_Minimal_Default.Minimal_Default up for play (max tick rate 0) at 2019.07.15-21.18.46
[2019.07.16-01.18.46:104][800]LogWorld: Bringing up level for play took: 0.001798
[2019.07.16-01.18.46:123][800]LogContentBrowser: Native class hierarchy updated for 'MovieSceneCapture' in 0.0006 seconds. Added 20 classes and 0 folders.
[2019.07.16-01.18.46:125][800]LogTemp: Warning: size(a) is 4
[2019.07.16-01.18.46:125][800]LogTemp: Warning: size(a) is 2
[2019.07.16-01.18.46:125][800]LogTemp: Warning: size(a) is 1
[2019.07.16-01.18.46:125][800]LogTemp: Warning: This should end the program
[2019.07.16-01.18.46:125][800]LogTemp: Warning: size(b) is 0
[2019.07.16-01.18.46:125][800]LogTemp: Warning: This should end the program
[2019.07.16-01.18.46:125][800]LogTemp: Warning: aIdx is 0 and bIdx is 0
[2019.07.16-01.18.46:125][800]LogOutputDevice: Warning: 

Script Stack (0 frames):

[2019.07.16-01.18.46:125][800]LogWindows: Windows GetLastError: The operation completed successfully. (0)
[2019.07.16-01.18.47:695][800]LogWindows: Error: === Critical error: ===
[2019.07.16-01.18.47:695][800]LogWindows: Error: 
[2019.07.16-01.18.47:695][800]LogWindows: Error: Assertion failed: (Index >= 0) & (Index < ArrayNum) [File:C:\Program Files\Epic Games\UE_4.22\Engine\Source\Runtime\Core\Public\Containers/Array.h] [Line: 611] 
[2019.07.16-01.18.47:695][800]LogWindows: Error: Array index out of bounds: 0 from an array of size 0
[2019.07.16-01.18.47:695][800]LogWindows: Error: 
[2019.07.16-01.18.47:695][800]LogWindows: Error: 
[2019.07.16-01.18.47:695][800]LogWindows: Error: [Callstack] 0x00007ff95402a839 KERNELBASE.dll!UnknownFunction []
[2019.07.16-01.18.47:695][800]LogWindows: Error: [Callstack] 0x00007ff8df9b1f07 UE4Editor-Core.dll!UnknownFunction []
[2019.07.16-01.18.47:695][800]LogWindows: Error: [Callstack] 0x00007ff8df9b46b7 UE4Editor-Core.dll!UnknownFunction []
[2019.07.16-01.18.47:695][800]LogWindows: Error: [Callstack] 0x00007ff8df7c7cea UE4Editor-Core.dll!UnknownFunction []
[2019.07.16-01.18.47:695][800]LogWindows: Error: [Callstack] 0x00007ff8df74fe07 UE4Editor-Core.dll!UnknownFunction []
[2019.07.16-01.18.47:695][800]LogWindows: Error: [Callstack] 0x00007ff8df750499 UE4Editor-Core.dll!UnknownFunction []
[2019.07.16-01.18.47:695][800]LogWindows: Error: [Callstack] 0x00007ff8c6706068 UE4Editor-VGDC_Minigames-2671.dll!DispatchCheckVerify<void,<lambda_623839d1b0feb665ddd2316fbabd4b54> >() [c:\program files\epic games\ue_4.22\engine\source\runtime\core\public\misc\assertionmacros.h:162]
[2019.07.16-01.18.47:695][800]LogWindows: Error: [Callstack] 0x00007ff8c6702cb8 UE4Editor-VGDC_Minigames-2671.dll!ASortGames::sortList() [d:\unreal projects\onboardingproject\vgdc_minigames\source\vgdc_minigames\private\sortgames.cpp:96]
[2019.07.16-01.18.47:695][800]LogWindows: Error: [Callstack] 0x00007ff8c6702b7b UE4Editor-VGDC_Minigames-2671.dll!ASortGames::sortList() [d:\unreal projects\onboardingproject\vgdc_minigames\source\vgdc_minigames\private\sortgames.cpp:82]
[2019.07.16-01.18.47:695][800]LogWindows: Error: [Callstack] 0x00007ff8c6702b7b UE4Editor-VGDC_Minigames-2671.dll!ASortGames::sortList() [d:\unreal projects\onboardingproject\vgdc_minigames\source\vgdc_minigames\private\sortgames.cpp:82]
[2019.07.16-01.18.47:695][800]LogWindows: Error: [Callstack] 0x00007ff8c67023c5 UE4Editor-VGDC_Minigames-2671.dll!ASortGames::BeginPlay() [d:\unreal projects\onboardingproject\vgdc_minigames\source\vgdc_minigames\private\sortgames.cpp:30]
[2019.07.16-01.18.47:695][800]LogWindows: Error: [Callstack] 0x00007ff8d4fa1af6 UE4Editor-Engine.dll!UnknownFunction []
[2019.07.16-01.18.47:695][800]LogWindows: Error: [Callstack] 0x00007ff8d60bcb29 UE4Editor-Engine.dll!UnknownFunction []
[2019.07.16-01.18.47:695][800]LogWindows: Error: [Callstack] 0x00007ff8d56228f1 UE4Editor-Engine.dll!UnknownFunction []
[2019.07.16-01.18.47:695][800]LogWindows: Error: [Callstack] 0x00007ff8d607743e UE4Editor-Engine.dll!UnknownFunction []
[2019.07.16-01.18.47:695][800]LogWindows: Error: [Callstack] 0x00007ff8d55e998f UE4Editor-Engine.dll!UnknownFunction []
[2019.07.16-01.18.47:695][800]LogWindows: Error: [Callstack] 0x00007ff8d401bdd4 UE4Editor-UnrealEd.dll!UnknownFunction []
[2019.07.16-01.18.47:695][800]LogWindows: Error: [Callstack] 0x00007ff8d403afd4 UE4Editor-UnrealEd.dll!UnknownFunction []
[2019.07.16-01.18.47:695][800]LogWindows: Error: [Callstack] 0x00007ff8d405312f UE4Editor-UnrealEd.dll!UnknownFunction []
[2019.07.16-01.18.47:695][800]LogWindows: Error: [Callstack] 0x00007ff8d3b2fc4a UE4Editor-UnrealEd.dll!UnknownFunction []
[2019.07.16-01.18.47:695][800]LogWindows: Error: [Callstack] 0x00007ff8d434cce6 UE4Editor-UnrealEd.dll!UnknownFunction []
[2019.07.16-01.18.47:695][800]LogWindows: Error: [Callstack] 0x00007ff62f4d6bb1 UE4Editor.exe!UnknownFunction []
[2019.07.16-01.18.47:695][800]LogWindows: Error: [Callstack] 0x00007ff62f4e554c UE4Editor.exe!UnknownFunction []
[2019.07.16-01.18.47:695][800]LogWindows: Error: [Callstack] 0x00007ff62f4e55ca UE4Editor.exe!UnknownFunction []
[2019.07.16-01.18.47:695][800]LogWindows: Error: [Callstack] 0x00007ff62f4f316c UE4Editor.exe!UnknownFunction []
[2019.07.16-01.18.47:695][800]LogWindows: Error: [Callstack] 0x00007ff62f4f5b8e UE4Editor.exe!UnknownFunction []
[2019.07.16-01.18.47:695][800]LogWindows: Error: [Callstack] 0x00007ff956847bd4 KERNEL32.DLL!UnknownFunction []
[2019.07.16-01.18.47:695][800]LogWindows: Error: [Callstack] 0x00007ff956dace71 ntdll.dll!UnknownFunction []
[2019.07.16-01.18.47:695][800]LogWindows: Error: 
[2019.07.16-01.18.47:708][800]LogExit: Executing StaticShutdownAfterError
[2019.07.16-01.18.47:710][800]LogWindows: FPlatformMisc::RequestExit(1)
[2019.07.16-01.18.47:735][800]Log file closed, 07/15/19 21:18:47
