Log file open, 07/11/19 16:56:46
LogWindows: Failed to load 'aqProf.dll' (GetLastError=126)
LogWindows: File 'aqProf.dll' does not exist
LogWindows: Failed to load 'VtuneApi.dll' (GetLastError=126)
LogWindows: File 'VtuneApi.dll' does not exist
LogWindows: Failed to load 'VtuneApi32e.dll' (GetLastError=126)
LogWindows: File 'VtuneApi32e.dll' does not exist
LogConsoleResponse: Display: Failed to find resolution value strings in scalability ini. Falling back to default.
LogInit: Display: Running engine for game: VGDC_Minigames
LogPakFile: Registered encryption key '00000000000000000000000000000000': 0 pak files mounted, 0 remain pending
LogPlatformFile: Not using cached read wrapper
LogTaskGraph: Started task graph with 5 named threads and 35 total threads with 3 sets of task threads.
LogStats: Stats thread started at 0.436234
LogD3D11RHI: Loaded GFSDK_Aftermath_Lib.x64.dll
LogICUInternationalization: ICU TimeZone Detection - Raw Offset: -5:00, Platform Override: ''
LogPluginManager: Mounting plugin Paper2D
LogPluginManager: Mounting plugin AISupport
LogPluginManager: Mounting plugin LightPropagationVolume
LogPluginManager: Mounting plugin ActorLayerUtilities
LogPluginManager: Mounting plugin AnimationSharing
LogPluginManager: Mounting plugin CLionSourceCodeAccess
LogPluginManager: Mounting plugin CodeLiteSourceCodeAccess
LogPluginManager: Mounting plugin GitSourceControl
LogPluginManager: Mounting plugin KDevelopSourceCodeAccess
LogPluginManager: Mounting plugin NullSourceCodeAccess
LogPluginManager: Mounting plugin PerforceSourceControl
LogPluginManager: Mounting plugin SubversionSourceControl
LogPluginManager: Mounting plugin UObjectPlugin
LogPluginManager: Mounting plugin VisualStudioCodeSourceCodeAccess
LogPluginManager: Mounting plugin VisualStudioSourceCodeAccess
LogPluginManager: Mounting plugin XCodeSourceCodeAccess
LogPluginManager: Mounting plugin AssetManagerEditor
LogPluginManager: Mounting plugin CryptoKeys
LogPluginManager: Mounting plugin DataValidation
LogPluginManager: Mounting plugin FacialAnimation
LogPluginManager: Mounting plugin GameplayTagsEditor
LogPluginManager: Mounting plugin MacGraphicsSwitching
LogPluginManager: Mounting plugin MaterialAnalyzer
LogPluginManager: Mounting plugin MobileLauncherProfileWizard
LogPluginManager: Mounting plugin PluginBrowser
LogPluginManager: Mounting plugin SpeedTreeImporter
LogPluginManager: Mounting plugin DatasmithContent
LogPluginManager: Mounting plugin VariantManagerContent
LogPluginManager: Mounting plugin AlembicImporter
LogPluginManager: Mounting plugin AppleImageUtils
LogPluginManager: Mounting plugin AppleVision
LogPluginManager: Mounting plugin BackChannel
LogPluginManager: Mounting plugin CharacterAI
LogPluginManager: Mounting plugin GeometryCache
LogPluginManager: Mounting plugin HTML5Networking
LogPluginManager: Mounting plugin ProxyLODPlugin
LogPluginManager: Mounting plugin SkeletalReduction
LogPluginManager: Mounting plugin MagicLeap
LogPluginManager: Mounting plugin MagicLeapMedia
LogPluginManager: Mounting plugin AndroidMedia
LogPluginManager: Mounting plugin AvfMedia
LogPluginManager: Mounting plugin ImgMedia
LogPluginManager: Mounting plugin LinearTimecode
LogPluginManager: Mounting plugin MediaCompositing
LogPluginManager: Mounting plugin MediaPlayerEditor
LogPluginManager: Mounting plugin WebMMedia
LogPluginManager: Mounting plugin WmfMedia
LogPluginManager: Mounting plugin TcpMessaging
LogPluginManager: Mounting plugin UdpMessaging
LogPluginManager: Mounting plugin ActorSequence
LogPluginManager: Mounting plugin LevelSequenceEditor
LogPluginManager: Mounting plugin MatineeToLevelSequence
LogPluginManager: Mounting plugin NetcodeUnitTest
LogPluginManager: Mounting plugin NUTUnrealEngine4
LogPluginManager: Mounting plugin OnlineSubsystemGooglePlay
LogPluginManager: Mounting plugin OnlineSubsystemIOS
LogPluginManager: Mounting plugin OnlineSubsystem
LogPluginManager: Mounting plugin OnlineSubsystemNull
LogPluginManager: Mounting plugin OnlineSubsystemUtils
LogPluginManager: Mounting plugin LauncherChunkInstaller
LogPluginManager: Mounting plugin AndroidDeviceProfileSelector
LogPluginManager: Mounting plugin AndroidMoviePlayer
LogPluginManager: Mounting plugin AndroidPermission
LogPluginManager: Mounting plugin AppleMoviePlayer
LogPluginManager: Mounting plugin ArchVisCharacter
LogPluginManager: Mounting plugin AudioCapture
LogPluginManager: Mounting plugin CableComponent
LogPluginManager: Mounting plugin CustomMeshComponent
LogPluginManager: Mounting plugin EditableMesh
LogPluginManager: Mounting plugin ExampleDeviceProfileSelector
LogPluginManager: Mounting plugin Firebase
LogPluginManager: Mounting plugin GoogleCloudMessaging
LogPluginManager: Mounting plugin IOSDeviceProfileSelector
LogPluginManager: Mounting plugin LinuxDeviceProfileSelector
LogPluginManager: Mounting plugin LocationServicesBPLibrary
LogPluginManager: Mounting plugin MobilePatchingUtils
LogPluginManager: Mounting plugin OculusVR
LogPluginManager: Mounting plugin PhysXVehicles
LogPluginManager: Mounting plugin ProceduralMeshComponent
LogPluginManager: Mounting plugin RuntimePhysXCooking
LogPluginManager: Mounting plugin SignificanceManager
LogPluginManager: Mounting plugin WebMMoviePlayer
LogPluginManager: Mounting plugin WindowsMoviePlayer
LogInit: Using libcurl 7.55.1-DEV
LogInit:  - built for x86_64-pc-win32
LogInit:  - supports SSL with OpenSSL/1.1.1
LogInit:  - supports HTTP deflate (compression) using libz 1.2.8
LogInit:  - other features:
LogInit:      CURL_VERSION_SSL
LogInit:      CURL_VERSION_LIBZ
LogInit:      CURL_VERSION_IPV6
LogInit:      CURL_VERSION_ASYNCHDNS
LogInit:      CURL_VERSION_LARGEFILE
LogInit:      CURL_VERSION_IDN
LogInit:  CurlRequestOptions (configurable via config and command line):
LogInit:  - bVerifyPeer = true  - Libcurl will verify peer certificate
LogInit:  - bUseHttpProxy = false  - Libcurl will NOT use HTTP proxy
LogInit:  - bDontReuseConnections = false  - Libcurl will reuse connections
LogInit:  - MaxHostConnections = 16  - Libcurl will limit the number of connections to a host
LogInit:  - LocalHostAddr = Default
LogInit:  - BufferSize = 65536
LogInit: WinSock: version 1.1 (2.2), MaxSocks=32767, MaxUdp=65467
LogInit: Build: ++UE4+Release-4.22-CL-6574378
LogInit: Engine Version: 4.22.2-6574378+++UE4+Release-4.22
LogInit: Compatible Engine Version: 4.22.0-5660361+++UE4+Release-4.22
LogInit: Net CL: 5660361
LogInit: OS: Windows 10 (Release 1903) (), CPU: Intel(R) Core(TM) i7-8750H CPU @ 2.20GHz, GPU: NVIDIA GeForce GTX 1070 with Max-Q Design
LogInit: Compiled (64-bit): May 20 2019 09:54:56
LogInit: Compiled with Visual C++: 19.16.27025.01
LogInit: Build Configuration: Development
LogInit: Branch Name: ++UE4+Release-4.22
LogInit: Command Line:  -skipcompile
LogInit: Base Directory: C:/Program Files/Epic Games/UE_4.22/Engine/Binaries/Win64/
LogInit: Installed Engine Build: 1
LogDevObjectVersion: Number of dev versions registered: 23
LogDevObjectVersion:   Dev-Blueprints (B0D832E4-1F89-4F0D-ACCF-7EB736FD4AA2): 10
LogDevObjectVersion:   Dev-Build (E1C64328-A22C-4D53-A36C-8E866417BD8C): 0
LogDevObjectVersion:   Dev-Core (375EC13C-06E4-48FB-B500-84F0262A717E): 3
LogDevObjectVersion:   Dev-Editor (E4B068ED-F494-42E9-A231-DA0B2E46BB41): 30
LogDevObjectVersion:   Dev-Framework (CFFC743F-43B0-4480-9391-14DF171D2073): 35
LogDevObjectVersion:   Dev-Mobile (B02B49B5-BB20-44E9-A304-32B752E40360): 2
LogDevObjectVersion:   Dev-Networking (A4E4105C-59A1-49B5-A7C5-40C4547EDFEE): 0
LogDevObjectVersion:   Dev-Online (39C831C9-5AE6-47DC-9A44-9C173E1C8E7C): 0
LogDevObjectVersion:   Dev-Physics (78F01B33-EBEA-4F98-B9B4-84EACCB95AA2): 0
LogDevObjectVersion:   Dev-Platform (6631380F-2D4D-43E0-8009-CF276956A95A): 0
LogDevObjectVersion:   Dev-Rendering (12F88B9F-8875-4AFC-A67C-D90C383ABD29): 28
LogDevObjectVersion:   Dev-Sequencer (7B5AE74C-D270-4C10-A958-57980B212A5A): 11
LogDevObjectVersion:   Dev-VR (D7296918-1DD6-4BDD-9DE2-64A83CC13884): 2
LogDevObjectVersion:   Dev-LoadTimes (C2A15278-BFE7-4AFE-6C17-90FF531DF755): 1
LogDevObjectVersion:   Private-Geometry (6EACA3D4-40EC-4CC1-B786-8BED09428FC5): 3
LogDevObjectVersion:   Dev-AnimPhys (29E575DD-E0A3-4627-9D10-D276232CDCEA): 17
LogDevObjectVersion:   Dev-Anim (AF43A65D-7FD3-4947-9873-3E8ED9C1BB05): 2
LogDevObjectVersion:   Dev-ReflectionCapture (6B266CEC-1EC7-4B8F-A30B-E4D90942FC07): 1
LogDevObjectVersion:   Dev-Automation (0DF73D61-A23F-47EA-B727-89E90C41499A): 1
LogDevObjectVersion:   FortniteMain (601D1886-AC64-4F84-AA16-D3DE0DEAC7D6): 25
LogDevObjectVersion:   Dev-Enterprise (9DFFBCD6-494F-0158-E221-12823C92A888): 6
LogDevObjectVersion:   Dev-Niagara (F2AED0AC-9AFE-416F-8664-AA7FFA26D6FC): 1
LogDevObjectVersion:   Dev-Destruction (174F1F0B-B4C6-45A5-B13F-2EE8D0FB917D): 2
LogInit: Presizing for max 16777216 objects, including 0 objects not considered by GC, pre-allocating 0 bytes for permanent pool.
LogInit: Object subsystem initialized
LogConfig: Setting CVar [[con.DebugEarlyDefault:1]]
LogConfig: Setting CVar [[r.setres:1280x720]]
[2019.07.11-20.56.46:478][  0]LogConfig: Setting CVar [[r.VSync:0]]
[2019.07.11-20.56.46:478][  0]LogConfig: Setting CVar [[r.RHICmdBypass:0]]
[2019.07.11-20.56.46:478][  0]LogConfig: Applying CVar settings from Section [/Script/Engine.RendererSettings] File [D:/Unreal Projects/OnboardingProject/VGDC_Minigames/Saved/Config/Windows/Engine.ini]
[2019.07.11-20.56.46:478][  0]LogConfig: Setting CVar [[r.GPUCrashDebugging:0]]
[2019.07.11-20.56.46:478][  0]LogConfig: Setting CVar [[r.DefaultFeature.AutoExposure.ExtendDefaultLuminanceRange:1]]
[2019.07.11-20.56.46:478][  0]LogConfig: Applying CVar settings from Section [/Script/Engine.RendererOverrideSettings] File [D:/Unreal Projects/OnboardingProject/VGDC_Minigames/Saved/Config/Windows/Engine.ini]
[2019.07.11-20.56.46:478][  0]LogConfig: Applying CVar settings from Section [/Script/Engine.StreamingSettings] File [D:/Unreal Projects/OnboardingProject/VGDC_Minigames/Saved/Config/Windows/Engine.ini]
[2019.07.11-20.56.46:478][  0]LogConfig: Setting CVar [[s.MinBulkDataSizeForAsyncLoading:131072]]
[2019.07.11-20.56.46:478][  0]LogConfig: Setting CVar [[s.AsyncLoadingThreadEnabled:0]]
[2019.07.11-20.56.46:478][  0]LogConfig: Setting CVar [[s.EventDrivenLoaderEnabled:1]]
[2019.07.11-20.56.46:478][  0]LogConfig: Setting CVar [[s.WarnIfTimeLimitExceeded:0]]
[2019.07.11-20.56.46:478][  0]LogConfig: Setting CVar [[s.TimeLimitExceededMultiplier:1.5]]
[2019.07.11-20.56.46:478][  0]LogConfig: Setting CVar [[s.TimeLimitExceededMinTime:0.005]]
[2019.07.11-20.56.46:478][  0]LogConfig: Setting CVar [[s.UseBackgroundLevelStreaming:1]]
[2019.07.11-20.56.46:478][  0]LogConfig: Setting CVar [[s.PriorityAsyncLoadingExtraTime:15.0]]
[2019.07.11-20.56.46:478][  0]LogConfig: Setting CVar [[s.LevelStreamingActorsUpdateTimeLimit:5.0]]
[2019.07.11-20.56.46:478][  0]LogConfig: Setting CVar [[s.PriorityLevelStreamingActorsUpdateExtraTime:5.0]]
[2019.07.11-20.56.46:478][  0]LogConfig: Setting CVar [[s.LevelStreamingComponentsRegistrationGranularity:10]]
[2019.07.11-20.56.46:478][  0]LogConfig: Setting CVar [[s.UnregisterComponentsTimeLimit:1.0]]
[2019.07.11-20.56.46:478][  0]LogConfig: Setting CVar [[s.LevelStreamingComponentsUnregistrationGranularity:5]]
[2019.07.11-20.56.46:479][  0]LogConfig: Applying CVar settings from Section [/Script/Engine.GarbageCollectionSettings] File [D:/Unreal Projects/OnboardingProject/VGDC_Minigames/Saved/Config/Windows/Engine.ini]
[2019.07.11-20.56.46:479][  0]LogConfig: Setting CVar [[gc.MaxObjectsNotConsideredByGC:1]]
[2019.07.11-20.56.46:479][  0]LogConfig: Setting CVar [[gc.SizeOfPermanentObjectPool:0]]
[2019.07.11-20.56.46:479][  0]LogConfig: Setting CVar [[gc.FlushStreamingOnGC:0]]
[2019.07.11-20.56.46:479][  0]LogConfig: Setting CVar [[gc.NumRetriesBeforeForcingGC:10]]
[2019.07.11-20.56.46:479][  0]LogConfig: Setting CVar [[gc.AllowParallelGC:1]]
[2019.07.11-20.56.46:479][  0]LogConfig: Setting CVar [[gc.TimeBetweenPurgingPendingKillObjects:61.1]]
[2019.07.11-20.56.46:479][  0]LogConfig: Setting CVar [[gc.MaxObjectsInEditor:16777216]]
[2019.07.11-20.56.46:479][  0]LogConfig: Setting CVar [[gc.IncrementalBeginDestroyEnabled:1]]
[2019.07.11-20.56.46:479][  0]LogConfig: Setting CVar [[gc.CreateGCClusters:1]]
[2019.07.11-20.56.46:479][  0]LogConfig: Setting CVar [[gc.MinGCClusterSize:5]]
[2019.07.11-20.56.46:479][  0]LogConfig: Setting CVar [[gc.ActorClusteringEnabled:0]]
[2019.07.11-20.56.46:479][  0]LogConfig: Setting CVar [[gc.BlueprintClusteringEnabled:0]]
[2019.07.11-20.56.46:479][  0]LogConfig: Setting CVar [[gc.UseDisregardForGCOnDedicatedServers:0]]
[2019.07.11-20.56.46:479][  0]LogConfig: Applying CVar settings from Section [/Script/Engine.NetworkSettings] File [D:/Unreal Projects/OnboardingProject/VGDC_Minigames/Saved/Config/Windows/Engine.ini]
[2019.07.11-20.56.46:479][  0]LogConfig: Applying CVar settings from Section [/Script/UnrealEd.CookerSettings] File [D:/Unreal Projects/OnboardingProject/VGDC_Minigames/Saved/Config/Windows/Engine.ini]
[2019.07.11-20.56.46:481][  0]LogConfig: Applying CVar settings from Section [ViewDistanceQuality@3] File [D:/Unreal Projects/OnboardingProject/VGDC_Minigames/Saved/Config/Windows/Scalability.ini]
[2019.07.11-20.56.46:481][  0]LogConfig: Setting CVar [[r.SkeletalMeshLODBias:0]]
[2019.07.11-20.56.46:481][  0]LogConfig: Setting CVar [[r.ViewDistanceScale:1.0]]
[2019.07.11-20.56.46:481][  0]LogConfig: Applying CVar settings from Section [AntiAliasingQuality@3] File [D:/Unreal Projects/OnboardingProject/VGDC_Minigames/Saved/Config/Windows/Scalability.ini]
[2019.07.11-20.56.46:481][  0]LogConfig: Setting CVar [[r.PostProcessAAQuality:4]]
[2019.07.11-20.56.46:481][  0]LogConfig: Applying CVar settings from Section [ShadowQuality@3] File [D:/Unreal Projects/OnboardingProject/VGDC_Minigames/Saved/Config/Windows/Scalability.ini]
[2019.07.11-20.56.46:481][  0]LogConfig: Setting CVar [[r.LightFunctionQuality:1]]
[2019.07.11-20.56.46:481][  0]LogConfig: Setting CVar [[r.ShadowQuality:5]]
[2019.07.11-20.56.46:481][  0]LogConfig: Setting CVar [[r.Shadow.CSM.MaxCascades:10]]
[2019.07.11-20.56.46:481][  0]LogConfig: Setting CVar [[r.Shadow.MaxResolution:2048]]
[2019.07.11-20.56.46:481][  0]LogConfig: Setting CVar [[r.Shadow.MaxCSMResolution:2048]]
[2019.07.11-20.56.46:481][  0]LogConfig: Setting CVar [[r.Shadow.RadiusThreshold:0.01]]
[2019.07.11-20.56.46:481][  0]LogConfig: Setting CVar [[r.Shadow.DistanceScale:1.0]]
[2019.07.11-20.56.46:481][  0]LogConfig: Setting CVar [[r.Shadow.CSM.TransitionScale:1.0]]
[2019.07.11-20.56.46:481][  0]LogConfig: Setting CVar [[r.Shadow.PreShadowResolutionFactor:1.0]]
[2019.07.11-20.56.46:481][  0]LogConfig: Setting CVar [[r.DistanceFieldShadowing:1]]
[2019.07.11-20.56.46:481][  0]LogConfig: Setting CVar [[r.DistanceFieldAO:1]]
[2019.07.11-20.56.46:481][  0]LogConfig: Setting CVar [[r.AOQuality:2]]
[2019.07.11-20.56.46:481][  0]LogConfig: Setting CVar [[r.VolumetricFog:1]]
[2019.07.11-20.56.46:481][  0]LogConfig: Setting CVar [[r.VolumetricFog.GridPixelSize:8]]
[2019.07.11-20.56.46:481][  0]LogConfig: Setting CVar [[r.VolumetricFog.GridSizeZ:128]]
[2019.07.11-20.56.46:481][  0]LogConfig: Setting CVar [[r.VolumetricFog.HistoryMissSupersampleCount:4]]
[2019.07.11-20.56.46:481][  0]LogConfig: Setting CVar [[r.LightMaxDrawDistanceScale:1]]
[2019.07.11-20.56.46:481][  0]LogConfig: Setting CVar [[r.CapsuleShadows:1]]
[2019.07.11-20.56.46:481][  0]LogConfig: Applying CVar settings from Section [PostProcessQuality@3] File [D:/Unreal Projects/OnboardingProject/VGDC_Minigames/Saved/Config/Windows/Scalability.ini]
[2019.07.11-20.56.46:481][  0]LogConfig: Setting CVar [[r.MotionBlurQuality:4]]
[2019.07.11-20.56.46:481][  0]LogConfig: Setting CVar [[r.AmbientOcclusionMipLevelFactor:0.4]]
[2019.07.11-20.56.46:481][  0]LogConfig: Setting CVar [[r.AmbientOcclusionMaxQuality:100]]
[2019.07.11-20.56.46:481][  0]LogConfig: Setting CVar [[r.AmbientOcclusionLevels:-1]]
[2019.07.11-20.56.46:481][  0]LogConfig: Setting CVar [[r.AmbientOcclusionRadiusScale:1.0]]
[2019.07.11-20.56.46:481][  0]LogConfig: Setting CVar [[r.DepthOfFieldQuality:2]]
[2019.07.11-20.56.46:481][  0]LogConfig: Setting CVar [[r.RenderTargetPoolMin:400]]
[2019.07.11-20.56.46:481][  0]LogConfig: Setting CVar [[r.LensFlareQuality:2]]
[2019.07.11-20.56.46:481][  0]LogConfig: Setting CVar [[r.SceneColorFringeQuality:1]]
[2019.07.11-20.56.46:481][  0]LogConfig: Setting CVar [[r.EyeAdaptationQuality:2]]
[2019.07.11-20.56.46:481][  0]LogConfig: Setting CVar [[r.BloomQuality:5]]
[2019.07.11-20.56.46:481][  0]LogConfig: Setting CVar [[r.FastBlurThreshold:100]]
[2019.07.11-20.56.46:481][  0]LogConfig: Setting CVar [[r.Upscale.Quality:3]]
[2019.07.11-20.56.46:481][  0]LogConfig: Setting CVar [[r.Tonemapper.GrainQuantization:1]]
[2019.07.11-20.56.46:481][  0]LogConfig: Setting CVar [[r.LightShaftQuality:1]]
[2019.07.11-20.56.46:481][  0]LogConfig: Setting CVar [[r.Filter.SizeScale:1]]
[2019.07.11-20.56.46:481][  0]LogConfig: Setting CVar [[r.Tonemapper.Quality:5]]
[2019.07.11-20.56.46:481][  0]LogConfig: Setting CVar [[r.DOF.Gather.AccumulatorQuality:1        ; higher gathering accumulator quality]]
[2019.07.11-20.56.46:481][  0]LogConfig: Setting CVar [[r.DOF.Gather.PostfilterMethod:1          ; Median3x3 postfilering method]]
[2019.07.11-20.56.46:481][  0]LogConfig: Setting CVar [[r.DOF.Gather.EnableBokehSettings:0       ; no bokeh simulation when gathering]]
[2019.07.11-20.56.46:481][  0]LogConfig: Setting CVar [[r.DOF.Gather.RingCount:4                 ; medium number of samples when gathering]]
[2019.07.11-20.56.46:481][  0]LogConfig: Setting CVar [[r.DOF.Scatter.ForegroundCompositing:1    ; additive foreground scattering]]
[2019.07.11-20.56.46:481][  0]LogConfig: Setting CVar [[r.DOF.Scatter.BackgroundCompositing:2    ; additive background scattering]]
[2019.07.11-20.56.46:481][  0]LogConfig: Setting CVar [[r.DOF.Scatter.EnableBokehSettings:1      ; bokeh simulation when scattering]]
[2019.07.11-20.56.46:481][  0]LogConfig: Setting CVar [[r.DOF.Scatter.MaxSpriteRatio:0.1         ; only a maximum of 10% of scattered bokeh]]
[2019.07.11-20.56.46:481][  0]LogConfig: Setting CVar [[r.DOF.Recombine.Quality:1                ; cheap slight out of focus]]
[2019.07.11-20.56.46:481][  0]LogConfig: Setting CVar [[r.DOF.Recombine.EnableBokehSettings:0    ; no bokeh simulation on slight out of focus]]
[2019.07.11-20.56.46:481][  0]LogConfig: Setting CVar [[r.DOF.TemporalAAQuality:1                ; more stable temporal accumulation]]
[2019.07.11-20.56.46:481][  0]LogConfig: Setting CVar [[r.DOF.Kernel.MaxForegroundRadius:0.025]]
[2019.07.11-20.56.46:481][  0]LogConfig: Setting CVar [[r.DOF.Kernel.MaxBackgroundRadius:0.025]]
[2019.07.11-20.56.46:481][  0]LogConfig: Applying CVar settings from Section [TextureQuality@3] File [D:/Unreal Projects/OnboardingProject/VGDC_Minigames/Saved/Config/Windows/Scalability.ini]
[2019.07.11-20.56.46:481][  0]LogConfig: Setting CVar [[r.Streaming.MipBias:0]]
[2019.07.11-20.56.46:481][  0]LogConfig: Setting CVar [[r.Streaming.AmortizeCPUToGPUCopy:0]]
[2019.07.11-20.56.46:481][  0]LogConfig: Setting CVar [[r.Streaming.MaxNumTexturesToStreamPerFrame:0]]
[2019.07.11-20.56.46:481][  0]LogConfig: Setting CVar [[r.Streaming.Boost:1]]
[2019.07.11-20.56.46:481][  0]LogConfig: Setting CVar [[r.MaxAnisotropy:8]]
[2019.07.11-20.56.46:481][  0]LogConfig: Setting CVar [[r.Streaming.LimitPoolSizeToVRAM:0]]
[2019.07.11-20.56.46:481][  0]LogConfig: Setting CVar [[r.Streaming.PoolSize:1000]]
[2019.07.11-20.56.46:481][  0]LogConfig: Setting CVar [[r.Streaming.MaxEffectiveScreenSize:0]]
[2019.07.11-20.56.46:481][  0]LogConfig: Applying CVar settings from Section [EffectsQuality@3] File [D:/Unreal Projects/OnboardingProject/VGDC_Minigames/Saved/Config/Windows/Scalability.ini]
[2019.07.11-20.56.46:481][  0]LogConfig: Setting CVar [[r.TranslucencyLightingVolumeDim:64]]
[2019.07.11-20.56.46:481][  0]LogConfig: Setting CVar [[r.RefractionQuality:2]]
[2019.07.11-20.56.46:481][  0]LogConfig: Setting CVar [[r.SSR.Quality:3]]
[2019.07.11-20.56.46:481][  0]LogConfig: Setting CVar [[r.SceneColorFormat:4]]
[2019.07.11-20.56.46:481][  0]LogConfig: Setting CVar [[r.DetailMode:2]]
[2019.07.11-20.56.46:481][  0]LogConfig: Setting CVar [[r.TranslucencyVolumeBlur:1]]
[2019.07.11-20.56.46:481][  0]LogConfig: Setting CVar [[r.MaterialQualityLevel:1 ; High quality]]
[2019.07.11-20.56.46:481][  0]LogConfig: Setting CVar [[r.SSS.Scale:1]]
[2019.07.11-20.56.46:481][  0]LogConfig: Setting CVar [[r.SSS.SampleSet:2]]
[2019.07.11-20.56.46:481][  0]LogConfig: Setting CVar [[r.SSS.Quality:1]]
[2019.07.11-20.56.46:481][  0]LogConfig: Setting CVar [[r.SSS.HalfRes:1]]
[2019.07.11-20.56.46:482][  0]LogConfig: Setting CVar [[r.EmitterSpawnRateScale:1.0]]
[2019.07.11-20.56.46:482][  0]LogConfig: Setting CVar [[r.ParticleLightQuality:2]]
[2019.07.11-20.56.46:482][  0]LogConfig: Applying CVar settings from Section [FoliageQuality@3] File [D:/Unreal Projects/OnboardingProject/VGDC_Minigames/Saved/Config/Windows/Scalability.ini]
[2019.07.11-20.56.46:482][  0]LogConfig: Setting CVar [[foliage.DensityScale:1.0]]
[2019.07.11-20.56.46:482][  0]LogConfig: Setting CVar [[grass.DensityScale:1.0]]
[2019.07.11-20.56.46:482][  0]LogInit: Selected Device Profile: [Windows]
[2019.07.11-20.56.46:482][  0]LogInit: Applying CVar settings loaded from the selected device profile: [Windows]
[2019.07.11-20.56.46:489][  0]LogHAL: Display: Platform has ~ 32 GB [34233069568 / 34359738368 / 32], which maps to Largest [LargestMinGB=32, LargerMinGB=12, DefaultMinGB=8, SmallerMinGB=6, SmallestMinGB=0)
[2019.07.11-20.56.46:489][  0]LogConfig: Setting CVar [[r.Vulkan.UseRealUBs:0		; Required until we fix HLR fall-out]]
[2019.07.11-20.56.46:489][  0]LogInit: Going up to parent DeviceProfile []
[2019.07.11-20.56.46:489][  0]LogConfig: Applying CVar settings from Section [ViewDistanceQuality@3] File [D:/Unreal Projects/OnboardingProject/VGDC_Minigames/Saved/Config/Windows/Scalability.ini]
[2019.07.11-20.56.46:489][  0]LogConfig: Setting CVar [[r.SkeletalMeshLODBias:0]]
[2019.07.11-20.56.46:489][  0]LogConfig: Setting CVar [[r.ViewDistanceScale:1.0]]
[2019.07.11-20.56.46:489][  0]LogConfig: Applying CVar settings from Section [AntiAliasingQuality@3] File [D:/Unreal Projects/OnboardingProject/VGDC_Minigames/Saved/Config/Windows/Scalability.ini]
[2019.07.11-20.56.46:489][  0]LogConfig: Setting CVar [[r.PostProcessAAQuality:4]]
[2019.07.11-20.56.46:489][  0]LogConfig: Applying CVar settings from Section [ShadowQuality@3] File [D:/Unreal Projects/OnboardingProject/VGDC_Minigames/Saved/Config/Windows/Scalability.ini]
[2019.07.11-20.56.46:489][  0]LogConfig: Setting CVar [[r.LightFunctionQuality:1]]
[2019.07.11-20.56.46:489][  0]LogConfig: Setting CVar [[r.ShadowQuality:5]]
[2019.07.11-20.56.46:489][  0]LogConfig: Setting CVar [[r.Shadow.CSM.MaxCascades:10]]
[2019.07.11-20.56.46:489][  0]LogConfig: Setting CVar [[r.Shadow.MaxResolution:2048]]
[2019.07.11-20.56.46:489][  0]LogConfig: Setting CVar [[r.Shadow.MaxCSMResolution:2048]]
[2019.07.11-20.56.46:489][  0]LogConfig: Setting CVar [[r.Shadow.RadiusThreshold:0.01]]
[2019.07.11-20.56.46:489][  0]LogConfig: Setting CVar [[r.Shadow.DistanceScale:1.0]]
[2019.07.11-20.56.46:489][  0]LogConfig: Setting CVar [[r.Shadow.CSM.TransitionScale:1.0]]
[2019.07.11-20.56.46:489][  0]LogConfig: Setting CVar [[r.Shadow.PreShadowResolutionFactor:1.0]]
[2019.07.11-20.56.46:489][  0]LogConfig: Setting CVar [[r.DistanceFieldShadowing:1]]
[2019.07.11-20.56.46:489][  0]LogConfig: Setting CVar [[r.DistanceFieldAO:1]]
[2019.07.11-20.56.46:489][  0]LogConfig: Setting CVar [[r.AOQuality:2]]
[2019.07.11-20.56.46:489][  0]LogConfig: Setting CVar [[r.VolumetricFog:1]]
[2019.07.11-20.56.46:489][  0]LogConfig: Setting CVar [[r.VolumetricFog.GridPixelSize:8]]
[2019.07.11-20.56.46:489][  0]LogConfig: Setting CVar [[r.VolumetricFog.GridSizeZ:128]]
[2019.07.11-20.56.46:489][  0]LogConfig: Setting CVar [[r.VolumetricFog.HistoryMissSupersampleCount:4]]
[2019.07.11-20.56.46:489][  0]LogConfig: Setting CVar [[r.LightMaxDrawDistanceScale:1]]
[2019.07.11-20.56.46:489][  0]LogConfig: Setting CVar [[r.CapsuleShadows:1]]
[2019.07.11-20.56.46:489][  0]LogConfig: Applying CVar settings from Section [PostProcessQuality@3] File [D:/Unreal Projects/OnboardingProject/VGDC_Minigames/Saved/Config/Windows/Scalability.ini]
[2019.07.11-20.56.46:489][  0]LogConfig: Setting CVar [[r.MotionBlurQuality:4]]
[2019.07.11-20.56.46:489][  0]LogConfig: Setting CVar [[r.AmbientOcclusionMipLevelFactor:0.4]]
[2019.07.11-20.56.46:489][  0]LogConfig: Setting CVar [[r.AmbientOcclusionMaxQuality:100]]
[2019.07.11-20.56.46:489][  0]LogConfig: Setting CVar [[r.AmbientOcclusionLevels:-1]]
[2019.07.11-20.56.46:489][  0]LogConfig: Setting CVar [[r.AmbientOcclusionRadiusScale:1.0]]
[2019.07.11-20.56.46:489][  0]LogConfig: Setting CVar [[r.DepthOfFieldQuality:2]]
[2019.07.11-20.56.46:489][  0]LogConfig: Setting CVar [[r.RenderTargetPoolMin:400]]
[2019.07.11-20.56.46:489][  0]LogConfig: Setting CVar [[r.LensFlareQuality:2]]
[2019.07.11-20.56.46:489][  0]LogConfig: Setting CVar [[r.SceneColorFringeQuality:1]]
[2019.07.11-20.56.46:489][  0]LogConfig: Setting CVar [[r.EyeAdaptationQuality:2]]
[2019.07.11-20.56.46:489][  0]LogConfig: Setting CVar [[r.BloomQuality:5]]
[2019.07.11-20.56.46:489][  0]LogConfig: Setting CVar [[r.FastBlurThreshold:100]]
[2019.07.11-20.56.46:489][  0]LogConfig: Setting CVar [[r.Upscale.Quality:3]]
[2019.07.11-20.56.46:489][  0]LogConfig: Setting CVar [[r.Tonemapper.GrainQuantization:1]]
[2019.07.11-20.56.46:489][  0]LogConfig: Setting CVar [[r.LightShaftQuality:1]]
[2019.07.11-20.56.46:489][  0]LogConfig: Setting CVar [[r.Filter.SizeScale:1]]
[2019.07.11-20.56.46:489][  0]LogConfig: Setting CVar [[r.Tonemapper.Quality:5]]
[2019.07.11-20.56.46:489][  0]LogConfig: Setting CVar [[r.DOF.Gather.AccumulatorQuality:1        ; higher gathering accumulator quality]]
[2019.07.11-20.56.46:489][  0]LogConfig: Setting CVar [[r.DOF.Gather.PostfilterMethod:1          ; Median3x3 postfilering method]]
[2019.07.11-20.56.46:489][  0]LogConfig: Setting CVar [[r.DOF.Gather.EnableBokehSettings:0       ; no bokeh simulation when gathering]]
[2019.07.11-20.56.46:489][  0]LogConfig: Setting CVar [[r.DOF.Gather.RingCount:4                 ; medium number of samples when gathering]]
[2019.07.11-20.56.46:489][  0]LogConfig: Setting CVar [[r.DOF.Scatter.ForegroundCompositing:1    ; additive foreground scattering]]
[2019.07.11-20.56.46:489][  0]LogConfig: Setting CVar [[r.DOF.Scatter.BackgroundCompositing:2    ; additive background scattering]]
[2019.07.11-20.56.46:489][  0]LogConfig: Setting CVar [[r.DOF.Scatter.EnableBokehSettings:1      ; bokeh simulation when scattering]]
[2019.07.11-20.56.46:489][  0]LogConfig: Setting CVar [[r.DOF.Scatter.MaxSpriteRatio:0.1         ; only a maximum of 10% of scattered bokeh]]
[2019.07.11-20.56.46:489][  0]LogConfig: Setting CVar [[r.DOF.Recombine.Quality:1                ; cheap slight out of focus]]
[2019.07.11-20.56.46:489][  0]LogConfig: Setting CVar [[r.DOF.Recombine.EnableBokehSettings:0    ; no bokeh simulation on slight out of focus]]
[2019.07.11-20.56.46:489][  0]LogConfig: Setting CVar [[r.DOF.TemporalAAQuality:1                ; more stable temporal accumulation]]
[2019.07.11-20.56.46:489][  0]LogConfig: Setting CVar [[r.DOF.Kernel.MaxForegroundRadius:0.025]]
[2019.07.11-20.56.46:489][  0]LogConfig: Setting CVar [[r.DOF.Kernel.MaxBackgroundRadius:0.025]]
[2019.07.11-20.56.46:489][  0]LogConfig: Applying CVar settings from Section [TextureQuality@3] File [D:/Unreal Projects/OnboardingProject/VGDC_Minigames/Saved/Config/Windows/Scalability.ini]
[2019.07.11-20.56.46:489][  0]LogConfig: Setting CVar [[r.Streaming.MipBias:0]]
[2019.07.11-20.56.46:490][  0]LogConfig: Setting CVar [[r.Streaming.AmortizeCPUToGPUCopy:0]]
[2019.07.11-20.56.46:490][  0]LogConfig: Setting CVar [[r.Streaming.MaxNumTexturesToStreamPerFrame:0]]
[2019.07.11-20.56.46:490][  0]LogConfig: Setting CVar [[r.Streaming.Boost:1]]
[2019.07.11-20.56.46:490][  0]LogConfig: Setting CVar [[r.MaxAnisotropy:8]]
[2019.07.11-20.56.46:490][  0]LogConfig: Setting CVar [[r.Streaming.LimitPoolSizeToVRAM:0]]
[2019.07.11-20.56.46:490][  0]LogConfig: Setting CVar [[r.Streaming.PoolSize:1000]]
[2019.07.11-20.56.46:490][  0]LogConfig: Setting CVar [[r.Streaming.MaxEffectiveScreenSize:0]]
[2019.07.11-20.56.46:490][  0]LogConfig: Applying CVar settings from Section [EffectsQuality@3] File [D:/Unreal Projects/OnboardingProject/VGDC_Minigames/Saved/Config/Windows/Scalability.ini]
[2019.07.11-20.56.46:490][  0]LogConfig: Setting CVar [[r.TranslucencyLightingVolumeDim:64]]
[2019.07.11-20.56.46:490][  0]LogConfig: Setting CVar [[r.RefractionQuality:2]]
[2019.07.11-20.56.46:490][  0]LogConfig: Setting CVar [[r.SSR.Quality:3]]
[2019.07.11-20.56.46:490][  0]LogConfig: Setting CVar [[r.SceneColorFormat:4]]
[2019.07.11-20.56.46:490][  0]LogConfig: Setting CVar [[r.DetailMode:2]]
[2019.07.11-20.56.46:490][  0]LogConfig: Setting CVar [[r.TranslucencyVolumeBlur:1]]
[2019.07.11-20.56.46:490][  0]LogConfig: Setting CVar [[r.MaterialQualityLevel:1 ; High quality]]
[2019.07.11-20.56.46:490][  0]LogConfig: Setting CVar [[r.SSS.Scale:1]]
[2019.07.11-20.56.46:490][  0]LogConfig: Setting CVar [[r.SSS.SampleSet:2]]
[2019.07.11-20.56.46:490][  0]LogConfig: Setting CVar [[r.SSS.Quality:1]]
[2019.07.11-20.56.46:490][  0]LogConfig: Setting CVar [[r.SSS.HalfRes:1]]
[2019.07.11-20.56.46:490][  0]LogConfig: Setting CVar [[r.EmitterSpawnRateScale:1.0]]
[2019.07.11-20.56.46:490][  0]LogConfig: Setting CVar [[r.ParticleLightQuality:2]]
[2019.07.11-20.56.46:490][  0]LogConfig: Applying CVar settings from Section [FoliageQuality@3] File [D:/Unreal Projects/OnboardingProject/VGDC_Minigames/Saved/Config/Windows/Scalability.ini]
[2019.07.11-20.56.46:490][  0]LogConfig: Setting CVar [[foliage.DensityScale:1.0]]
[2019.07.11-20.56.46:490][  0]LogConfig: Setting CVar [[grass.DensityScale:1.0]]
[2019.07.11-20.56.46:490][  0]LogConfig: Applying CVar settings from Section [Startup] File [../../../Engine/Config/ConsoleVariables.ini]
[2019.07.11-20.56.46:490][  0]LogConfig: Setting CVar [[net.UseAdaptiveNetUpdateFrequency:0]]
[2019.07.11-20.56.46:490][  0]LogConfig: Setting CVar [[p.chaos.AllowCreatePhysxBodies:1]]
[2019.07.11-20.56.46:490][  0]LogConfig: Applying CVar settings from Section [ConsoleVariables] File [D:/Unreal Projects/OnboardingProject/VGDC_Minigames/Saved/Config/Windows/Engine.ini]
[2019.07.11-20.56.46:490][  0]LogInit: Computer: JOSEPHDASILVA
[2019.07.11-20.56.46:490][  0]LogInit: User: jojod
[2019.07.11-20.56.46:490][  0]LogInit: CPU Page size=4096, Cores=6
[2019.07.11-20.56.46:490][  0]LogInit: High frequency timer resolution =10.000000 MHz
[2019.07.11-20.56.46:490][  0]LogMemory: Memory total: Physical=31.9GB (32GB approx)
[2019.07.11-20.56.46:490][  0]LogMemory: Platform Memory Stats for Windows
[2019.07.11-20.56.46:490][  0]LogMemory: Process Physical Memory: 97.20 MB used, 97.20 MB peak
[2019.07.11-20.56.46:490][  0]LogMemory: Process Virtual Memory: 92.24 MB used, 92.24 MB peak
[2019.07.11-20.56.46:490][  0]LogMemory: Physical Memory: 11154.52 MB used,  21492.68 MB free, 32647.20 MB total
[2019.07.11-20.56.46:490][  0]LogMemory: Virtual Memory: 4661.62 MB used,  134213064.00 MB free, 134217728.00 MB total
[2019.07.11-20.56.46:537][  0]LogInit: Using OS detected language (en-US).
[2019.07.11-20.56.46:537][  0]LogInit: Using OS detected locale (en-US).
[2019.07.11-20.56.46:537][  0]LogTextLocalizationManager: No specific localization for 'en-US' exists, so the 'en' localization will be used.
[2019.07.11-20.56.46:741][  0]LogInit: Setting process to per monitor DPI aware
[2019.07.11-20.56.46:782][  0]LogSlate: New Slate User Created.  User Index 0, Is Virtual User: 0
[2019.07.11-20.56.46:782][  0]LogSlate: Slate User Registered.  User Index 0, Is Virtual User: 0
[2019.07.11-20.56.47:024][  0]LogD3D11RHI: D3D11 adapters:
[2019.07.11-20.56.47:111][  0]LogD3D11RHI:    0. 'NVIDIA GeForce GTX 1070 with Max-Q Design' (Feature Level 11_0)
[2019.07.11-20.56.47:111][  0]LogD3D11RHI:       8081/0/16323 MB DedicatedVideo/DedicatedSystem/SharedSystem, Outputs:1, VendorId:0x10de
[2019.07.11-20.56.47:115][  0]LogD3D11RHI:    1. 'Microsoft Basic Render Driver' (Feature Level 11_0)
[2019.07.11-20.56.47:115][  0]LogD3D11RHI:       0/0/16323 MB DedicatedVideo/DedicatedSystem/SharedSystem, Outputs:0, VendorId:0x1414
[2019.07.11-20.56.47:115][  0]LogD3D11RHI: Chosen D3D11 Adapter: 0
[2019.07.11-20.56.47:125][  0]LogD3D11RHI: Creating new Direct3DDevice
[2019.07.11-20.56.47:125][  0]LogD3D11RHI:     GPU DeviceId: 0x1be1 (for the marketing name, search the web for "GPU Device Id")
[2019.07.11-20.56.47:125][  0]LogWindows: EnumDisplayDevices:
[2019.07.11-20.56.47:125][  0]LogWindows:    0. 'NVIDIA GeForce GTX 1070 with Max-Q Design' (P:1 D:1)
[2019.07.11-20.56.47:125][  0]LogWindows:    1. 'NVIDIA GeForce GTX 1070 with Max-Q Design' (P:0 D:0)
[2019.07.11-20.56.47:125][  0]LogWindows:    2. 'NVIDIA GeForce GTX 1070 with Max-Q Design' (P:0 D:0)
[2019.07.11-20.56.47:126][  0]LogWindows:    3. 'NVIDIA GeForce GTX 1070 with Max-Q Design' (P:0 D:0)
[2019.07.11-20.56.47:126][  0]LogWindows: DebugString: FoundDriverCount:4 
[2019.07.11-20.56.47:126][  0]LogD3D11RHI:     Adapter Name: NVIDIA GeForce GTX 1070 with Max-Q Design
[2019.07.11-20.56.47:126][  0]LogD3D11RHI:   Driver Version: 430.86 (internal:26.21.14.3086, unified:430.86)
[2019.07.11-20.56.47:126][  0]LogD3D11RHI:      Driver Date: 5-22-2019
[2019.07.11-20.56.47:126][  0]LogRHI: Texture pool is 5656 MB (70% of 8081 MB)
[2019.07.11-20.56.47:169][  0]LogD3D11RHI: Async texture creation enabled
[2019.07.11-20.56.47:181][  0]LogRendererCore: FGlobalReadBuffer::InitRHI
[2019.07.11-20.56.47:181][  0]LogRendererCore: FGlobalReadBuffer::InitRHI
[2019.07.11-20.56.47:181][  0]LogRendererCore: FGlobalReadBuffer::InitRHI
[2019.07.11-20.56.47:190][  0]LogD3D11RHI: GPU Timing Frequency: 1000.000000 (Debug: 2 1)
[2019.07.11-20.56.47:512][  0]LogTemp: Display: Module 'AllDesktopTargetPlatform' loaded TargetPlatform 'AllDesktop'
[2019.07.11-20.56.47:527][  0]LogTemp: Display: Module 'MacClientTargetPlatform' loaded TargetPlatform 'MacClient'
[2019.07.11-20.56.47:543][  0]LogTemp: Display: Module 'MacNoEditorTargetPlatform' loaded TargetPlatform 'MacNoEditor'
[2019.07.11-20.56.47:557][  0]LogTemp: Display: Module 'MacServerTargetPlatform' loaded TargetPlatform 'MacServer'
[2019.07.11-20.56.47:572][  0]LogTemp: Display: Module 'MacTargetPlatform' loaded TargetPlatform 'Mac'
[2019.07.11-20.56.47:588][  0]LogTemp: Display: Module 'WindowsClientTargetPlatform' loaded TargetPlatform 'WindowsClient'
[2019.07.11-20.56.47:605][  0]LogTemp: Display: Module 'WindowsNoEditorTargetPlatform' loaded TargetPlatform 'WindowsNoEditor'
[2019.07.11-20.56.47:619][  0]LogTemp: Display: Module 'WindowsServerTargetPlatform' loaded TargetPlatform 'WindowsServer'
[2019.07.11-20.56.47:627][  0]LogTemp: Display: Module 'WindowsTargetPlatform' loaded TargetPlatform 'Windows'
[2019.07.11-20.56.47:700][  0]LogTemp: Display: Module 'AndroidTargetPlatform' loaded TargetPlatform 'Android'
[2019.07.11-20.56.47:700][  0]LogTemp: Display: Module 'AndroidTargetPlatform' loaded TargetPlatform 'Android_ASTC'
[2019.07.11-20.56.47:700][  0]LogTemp: Display: Module 'AndroidTargetPlatform' loaded TargetPlatform 'Android_ATC'
[2019.07.11-20.56.47:700][  0]LogTemp: Display: Module 'AndroidTargetPlatform' loaded TargetPlatform 'Android_DXT'
[2019.07.11-20.56.47:700][  0]LogTemp: Display: Module 'AndroidTargetPlatform' loaded TargetPlatform 'Android_ETC1'
[2019.07.11-20.56.47:700][  0]LogTemp: Display: Module 'AndroidTargetPlatform' loaded TargetPlatform 'Android_ETC1a'
[2019.07.11-20.56.47:700][  0]LogTemp: Display: Module 'AndroidTargetPlatform' loaded TargetPlatform 'Android_ETC2'
[2019.07.11-20.56.47:700][  0]LogTemp: Display: Module 'AndroidTargetPlatform' loaded TargetPlatform 'Android_PVRTC'
[2019.07.11-20.56.47:700][  0]LogTemp: Display: Module 'AndroidTargetPlatform' loaded TargetPlatform 'AndroidClient'
[2019.07.11-20.56.47:700][  0]LogTemp: Display: Module 'AndroidTargetPlatform' loaded TargetPlatform 'Android_ASTCClient'
[2019.07.11-20.56.47:700][  0]LogTemp: Display: Module 'AndroidTargetPlatform' loaded TargetPlatform 'Android_ATCClient'
[2019.07.11-20.56.47:700][  0]LogTemp: Display: Module 'AndroidTargetPlatform' loaded TargetPlatform 'Android_DXTClient'
[2019.07.11-20.56.47:700][  0]LogTemp: Display: Module 'AndroidTargetPlatform' loaded TargetPlatform 'Android_ETC1Client'
[2019.07.11-20.56.47:700][  0]LogTemp: Display: Module 'AndroidTargetPlatform' loaded TargetPlatform 'Android_ETC1aClient'
[2019.07.11-20.56.47:700][  0]LogTemp: Display: Module 'AndroidTargetPlatform' loaded TargetPlatform 'Android_ETC2Client'
[2019.07.11-20.56.47:700][  0]LogTemp: Display: Module 'AndroidTargetPlatform' loaded TargetPlatform 'Android_PVRTCClient'
[2019.07.11-20.56.47:700][  0]LogTemp: Display: Module 'AndroidTargetPlatform' loaded TargetPlatform 'Android_Multi'
[2019.07.11-20.56.47:700][  0]LogTemp: Display: Module 'AndroidTargetPlatform' loaded TargetPlatform 'Android_MultiClient'
[2019.07.11-20.56.47:705][  0]LogTemp: Display: Module 'HTML5TargetPlatform' loaded TargetPlatform 'HTML5'
[2019.07.11-20.56.47:757][  0]LogTemp: Display: Module 'IOSTargetPlatform' loaded TargetPlatform 'IOSClient'
[2019.07.11-20.56.47:757][  0]LogTemp: Display: Module 'IOSTargetPlatform' loaded TargetPlatform 'IOS'
[2019.07.11-20.56.47:780][  0]LogTemp: Display: Module 'TVOSTargetPlatform' loaded TargetPlatform 'TVOSClient'
[2019.07.11-20.56.47:780][  0]LogTemp: Display: Module 'TVOSTargetPlatform' loaded TargetPlatform 'TVOS'
[2019.07.11-20.56.47:793][  0]LogTemp: Display: Module 'LinuxClientTargetPlatform' loaded TargetPlatform 'LinuxClient'
[2019.07.11-20.56.47:806][  0]LogTemp: Display: Module 'LinuxNoEditorTargetPlatform' loaded TargetPlatform 'LinuxNoEditor'
[2019.07.11-20.56.47:819][  0]LogTemp: Display: Module 'LinuxServerTargetPlatform' loaded TargetPlatform 'LinuxServer'
[2019.07.11-20.56.47:834][  0]LogTemp: Display: Module 'LinuxTargetPlatform' loaded TargetPlatform 'Linux'
[2019.07.11-20.56.47:875][  0]LogTemp: Display: Module 'LuminTargetPlatform' loaded TargetPlatform 'Lumin'
[2019.07.11-20.56.47:875][  0]LogTemp: Display: Module 'LuminTargetPlatform' loaded TargetPlatform 'LuminClient'
[2019.07.11-20.56.47:875][  0]LogTargetPlatformManager: Display: Building Assets For Windows
[2019.07.11-20.56.47:892][  0]LogAudioDebug: Display: Lib vorbis DLL was dynamically loaded.
[2019.07.11-20.56.47:989][  0]LogShaderCompilers: Guid format shader working directory is -6 characters bigger than the processId version (D:/Unreal Projects/OnboardingProject/VGDC_Minigames/Intermediate/Shaders/WorkingDirectory/34892/).
[2019.07.11-20.56.47:989][  0]LogShaderCompilers: Cleaned the shader compiler working directory 'C:/Users/jojod/AppData/Local/Temp/UnrealShaderWorkingDir/A15B6DCC4C53BD8F06BD14BF6F226675/'.
[2019.07.11-20.56.47:991][  0]LogXGEController: Cannot use XGE Controller as Incredibuild is not installed on this machine.
[2019.07.11-20.56.47:991][  0]LogShaderCompilers: Cannot use XGE Shader Compiler as Incredibuild is not installed on this machine.
[2019.07.11-20.56.47:991][  0]LogShaderCompilers: Display: Using Local Shader Compiler.
[2019.07.11-20.56.48:561][  0]LogDerivedDataCache: Display: Max Cache Size: 512 MB
[2019.07.11-20.56.48:633][  0]LogDerivedDataCache: Loaded boot cache 0.07s 71MB C:/Users/jojod/AppData/Local/UnrealEngine/4.22/DerivedDataCache/Boot.ddc.
[2019.07.11-20.56.48:634][  0]LogDerivedDataCache: Display: Loaded Boot cache: C:/Users/jojod/AppData/Local/UnrealEngine/4.22/DerivedDataCache/Boot.ddc
[2019.07.11-20.56.48:634][  0]LogDerivedDataCache: FDerivedDataBackendGraph:  Pak pak cache file D:/Unreal Projects/OnboardingProject/VGDC_Minigames/DerivedDataCache/DDC.ddp not found, will not use a pak cache.
[2019.07.11-20.56.48:634][  0]LogDerivedDataCache: Unable to find inner node Pak for hierarchical cache Hierarchy.
[2019.07.11-20.56.48:634][  0]LogDerivedDataCache: FDerivedDataBackendGraph:  CompressedPak pak cache file D:/Unreal Projects/OnboardingProject/VGDC_Minigames/DerivedDataCache/Compressed.ddp not found, will not use a pak cache.
[2019.07.11-20.56.48:634][  0]LogDerivedDataCache: Unable to find inner node CompressedPak for hierarchical cache Hierarchy.
[2019.07.11-20.56.48:644][  0]LogDerivedDataCache: Display: Pak cache opened for reading ../../../Engine/DerivedDataCache/Compressed.ddp.
[2019.07.11-20.56.48:644][  0]LogDerivedDataCache: FDerivedDataBackendGraph:  EnterprisePak pak cache file ../../../Enterprise/DerivedDataCache/Compressed.ddp not found, will not use a pak cache.
[2019.07.11-20.56.48:645][  0]LogDerivedDataCache: Unable to find inner node EnterprisePak for hierarchical cache Hierarchy.
[2019.07.11-20.56.48:657][  0]LogDerivedDataCache: Using Local data cache path C:/Users/jojod/AppData/Local/UnrealEngine/Common/DerivedDataCache: Writable
[2019.07.11-20.56.48:657][  0]LogDerivedDataCache: Shared data cache path not found in *engine.ini, will not use an Shared cache.
[2019.07.11-20.56.48:657][  0]LogDerivedDataCache: Unable to find inner node Shared for hierarchical cache Hierarchy.
[2019.07.11-20.56.48:675][  0]LogMaterial: Verifying Global Shaders for PCD3D_SM5
[2019.07.11-20.56.48:676][  0]LogSlate: Using FreeType 2.6.0
[2019.07.11-20.56.48:678][  0]LogSlate: SlateFontServices - WITH_FREETYPE: 1, WITH_HARFBUZZ: 1
[2019.07.11-20.56.48:791][  0]LogAssetRegistry: FAssetRegistry took 0.0314 seconds to start up
[2019.07.11-20.56.49:079][  0]LogInit: Selected Device Profile: [Windows]
[2019.07.11-20.56.49:150][  0]LogMeshReduction: Using QuadricMeshReduction for automatic static mesh reduction
[2019.07.11-20.56.49:150][  0]LogMeshReduction: Using SimplygonMeshReduction for automatic skeletal mesh reduction
[2019.07.11-20.56.49:150][  0]LogMeshReduction: Using ProxyLODMeshReduction for automatic mesh merging
[2019.07.11-20.56.49:150][  0]LogMeshReduction: No distributed automatic mesh merging module available
[2019.07.11-20.56.49:150][  0]LogMeshMerging: No distributed automatic mesh merging module available
[2019.07.11-20.56.49:238][  0]LogNetVersion: VGDC_Minigames 1.0.0, NetCL: 5660361, EngineNetVer: 10, GameNetVer: 0 (Checksum: 3960777806)
[2019.07.11-20.56.49:593][  0]LogPackageLocalizationCache: Processed 9 localized package path(s) for 1 prioritized culture(s) in 0.028218 seconds
[2019.07.11-20.56.49:599][  0]LogUObjectArray: 41958 objects as part of root set at end of initial load.
[2019.07.11-20.56.49:599][  0]LogUObjectAllocator: 7284248 out of 0 bytes used by permanent object pool.
[2019.07.11-20.56.49:599][  0]LogUObjectArray: CloseDisregardForGC: 0/0 objects in disregard for GC pool
[2019.07.11-20.56.50:909][  0]LogTcpMessaging: Initializing TcpMessaging bridge
[2019.07.11-20.56.50:924][  0]LogUdpMessaging: Initializing bridge on interface 0.0.0.0:0 to multicast group 230.0.0.1:6666.
[2019.07.11-20.56.52:546][  0]SourceControl: Source control is disabled
[2019.07.11-20.56.52:546][  0]SourceControl: Source control is disabled
[2019.07.11-20.56.52:550][  0]SourceControl: Source control is disabled
[2019.07.11-20.56.52:553][  0]SourceControl: Source control is disabled
[2019.07.11-20.56.52:708][  0]LogAndroidPermission: UAndroidPermissionCallbackProxy::GetInstance
[2019.07.11-20.56.52:978][  0]LogOcInput: OculusInput pre-init called
[2019.07.11-20.56.53:595][  0]LogEngine: Initializing Engine...
[2019.07.11-20.56.53:596][  0]LogStats: UGameplayTagsManager::InitializeManager -  0.000 s
[2019.07.11-20.56.53:771][  0]LogInit: Initializing FReadOnlyCVARCache
[2019.07.11-20.56.53:788][  0]LogAIModule: Creating AISystem for world Untitled
[2019.07.11-20.56.53:798][  0]LogInit: XAudio2 using 'Speaker/Headphone (Realtek(R) Audio)' : 2 channels at 48 kHz using 32 bits per sample (channel mask 0x3)
[2019.07.11-20.56.53:828][  0]LogInit: FAudioDevice initialized.
[2019.07.11-20.56.53:828][  0]LogNetVersion: Set ProjectVersion to 1.0.0.0. Version Checksum will be recalculated on next use.
[2019.07.11-20.56.53:868][  0]LogDerivedDataCache: Saved boot cache 0.04s 71MB C:/Users/jojod/AppData/Local/UnrealEngine/4.22/DerivedDataCache/Boot.ddc.
[2019.07.11-20.56.53:868][  0]LogInit: Texture streaming: Enabled
[2019.07.11-20.56.53:895][  0]LogEngineSessionManager: EngineSessionManager initialized
[2019.07.11-20.56.53:921][  0]LogInit: Transaction tracking system initialized
[2019.07.11-20.56.53:962][  0]BlueprintLog: New page: Editor Load
[2019.07.11-20.56.54:097][  0]LocalizationService: Localization service is disabled
[2019.07.11-20.56.54:408][  0]LogFileCache: Scanning file cache for directory 'D:/Unreal Projects/OnboardingProject/VGDC_Minigames/Content/' took 0.01s
[2019.07.11-20.56.54:408][  0]LogCook: Display: Max memory allowance for cook 16384mb min free memory 0mb
[2019.07.11-20.56.54:408][  0]LogCook: Display: Mobile HDR setting 1
[2019.07.11-20.56.54:656][  0]SourceControl: Source control is disabled
[2019.07.11-20.56.54:657][  0]Cmd: MAP LOAD FILE="D:/Unreal Projects/OnboardingProject/VGDC_Minigames/Content/StarterContent/Maps/Minimal_Default.umap" TEMPLATE=0 SHOWPROGRESS=1 FEATURELEVEL=3
[2019.07.11-20.56.54:657][  0]LightingResults: New page: Lighting Build
[2019.07.11-20.56.54:660][  0]MapCheck: New page: Map Check
[2019.07.11-20.56.54:660][  0]LightingResults: New page: Lighting Build
[2019.07.11-20.56.54:686][  0]LogUObjectHash: Compacting FUObjectHashTables data took   1.29ms
[2019.07.11-20.56.54:903][  0]LogAIModule: Creating AISystem for world Minimal_Default
[2019.07.11-20.56.54:907][  0]LogEditorServer: Finished looking for orphan Actors (0.000 secs)
[2019.07.11-20.56.54:935][  0]LogUObjectHash: Compacting FUObjectHashTables data took   1.92ms
[2019.07.11-20.56.54:935][  0]Cmd: MAP CHECKDEP NOCLEARLOG
[2019.07.11-20.56.54:935][  0]MapCheck: Map check complete: 0 Error(s), 0 Warning(s), took 0.326ms to complete.
[2019.07.11-20.56.54:935][  0]LogFileHelpers: Loading map 'Minimal_Default' took 0.279
[2019.07.11-20.56.55:096][  0]LogSlate: Updating window title bar state: overlay mode, drag disabled, window buttons hidden, title bar hidden
[2019.07.11-20.56.55:103][  0]LogSlate: Updating window title bar state: overlay mode, drag disabled, window buttons hidden, title bar hidden
[2019.07.11-20.56.55:108][  0]LogSlate: Updating window title bar state: overlay mode, drag disabled, window buttons hidden, title bar hidden
[2019.07.11-20.56.55:114][  0]LogSlate: Updating window title bar state: overlay mode, drag disabled, window buttons hidden, title bar hidden
[2019.07.11-20.56.55:122][  0]LogCollectionManager: Loaded 0 collections in 0.001619 seconds
[2019.07.11-20.56.55:162][  0]LogFileCache: Scanning file cache for directory 'D:/Unreal Projects/OnboardingProject/VGDC_Minigames/Saved/Collections/' took 0.01s
[2019.07.11-20.56.55:162][  0]LogFileCache: Scanning file cache for directory 'D:/Unreal Projects/OnboardingProject/VGDC_Minigames/Content/Developers/jojod/Collections/' took 0.01s
[2019.07.11-20.56.55:162][  0]LogFileCache: Scanning file cache for directory 'D:/Unreal Projects/OnboardingProject/VGDC_Minigames/Content/Collections/' took 0.01s
[2019.07.11-20.56.55:162][  0]LogCollectionManager: Rebuilt the GUID cache for 0 collections in 0.000001 seconds
[2019.07.11-20.56.55:170][  0]LogContentBrowser: Native class hierarchy populated in 0.0079 seconds. Added 2729 classes and 654 folders.
[2019.07.11-20.56.55:176][  0]LogContentBrowser: Native class hierarchy updated for 'WidgetCarousel' in 0.0005 seconds. Added 0 classes and 0 folders.
[2019.07.11-20.56.55:180][  0]LogPakFile: Registered encryption key '00000000000000000000000000000000': 0 pak files mounted, 0 remain pending
[2019.07.11-20.56.55:182][  0]LogPakFile: Registered encryption key '00000000000000000000000000000000': 0 pak files mounted, 0 remain pending
[2019.07.11-20.56.55:183][  0]LogPakFile: Registered encryption key '00000000000000000000000000000000': 0 pak files mounted, 0 remain pending
[2019.07.11-20.56.55:185][  0]LogPakFile: Registered encryption key '00000000000000000000000000000000': 0 pak files mounted, 0 remain pending
[2019.07.11-20.56.55:186][  0]LogPakFile: Registered encryption key '00000000000000000000000000000000': 0 pak files mounted, 0 remain pending
[2019.07.11-20.56.55:188][  0]LogPakFile: Registered encryption key '00000000000000000000000000000000': 0 pak files mounted, 0 remain pending
[2019.07.11-20.56.55:189][  0]LogPakFile: Registered encryption key '00000000000000000000000000000000': 0 pak files mounted, 0 remain pending
[2019.07.11-20.56.55:191][  0]LogPakFile: Registered encryption key '00000000000000000000000000000000': 0 pak files mounted, 0 remain pending
[2019.07.11-20.56.55:193][  0]LogPakFile: Registered encryption key '00000000000000000000000000000000': 0 pak files mounted, 0 remain pending
[2019.07.11-20.56.55:194][  0]LogPakFile: Registered encryption key '00000000000000000000000000000000': 0 pak files mounted, 0 remain pending
[2019.07.11-20.56.55:195][  0]LogPakFile: Registered encryption key '00000000000000000000000000000000': 0 pak files mounted, 0 remain pending
[2019.07.11-20.56.55:196][  0]LogPakFile: Registered encryption key '00000000000000000000000000000000': 0 pak files mounted, 0 remain pending
[2019.07.11-20.56.55:198][  0]LogPakFile: Registered encryption key '00000000000000000000000000000000': 0 pak files mounted, 0 remain pending
[2019.07.11-20.56.55:200][  0]LogPakFile: Registered encryption key '00000000000000000000000000000000': 0 pak files mounted, 0 remain pending
[2019.07.11-20.56.55:201][  0]LogPakFile: Registered encryption key '00000000000000000000000000000000': 0 pak files mounted, 0 remain pending
[2019.07.11-20.56.55:203][  0]LogPakFile: Registered encryption key '00000000000000000000000000000000': 0 pak files mounted, 0 remain pending
[2019.07.11-20.56.55:204][  0]LogPakFile: Registered encryption key '00000000000000000000000000000000': 0 pak files mounted, 0 remain pending
[2019.07.11-20.56.55:205][  0]LogPakFile: Registered encryption key '00000000000000000000000000000000': 0 pak files mounted, 0 remain pending
[2019.07.11-20.56.55:207][  0]LogPakFile: Registered encryption key '00000000000000000000000000000000': 0 pak files mounted, 0 remain pending
[2019.07.11-20.56.55:208][  0]LogPakFile: Registered encryption key '00000000000000000000000000000000': 0 pak files mounted, 0 remain pending
[2019.07.11-20.56.55:209][  0]LogPakFile: Registered encryption key '00000000000000000000000000000000': 0 pak files mounted, 0 remain pending
[2019.07.11-20.56.55:211][  0]LogPakFile: Registered encryption key '00000000000000000000000000000000': 0 pak files mounted, 0 remain pending
[2019.07.11-20.56.55:212][  0]LogPakFile: Registered encryption key '00000000000000000000000000000000': 0 pak files mounted, 0 remain pending
[2019.07.11-20.56.55:214][  0]LogPakFile: Registered encryption key '00000000000000000000000000000000': 0 pak files mounted, 0 remain pending
[2019.07.11-20.56.55:215][  0]LogPakFile: Registered encryption key '00000000000000000000000000000000': 0 pak files mounted, 0 remain pending
[2019.07.11-20.56.55:216][  0]LogPakFile: Registered encryption key '00000000000000000000000000000000': 0 pak files mounted, 0 remain pending
[2019.07.11-20.56.55:274][  0]LogContentBrowser: Native class hierarchy updated for 'AddContentDialog' in 0.0005 seconds. Added 0 classes and 0 folders.
[2019.07.11-20.56.55:282][  0]LogContentBrowser: Native class hierarchy updated for 'SceneOutliner' in 0.0005 seconds. Added 1 classes and 2 folders.
[2019.07.11-20.56.55:299][  0]LogSlate: Took 0.000690 seconds to synchronously load lazily loaded font '../../../Engine/Content/Slate/Fonts/Roboto-Regular.ttf' (155K)
[2019.07.11-20.56.55:302][  0]LogSlate: Took 0.000800 seconds to synchronously load lazily loaded font '../../../Engine/Content/Slate/Fonts/Roboto-Bold.ttf' (160K)
[2019.07.11-20.56.55:305][  0]LogSlate: Took 0.000777 seconds to synchronously load lazily loaded font '../../../Engine/Content/Editor/Slate/Fonts/FontAwesome.ttf' (139K)
[2019.07.11-20.56.55:349][  0]LogRenderer: Reallocating scene render targets to support 1132x520 Format 10 NumSamples 1 (Frame:1).
[2019.07.11-20.56.55:486][  0]LogContentBrowser: Native class hierarchy updated for 'HierarchicalLODOutliner' in 0.0019 seconds. Added 0 classes and 0 folders.
[2019.07.11-20.56.55:486][  0]LogLoad: (Engine Initialization) Total time: 11.14 seconds
[2019.07.11-20.56.55:486][  0]LogLoad: (Engine Initialization) Total Blueprint compile time: 0.00 seconds
[2019.07.11-20.56.55:527][  0]LogAssetRegistry: Asset discovery search completed in 6.7585 seconds
[2019.07.11-20.56.55:529][  0]LogCollectionManager: Rebuilt the object cache for 0 collections in 0.000000 seconds (found 0 objects)
[2019.07.11-20.56.55:529][  0]LogCollectionManager: Fixed up redirectors for 0 collections in 0.000033 seconds (updated 0 objects)
[2019.07.11-20.56.55:530][  0]LogContentStreaming: Texture pool size now 1000 MB
[2019.07.11-20.56.55:568][  0]LogSlate: Took 0.001101 seconds to synchronously load lazily loaded font '../../../Engine/Content/Slate/Fonts/Roboto-Light.ttf' (167K)
[2019.07.11-20.56.56:523][ 58]LogSlate: Took 0.000158 seconds to synchronously load lazily loaded font '../../../Engine/Content/Slate/Fonts/Roboto-Light.ttf' (167K)
[2019.07.11-20.57.01:410][332]LogSlate: FSceneViewport::OnFocusLost() reason 0
[2019.07.11-20.57.01:552][339]LogUObjectHash: Compacting FUObjectHashTables data took   0.54ms
[2019.07.11-20.57.01:586][339]LogSlate: Window 'VGDC_Minigames - Unreal Editor' being destroyed
[2019.07.11-20.57.01:587][339]LogWindowsTextInputMethodSystem: Display: IME system now deactivated.
[2019.07.11-20.57.01:788][340]Cmd: QUIT_EDITOR
[2019.07.11-20.57.01:827][340]LogExit: Preparing to exit.
[2019.07.11-20.57.02:000][340]LogExit: Editor shut down
[2019.07.11-20.57.02:000][340]LogExit: Transaction tracking system shut down
[2019.07.11-20.57.02:209][340]LogExit: Object subsystem successfully closed.
[2019.07.11-20.57.02:230][340]LogShaderCompilers: Display: Shaders left to compile 0
[2019.07.11-20.57.02:233][340]LogD3D11RHI: Shutdown
[2019.07.11-20.57.02:233][340]LogD3D11RHI: CleanupD3DDevice
[2019.07.11-20.57.02:233][340]LogRendererCore: FGlobalReadBuffer::ReleaseRHI
[2019.07.11-20.57.02:233][340]LogRendererCore: FGlobalDynamicReadBuffer::Cleanup()
[2019.07.11-20.57.02:234][340]LogRendererCore: FGlobalReadBuffer::ReleaseRHI
[2019.07.11-20.57.02:234][340]LogRendererCore: FGlobalDynamicReadBuffer::Cleanup()
[2019.07.11-20.57.02:234][340]LogRendererCore: FGlobalReadBuffer::ReleaseRHI
[2019.07.11-20.57.02:234][340]LogRendererCore: FGlobalDynamicReadBuffer::Cleanup()
[2019.07.11-20.57.02:281][340]LogD3D11RHI: ~FD3D11DynamicRHI
[2019.07.11-20.57.02:333][340]LogModuleManager: Shutting down and abandoning module HierarchicalLODOutliner (640)
[2019.07.11-20.57.02:333][340]LogModuleManager: Shutting down and abandoning module SceneOutliner (638)
[2019.07.11-20.57.02:333][340]LogModuleManager: Shutting down and abandoning module AddContentDialog (636)
[2019.07.11-20.57.02:334][340]LogModuleManager: Shutting down and abandoning module WidgetCarousel (635)
[2019.07.11-20.57.02:334][340]LogModuleManager: Shutting down and abandoning module EditorWidgets (632)
[2019.07.11-20.57.02:334][340]LogModuleManager: Shutting down and abandoning module CollectionManager (630)
[2019.07.11-20.57.02:334][340]LogModuleManager: Shutting down and abandoning module StatsViewer (628)
[2019.07.11-20.57.02:334][340]LogModuleManager: Shutting down and abandoning module FoliageEdit (626)
[2019.07.11-20.57.02:334][340]LogModuleManager: Shutting down and abandoning module LandscapeEditor (624)
[2019.07.11-20.57.02:335][340]LogModuleManager: Shutting down and abandoning module MeshPaintMode (622)
[2019.07.11-20.57.02:336][340]LogModuleManager: Shutting down and abandoning module SceneDepthPickerMode (620)
[2019.07.11-20.57.02:336][340]LogModuleManager: Shutting down and abandoning module ActorPickerMode (618)
[2019.07.11-20.57.02:336][340]LogModuleManager: Shutting down and abandoning module GeometryMode (616)
[2019.07.11-20.57.02:336][340]LogModuleManager: Shutting down and abandoning module TextureAlignMode (614)
[2019.07.11-20.57.02:336][340]LogModuleManager: Shutting down and abandoning module BspMode (612)
[2019.07.11-20.57.02:336][340]LogModuleManager: Shutting down and abandoning module PIEPreviewDeviceProfileSelector (610)
[2019.07.11-20.57.02:336][340]LogModuleManager: Shutting down and abandoning module SequenceRecorderSections (608)
[2019.07.11-20.57.02:336][340]LogModuleManager: Shutting down and abandoning module AutomationWorker (606)
[2019.07.11-20.57.02:336][340]LogModuleManager: Shutting down and abandoning module OculusMR (604)
[2019.07.11-20.57.02:336][340]LogModuleManager: Shutting down and abandoning module AudioCaptureEditor (602)
[2019.07.11-20.57.02:336][340]LogModuleManager: Shutting down and abandoning module MatineeToLevelSequence (600)
[2019.07.11-20.57.02:337][340]LogModuleManager: Shutting down and abandoning module LevelSequenceEditor (598)
[2019.07.11-20.57.02:337][340]LogModuleManager: Shutting down and abandoning module PlacementMode (597)
[2019.07.11-20.57.02:337][340]LogModuleManager: Shutting down and abandoning module MaterialEditor (596)
[2019.07.11-20.57.02:338][340]LogModuleManager: Shutting down and abandoning module ActorSequenceEditor (592)
[2019.07.11-20.57.02:338][340]LogModuleManager: Shutting down and abandoning module WmfMediaFactory (590)
[2019.07.11-20.57.02:338][340]LogModuleManager: Shutting down and abandoning module WmfMediaEditor (588)
[2019.07.11-20.57.02:338][340]LogModuleManager: Shutting down and abandoning module WebMMediaFactory (586)
[2019.07.11-20.57.02:338][340]LogModuleManager: Shutting down and abandoning module WebMMediaEditor (584)
[2019.07.11-20.57.02:338][340]LogModuleManager: Shutting down and abandoning module WebMMedia (582)
[2019.07.11-20.57.02:339][340]LogModuleManager: Shutting down and abandoning module MediaPlayerEditor (580)
[2019.07.11-20.57.02:339][340]LogModuleManager: Shutting down and abandoning module MediaCompositingEditor (578)
[2019.07.11-20.57.02:340][340]LogModuleManager: Shutting down and abandoning module SequenceRecorder (577)
[2019.07.11-20.57.02:340][340]LogModuleManager: Shutting down and abandoning module OpenExrWrapper (574)
[2019.07.11-20.57.02:340][340]LogModuleManager: Shutting down and abandoning module ImgMediaFactory (572)
[2019.07.11-20.57.02:340][340]LogModuleManager: Shutting down and abandoning module ImgMediaEditor (570)
[2019.07.11-20.57.02:340][340]LogModuleManager: Shutting down and abandoning module AvfMediaFactory (568)
[2019.07.11-20.57.02:340][340]LogModuleManager: Shutting down and abandoning module AvfMediaEditor (566)
[2019.07.11-20.57.02:340][340]LogModuleManager: Shutting down and abandoning module AndroidMediaFactory (564)
[2019.07.11-20.57.02:340][340]LogModuleManager: Shutting down and abandoning module AndroidMediaEditor (562)
[2019.07.11-20.57.02:340][340]LogModuleManager: Shutting down and abandoning module MagicLeapCameraPreviewFactory (560)
[2019.07.11-20.57.02:340][340]LogModuleManager: Shutting down and abandoning module MagicLeapMediaCodecFactory (558)
[2019.07.11-20.57.02:340][340]LogModuleManager: Shutting down and abandoning module MagicLeapMediaFactory (556)
[2019.07.11-20.57.02:340][340]LogModuleManager: Shutting down and abandoning module MagicLeapMediaEditor (554)
[2019.07.11-20.57.02:340][340]LogModuleManager: Shutting down and abandoning module CharacterAI (552)
[2019.07.11-20.57.02:340][340]LogModuleManager: Shutting down and abandoning module SmartSnapping (550)
[2019.07.11-20.57.02:340][340]LogModuleManager: Shutting down and abandoning module SessionServices (548)
[2019.07.11-20.57.02:340][340]LogModuleManager: Shutting down and abandoning module MeshPaint (546)
[2019.07.11-20.57.02:340][340]LogModuleManager: Shutting down and abandoning module ViewportSnapping (544)
[2019.07.11-20.57.02:340][340]LogModuleManager: Shutting down and abandoning module ViewportInteraction (542)
[2019.07.11-20.57.02:340][340]LogModuleManager: Shutting down and abandoning module ClothPainter (540)
[2019.07.11-20.57.02:341][340]LogModuleManager: Shutting down and abandoning module SkeletalMeshEditor (539)
[2019.07.11-20.57.02:342][340]LogModuleManager: Shutting down and abandoning module LogVisualizer (536)
[2019.07.11-20.57.02:343][340]LogModuleManager: Shutting down and abandoning module IntroTutorials (534)
[2019.07.11-20.57.02:343][340]LogModuleManager: Shutting down and abandoning module GameProjectGeneration (533)
[2019.07.11-20.57.02:343][340]LogModuleManager: Shutting down and abandoning module LuminPlatformEditor (530)
[2019.07.11-20.57.02:343][340]LogModuleManager: Shutting down and abandoning module IOSPlatformEditor (528)
[2019.07.11-20.57.02:343][340]LogModuleManager: Shutting down and abandoning module HTML5PlatformEditor (526)
[2019.07.11-20.57.02:343][340]LogModuleManager: Shutting down and abandoning module AndroidPlatformEditor (524)
[2019.07.11-20.57.02:343][340]LogModuleManager: Shutting down and abandoning module AndroidDeviceDetection (523)
[2019.07.11-20.57.03:205][340]LogModuleManager: Shutting down and abandoning module WindowsPlatformEditor (520)
[2019.07.11-20.57.03:205][340]LogModuleManager: Shutting down and abandoning module LuminRuntimeSettings (518)
[2019.07.11-20.57.03:205][340]LogModuleManager: Shutting down and abandoning module IOSRuntimeSettings (516)
[2019.07.11-20.57.03:205][340]LogModuleManager: Shutting down and abandoning module AndroidRuntimeSettings (514)
[2019.07.11-20.57.03:205][340]LogModuleManager: Shutting down and abandoning module TimeManagementEditor (512)
[2019.07.11-20.57.03:205][340]LogModuleManager: Shutting down and abandoning module InputBindingEditor (510)
[2019.07.11-20.57.03:207][340]LogModuleManager: Shutting down and abandoning module MergeActors (508)
[2019.07.11-20.57.03:207][340]LogModuleManager: Shutting down and abandoning module LocalizationDashboard (506)
[2019.07.11-20.57.03:208][340]LogModuleManager: Shutting down and abandoning module LocalizationService (505)
[2019.07.11-20.57.03:208][340]LogModuleManager: Shutting down and abandoning module HardwareTargeting (502)
[2019.07.11-20.57.03:208][340]LogModuleManager: Shutting down and abandoning module DeviceProfileEditor (500)
[2019.07.11-20.57.03:208][340]LogModuleManager: Shutting down and abandoning module UndoHistory (498)
[2019.07.11-20.57.03:209][340]LogModuleManager: Shutting down and abandoning module XmlParser (496)
[2019.07.11-20.57.03:209][340]LogModuleManager: Shutting down and abandoning module Blutility (494)
[2019.07.11-20.57.03:209][340]LogModuleManager: Shutting down and abandoning module ProjectSettingsViewer (492)
[2019.07.11-20.57.03:209][340]LogModuleManager: Shutting down and abandoning module ProjectTargetPlatformEditor (491)
[2019.07.11-20.57.03:209][340]LogModuleManager: Shutting down and abandoning module EditorSettingsViewer (488)
[2019.07.11-20.57.03:209][340]LogModuleManager: Shutting down and abandoning module SettingsEditor (486)
[2019.07.11-20.57.03:209][340]LogModuleManager: Shutting down and abandoning module ProjectLauncher (484)
[2019.07.11-20.57.03:210][340]LogModuleManager: Shutting down and abandoning module SessionFrontend (482)
[2019.07.11-20.57.03:210][340]LogModuleManager: Shutting down and abandoning module ProfilerClient (480)
[2019.07.11-20.57.03:210][340]LogModuleManager: Shutting down and abandoning module DeviceManager (478)
[2019.07.11-20.57.03:211][340]LogModuleManager: Shutting down and abandoning module TargetDeviceServices (477)
[2019.07.11-20.57.03:255][340]LogModuleManager: Shutting down and abandoning module AutomationController (474)
[2019.07.11-20.57.03:255][340]LogModuleManager: Shutting down and abandoning module AutomationWindow (472)
[2019.07.11-20.57.03:256][340]LogModuleManager: Shutting down and abandoning module Layers (470)
[2019.07.11-20.57.03:258][340]LogModuleManager: Shutting down and abandoning module ComponentVisualizers (468)
[2019.07.11-20.57.03:258][340]LogModuleManager: Shutting down and abandoning module DetailCustomizations (466)
[2019.07.11-20.57.03:258][340]LogModuleManager: Shutting down and abandoning module PackagesDialog (464)
[2019.07.11-20.57.03:259][340]LogModuleManager: Shutting down and abandoning module AnimationBlueprintEditor (462)
[2019.07.11-20.57.03:260][340]LogModuleManager: Shutting down and abandoning module Persona (460)
[2019.07.11-20.57.03:261][340]LogModuleManager: Shutting down and abandoning module AdvancedPreviewScene (459)
[2019.07.11-20.57.03:261][340]LogModuleManager: Shutting down and abandoning module AnimGraph (457)
[2019.07.11-20.57.03:261][340]LogModuleManager: Shutting down and abandoning module Kismet (454)
[2019.07.11-20.57.03:262][340]LogModuleManager: Shutting down and abandoning module GraphEditor (452)
[2019.07.11-20.57.03:262][340]LogModuleManager: Shutting down and abandoning module ClassViewer (450)
[2019.07.11-20.57.03:262][340]LogModuleManager: Shutting down and abandoning module Toolbox (448)
[2019.07.11-20.57.03:262][340]LogModuleManager: Shutting down and abandoning module DesktopPlatform (447)
[2019.07.11-20.57.03:263][340]LogModuleManager: Shutting down and abandoning module ModuleUI (444)
[2019.07.11-20.57.03:263][340]LogModuleManager: Shutting down and abandoning module MovieSceneTools (442)
[2019.07.11-20.57.03:263][340]LogModuleManager: Shutting down and abandoning module OutputLog (440)
[2019.07.11-20.57.03:263][340]LogModuleManager: Shutting down and abandoning module GammaUI (438)
[2019.07.11-20.57.03:264][340]LogModuleManager: Shutting down and abandoning module Documentation (436)
[2019.07.11-20.57.03:264][340]LogModuleManager: Shutting down and abandoning module LiveCoding (434)
[2019.07.11-20.57.03:264][340]LogModuleManager: Shutting down and abandoning module LevelSequence (432)
[2019.07.11-20.57.03:264][340]LogModuleManager: Shutting down and abandoning module MovieSceneTracks (430)
[2019.07.11-20.57.03:264][340]LogModuleManager: Shutting down and abandoning module MovieScene (428)
[2019.07.11-20.57.03:264][340]LogModuleManager: Shutting down and abandoning module StreamingPauseRendering (426)
[2019.07.11-20.57.03:264][340]LogModuleManager: Shutting down and abandoning module LauncherPlatform (424)
[2019.07.11-20.57.03:264][340]LogModuleManager: Shutting down and abandoning module AnalyticsET (422)
[2019.07.11-20.57.03:264][340]LogModuleManager: Shutting down and abandoning module PortalServices (420)
[2019.07.11-20.57.03:264][340]LogModuleManager: Shutting down and abandoning module PortalRpc (418)
[2019.07.11-20.57.03:264][340]LogModuleManager: Shutting down and abandoning module MessagingRpc (416)
[2019.07.11-20.57.03:264][340]LogModuleManager: Shutting down and abandoning module AIModule (414)
[2019.07.11-20.57.03:265][340]LogModuleManager: Shutting down and abandoning module GameplayDebugger (413)
[2019.07.11-20.57.03:265][340]LogModuleManager: Shutting down and abandoning module AITestSuite (411)
[2019.07.11-20.57.03:265][340]LogModuleManager: Shutting down and abandoning module NavigationSystem (409)
[2019.07.11-20.57.03:265][340]LogModuleManager: Shutting down and abandoning module ImageWriteQueue (406)
[2019.07.11-20.57.03:268][340]LogModuleManager: Shutting down and abandoning module ProfilerService (404)
[2019.07.11-20.57.03:490][340]LogModuleManager: Shutting down and abandoning module TaskGraph (402)
[2019.07.11-20.57.03:493][340]LogModuleManager: Shutting down and abandoning module ProceduralMeshComponentEditor (400)
[2019.07.11-20.57.03:493][340]LogModuleManager: Shutting down and abandoning module ProceduralMeshComponent (398)
[2019.07.11-20.57.03:493][340]LogModuleManager: Shutting down and abandoning module OculusEditor (396)
[2019.07.11-20.57.03:493][340]LogModuleManager: Shutting down and abandoning module OculusInput (394)
[2019.07.11-20.57.03:493][340]LogModuleManager: Shutting down and abandoning module MobilePatchingUtils (392)
[2019.07.11-20.57.03:493][340]LogModuleManager: Shutting down and abandoning module EditableMesh (390)
[2019.07.11-20.57.03:494][340]LogModuleManager: Shutting down and abandoning module CustomMeshComponent (388)
[2019.07.11-20.57.03:494][340]LogModuleManager: Shutting down and abandoning module CableComponent (386)
[2019.07.11-20.57.03:494][340]LogModuleManager: Shutting down and abandoning module AudioCapture (384)
[2019.07.11-20.57.03:494][340]LogModuleManager: Shutting down and abandoning module ArchVisCharacter (382)
[2019.07.11-20.57.03:494][340]LogModuleManager: Shutting down and abandoning module AndroidPermission (380)
[2019.07.11-20.57.03:494][340]LogModuleManager: Shutting down and abandoning module NUTUnrealEngine4 (378)
[2019.07.11-20.57.03:494][340]LogModuleManager: Shutting down and abandoning module NetcodeUnitTest (376)
[2019.07.11-20.57.03:495][340]LogModuleManager: Shutting down and abandoning module MediaCompositing (374)
[2019.07.11-20.57.03:495][340]LogModuleManager: Shutting down and abandoning module LinearTimecode (372)
[2019.07.11-20.57.03:495][340]LogModuleManager: Shutting down and abandoning module ImgMedia (370)
[2019.07.11-20.57.03:495][340]LogModuleManager: Shutting down and abandoning module MagicLeapHelperVulkan (368)
[2019.07.11-20.57.03:495][340]LogModuleManager: Shutting down and abandoning module MagicLeapHelperOpenGL (366)
[2019.07.11-20.57.03:495][340]LogModuleManager: Shutting down and abandoning module MagicLeapAudio (364)
[2019.07.11-20.57.03:495][340]LogModuleManager: Shutting down and abandoning module HTML5Networking (362)
[2019.07.11-20.57.03:495][340]LogModuleManager: Shutting down and abandoning module GeometryCacheTracks (360)
[2019.07.11-20.57.03:495][340]LogModuleManager: Shutting down and abandoning module GeometryCacheSequencer (358)
[2019.07.11-20.57.03:495][340]LogModuleManager: Shutting down and abandoning module BackChannel (356)
[2019.07.11-20.57.03:495][340]LogModuleManager: Shutting down and abandoning module AppleVision (354)
[2019.07.11-20.57.03:495][340]LogModuleManager: Shutting down and abandoning module AppleImageUtilsBlueprintSupport (352)
[2019.07.11-20.57.03:495][340]LogModuleManager: Shutting down and abandoning module AppleImageUtils (350)
[2019.07.11-20.57.03:495][340]LogModuleManager: Shutting down and abandoning module AlembicImporter (348)
[2019.07.11-20.57.03:495][340]LogModuleManager: Shutting down and abandoning module AlembicLibrary (347)
[2019.07.11-20.57.03:495][340]LogModuleManager: Shutting down and abandoning module GeometryCache (346)
[2019.07.11-20.57.03:495][340]LogModuleManager: Shutting down and abandoning module GeometryCacheEd (345)
[2019.07.11-20.57.03:495][340]LogModuleManager: Shutting down and abandoning module VariantManagerContent (340)
[2019.07.11-20.57.03:495][340]LogModuleManager: Shutting down and abandoning module DatasmithContentEditor (338)
[2019.07.11-20.57.03:496][340]LogModuleManager: Shutting down and abandoning module SpeedTreeImporter (336)
[2019.07.11-20.57.03:496][340]LogModuleManager: Shutting down and abandoning module PluginBrowser (334)
[2019.07.11-20.57.03:497][340]LogModuleManager: Shutting down and abandoning module MobileLauncherProfileWizard (332)
[2019.07.11-20.57.03:498][340]LogModuleManager: Shutting down and abandoning module MaterialAnalyzer (330)
[2019.07.11-20.57.03:498][340]LogModuleManager: Shutting down and abandoning module CryptoKeysOpenSSL (328)
[2019.07.11-20.57.03:498][340]LogModuleManager: Shutting down and abandoning module CryptoKeys (326)
[2019.07.11-20.57.03:498][340]LogModuleManager: Shutting down and abandoning module VisualStudioSourceCodeAccess (324)
[2019.07.11-20.57.03:498][340]LogModuleManager: Shutting down and abandoning module VisualStudioCodeSourceCodeAccess (322)
[2019.07.11-20.57.03:498][340]LogModuleManager: Shutting down and abandoning module UObjectPlugin (320)
[2019.07.11-20.57.03:498][340]LogModuleManager: Shutting down and abandoning module SubversionSourceControl (318)
[2019.07.11-20.57.03:500][340]LogModuleManager: Shutting down and abandoning module PerforceSourceControl (316)
[2019.07.11-20.57.03:501][340]LogModuleManager: Shutting down and abandoning module GitSourceControl (314)
[2019.07.11-20.57.03:501][340]LogModuleManager: Shutting down and abandoning module SourceControl (313)
[2019.07.11-20.57.03:501][340]LogModuleManager: Shutting down and abandoning module CLionSourceCodeAccess (310)
[2019.07.11-20.57.03:501][340]LogModuleManager: Shutting down and abandoning module AnimationSharingEd (308)
[2019.07.11-20.57.03:501][340]LogModuleManager: Shutting down and abandoning module ActorLayerUtilitiesEditor (306)
[2019.07.11-20.57.03:501][340]LogModuleManager: Shutting down and abandoning module ActorLayerUtilities (304)
[2019.07.11-20.57.03:501][340]LogModuleManager: Shutting down and abandoning module LightPropagationVolumeEditor (302)
[2019.07.11-20.57.03:501][340]LogModuleManager: Shutting down and abandoning module PaperTiledImporter (300)
[2019.07.11-20.57.03:501][340]LogModuleManager: Shutting down and abandoning module PaperSpriteSheetImporter (298)
[2019.07.11-20.57.03:501][340]LogModuleManager: Shutting down and abandoning module Paper2DEditor (296)
[2019.07.11-20.57.03:502][340]LogModuleManager: Shutting down and abandoning module VGDC_Minigames (294)
[2019.07.11-20.57.03:502][340]LogModuleManager: Shutting down and abandoning module SignificanceManager (292)
[2019.07.11-20.57.03:502][340]LogModuleManager: Shutting down and abandoning module RuntimePhysXCooking (290)
[2019.07.11-20.57.03:502][340]LogModuleManager: Shutting down and abandoning module PhysXVehiclesEditor (288)
[2019.07.11-20.57.03:503][340]LogModuleManager: Shutting down and abandoning module PhysXVehicles (286)
[2019.07.11-20.57.03:503][340]LogModuleManager: Shutting down and abandoning module LocationServicesBPLibrary (284)
[2019.07.11-20.57.03:503][340]LogModuleManager: Shutting down and abandoning module ActorSequence (282)
[2019.07.11-20.57.03:503][340]LogModuleManager: Shutting down and abandoning module UdpMessaging (280)
[2019.07.11-20.57.03:603][340]LogModuleManager: Shutting down and abandoning module TcpMessaging (278)
[2019.07.11-20.57.03:704][340]LogModuleManager: Shutting down and abandoning module MagicLeapIdentity (276)
[2019.07.11-20.57.03:704][340]LogModuleManager: Shutting down and abandoning module MagicLeapSecureStorage (274)
[2019.07.11-20.57.03:704][340]LogModuleManager: Shutting down and abandoning module MagicLeapHandTracking (272)
[2019.07.11-20.57.03:704][340]LogModuleManager: Shutting down and abandoning module MagicLeapEyeTracker (270)
[2019.07.11-20.57.03:704][340]LogModuleManager: Shutting down and abandoning module MagicLeapController (268)
[2019.07.11-20.57.03:704][340]LogSlate: Slate User Destroyed.  User Index 0, Is Virtual User: 0
[2019.07.11-20.57.03:704][340]LogModuleManager: Shutting down and abandoning module MagicLeapAR (266)
[2019.07.11-20.57.03:704][340]LogModuleManager: Shutting down and abandoning module AugmentedReality (265)
[2019.07.11-20.57.03:704][340]LogModuleManager: Shutting down and abandoning module GameplayTagsEditor (262)
[2019.07.11-20.57.03:705][340]LogModuleManager: Shutting down and abandoning module FacialAnimationEditor (260)
[2019.07.11-20.57.03:705][340]LogModuleManager: Shutting down and abandoning module FacialAnimation (258)
[2019.07.11-20.57.03:705][340]LogModuleManager: Shutting down and abandoning module DataValidation (256)
[2019.07.11-20.57.03:705][340]LogModuleManager: Shutting down and abandoning module AssetManagerEditor (254)
[2019.07.11-20.57.03:706][340]LogModuleManager: Shutting down and abandoning module LevelEditor (253)
[2019.07.11-20.57.03:707][340]LogModuleManager: Shutting down and abandoning module PixelInspectorModule (252)
[2019.07.11-20.57.03:707][340]LogModuleManager: Shutting down and abandoning module CommonMenuExtensions (250)
[2019.07.11-20.57.03:707][340]LogModuleManager: Shutting down and abandoning module MainFrame (248)
[2019.07.11-20.57.03:707][340]LogModuleManager: Shutting down and abandoning module HotReload (247)
[2019.07.11-20.57.03:707][340]LogModuleManager: Shutting down and abandoning module ContentBrowser (243)
[2019.07.11-20.57.03:708][340]LogModuleManager: Shutting down and abandoning module TreeMap (241)
[2019.07.11-20.57.03:708][340]LogModuleManager: Shutting down and abandoning module AnimationSharing (238)
[2019.07.11-20.57.03:708][340]LogModuleManager: Shutting down and abandoning module LightPropagationVolumeRuntime (236)
[2019.07.11-20.57.03:708][340]LogModuleManager: Shutting down and abandoning module AISupportModule (234)
[2019.07.11-20.57.03:709][340]LogModuleManager: Shutting down and abandoning module Paper2D (232)
[2019.07.11-20.57.03:709][340]LogModuleManager: Shutting down and abandoning module WindowsMoviePlayer (230)
[2019.07.11-20.57.03:709][340]LogModuleManager: Shutting down and abandoning module WebMMoviePlayer (228)
[2019.07.11-20.57.03:709][340]LogModuleManager: Shutting down and abandoning module PacketHandler (226)
[2019.07.11-20.57.03:709][340]LogModuleManager: Shutting down and abandoning module ClothingSystemEditor (224)
[2019.07.11-20.57.03:709][340]LogModuleManager: Shutting down and abandoning module ClothingSystemRuntime (222)
[2019.07.11-20.57.03:710][340]LogModuleManager: Shutting down and abandoning module MediaAssets (220)
[2019.07.11-20.57.03:710][340]LogModuleManager: Shutting down and abandoning module Overlay (218)
[2019.07.11-20.57.03:710][340]LogModuleManager: Shutting down and abandoning module OverlayEditor (217)
[2019.07.11-20.57.03:710][340]LogModuleManager: Shutting down and abandoning module VREditor (214)
[2019.07.11-20.57.03:710][340]LogModuleManager: Shutting down and abandoning module StringTableEditor (212)
[2019.07.11-20.57.03:711][340]LogModuleManager: Shutting down and abandoning module GameplayTasksEditor (210)
[2019.07.11-20.57.03:711][340]LogModuleManager: Shutting down and abandoning module BehaviorTreeEditor (208)
[2019.07.11-20.57.03:712][340]LogModuleManager: Shutting down and abandoning module FunctionalTesting (206)
[2019.07.11-20.57.03:712][340]LogModuleManager: Shutting down and abandoning module CollisionAnalyzer (204)
[2019.07.11-20.57.03:713][340]LogModuleManager: Shutting down and abandoning module WorkspaceMenuStructure (203)
[2019.07.11-20.57.03:713][340]LogModuleManager: Shutting down and abandoning module UMG (200)
[2019.07.11-20.57.03:713][340]LogModuleManager: Shutting down and abandoning module UMGEditor (199)
[2019.07.11-20.57.03:713][340]LogModuleManager: Shutting down and abandoning module Sequencer (198)
[2019.07.11-20.57.03:714][340]LogModuleManager: Shutting down and abandoning module MessageLog (195)
[2019.07.11-20.57.03:714][340]LogModuleManager: Shutting down and abandoning module SlateReflector (190)
[2019.07.11-20.57.03:716][340]LogModuleManager: Shutting down and abandoning module Slate (188)
[2019.07.11-20.57.03:716][340]LogModuleManager: Shutting down and abandoning module EditorStyle (186)
[2019.07.11-20.57.03:717][340]LogModuleManager: Shutting down and abandoning module UnrealEd (184)
[2019.07.11-20.57.03:717][340]LogModuleManager: Shutting down and abandoning module MRMesh (182)
[2019.07.11-20.57.03:717][340]LogModuleManager: Shutting down and abandoning module SourceCodeAccess (180)
[2019.07.11-20.57.03:717][340]LogModuleManager: Shutting down and abandoning module HeadMountedDisplay (178)
[2019.07.11-20.57.03:717][340]LogModuleManager: Shutting down and abandoning module XAudio2 (176)
[2019.07.11-20.57.03:717][340]LogModuleManager: Shutting down and abandoning module Networking (174)
[2019.07.11-20.57.03:717][340]LogModuleManager: Shutting down and abandoning module Core (172)
[2019.07.11-20.57.03:717][340]LogModuleManager: Shutting down and abandoning module KismetCompiler (170)
[2019.07.11-20.57.03:717][340]LogModuleManager: Shutting down and abandoning module MeshUtilities (168)
[2019.07.11-20.57.03:717][340]LogModuleManager: Shutting down and abandoning module MeshMergeUtilities (167)
[2019.07.11-20.57.03:717][340]LogModuleManager: Shutting down and abandoning module MeshReductionInterface (166)
[2019.07.11-20.57.03:717][340]LogModuleManager: Shutting down and abandoning module SkeletalMeshReduction (165)
[2019.07.11-20.57.03:718][340]LogModuleManager: Shutting down and abandoning module ProxyLODMeshReduction (163)
[2019.07.11-20.57.03:718][340]LogModuleManager: Shutting down and abandoning module QuadricMeshReduction (161)
[2019.07.11-20.57.03:718][340]LogModuleManager: Shutting down and abandoning module MaterialBaking (157)
[2019.07.11-20.57.03:719][340]LogModuleManager: Shutting down and abandoning module DerivedDataCache (152)
[2019.07.11-20.57.04:161][340]LogDerivedDataCache: Shutdown
[2019.07.11-20.57.04:161][340]LogModuleManager: Shutting down and abandoning module XGEController (150)
[2019.07.11-20.57.04:161][340]LogModuleManager: Shutting down and abandoning module TargetPlatform (148)
[2019.07.11-20.57.04:161][340]LogModuleManager: Shutting down and abandoning module VulkanShaderFormat (147)
[2019.07.11-20.57.04:162][340]LogModuleManager: Shutting down and abandoning module ShaderFormatVectorVM (145)
[2019.07.11-20.57.04:162][340]LogModuleManager: Shutting down and abandoning module ShaderFormatOpenGL (143)
[2019.07.11-20.57.04:162][340]LogModuleManager: Shutting down and abandoning module ShaderFormatD3D (141)
[2019.07.11-20.57.04:162][340]LogModuleManager: Shutting down and abandoning module MetalShaderFormat (139)
[2019.07.11-20.57.04:163][340]LogModuleManager: Shutting down and abandoning module TextureFormatUncompressed (137)
[2019.07.11-20.57.04:163][340]LogModuleManager: Shutting down and abandoning module TextureFormatPVR (135)
[2019.07.11-20.57.04:163][340]LogModuleManager: Shutting down and abandoning module TextureFormatDXT (133)
[2019.07.11-20.57.04:163][340]LogModuleManager: Shutting down and abandoning module TextureFormatIntelISPCTexComp (131)
[2019.07.11-20.57.04:163][340]LogModuleManager: Shutting down and abandoning module TextureFormatASTC (129)
[2019.07.11-20.57.04:163][340]LogModuleManager: Shutting down and abandoning module ImageWrapper (128)
[2019.07.11-20.57.04:163][340]LogModuleManager: Shutting down and abandoning module TextureFormatAndroid (125)
[2019.07.11-20.57.04:163][340]LogModuleManager: Shutting down and abandoning module AudioFormatOpus (123)
[2019.07.11-20.57.04:163][340]LogModuleManager: Shutting down and abandoning module AudioFormatOgg (121)
[2019.07.11-20.57.04:163][340]LogModuleManager: Shutting down and abandoning module AudioFormatADPCM (119)
[2019.07.11-20.57.04:163][340]LogModuleManager: Shutting down and abandoning module LuminTargetPlatform (117)
[2019.07.11-20.57.04:164][340]LogModuleManager: Shutting down and abandoning module LinuxTargetPlatform (115)
[2019.07.11-20.57.04:164][340]LogModuleManager: Shutting down and abandoning module LinuxServerTargetPlatform (113)
[2019.07.11-20.57.04:164][340]LogModuleManager: Shutting down and abandoning module LinuxNoEditorTargetPlatform (111)
[2019.07.11-20.57.04:164][340]LogModuleManager: Shutting down and abandoning module LinuxClientTargetPlatform (109)
[2019.07.11-20.57.04:164][340]LogModuleManager: Shutting down and abandoning module TVOSTargetPlatform (107)
[2019.07.11-20.57.04:164][340]LogModuleManager: Shutting down and abandoning module Messaging (105)
[2019.07.11-20.57.04:164][340]LogModuleManager: Shutting down and abandoning module IOSTargetPlatform (103)
[2019.07.11-20.57.04:165][340]LogModuleManager: Shutting down and abandoning module HTML5TargetPlatform (101)
[2019.07.11-20.57.04:165][340]LogModuleManager: Shutting down and abandoning module AndroidTargetPlatform (99)
[2019.07.11-20.57.04:168][340]LogModuleManager: Shutting down and abandoning module WindowsTargetPlatform (97)
[2019.07.11-20.57.04:168][340]LogModuleManager: Shutting down and abandoning module WindowsServerTargetPlatform (95)
[2019.07.11-20.57.04:168][340]LogModuleManager: Shutting down and abandoning module WindowsNoEditorTargetPlatform (93)
[2019.07.11-20.57.04:168][340]LogModuleManager: Shutting down and abandoning module WindowsClientTargetPlatform (91)
[2019.07.11-20.57.04:168][340]LogModuleManager: Shutting down and abandoning module MacTargetPlatform (89)
[2019.07.11-20.57.04:168][340]LogModuleManager: Shutting down and abandoning module MacServerTargetPlatform (87)
[2019.07.11-20.57.04:168][340]LogModuleManager: Shutting down and abandoning module MacNoEditorTargetPlatform (85)
[2019.07.11-20.57.04:168][340]LogModuleManager: Shutting down and abandoning module MacClientTargetPlatform (83)
[2019.07.11-20.57.04:168][340]LogModuleManager: Shutting down and abandoning module AllDesktopTargetPlatform (81)
[2019.07.11-20.57.04:168][340]LogModuleManager: Shutting down and abandoning module InputCore (78)
[2019.07.11-20.57.04:168][340]LogModuleManager: Shutting down and abandoning module Settings (76)
[2019.07.11-20.57.04:168][340]LogModuleManager: Shutting down and abandoning module DirectoryWatcher (74)
[2019.07.11-20.57.04:168][340]LogModuleManager: Shutting down and abandoning module PhysXCooking (72)
[2019.07.11-20.57.04:168][340]LogModuleManager: Shutting down and abandoning module OculusHMD (70)
[2019.07.11-20.57.04:169][340]LogModuleManager: Shutting down and abandoning module ExampleDeviceProfileSelector (68)
[2019.07.11-20.57.04:169][340]LogModuleManager: Shutting down and abandoning module LauncherChunkInstaller (66)
[2019.07.11-20.57.04:169][340]LogModuleManager: Shutting down and abandoning module OnlineBlueprintSupport (64)
[2019.07.11-20.57.04:169][340]LogModuleManager: Shutting down and abandoning module OnlineSubsystem (60)
[2019.07.11-20.57.04:170][340]LogModuleManager: Shutting down and abandoning module XMPP (55)
[2019.07.11-20.57.04:170][340]LogModuleManager: Shutting down and abandoning module WebSockets (54)
[2019.07.11-20.57.04:184][340]LogModuleManager: Shutting down and abandoning module HTTP (51)
[2019.07.11-20.57.04:184][340]LogHttp: Display: Http module shutting down, but needs to wait on 1 outstanding Http requests:
[2019.07.11-20.57.04:184][340]LogHttp: Display: 	verb=[POST] url=[https://datarouter.ol.epicgames.com/datarouter/api/v1/public/data?SessionID=%7BCA8B4B24-4D0C-AE26-1AFA-2D977471625B%7D&AppID=UEEditor.Rocket.Release&AppVersion=4.22.2-6574378%2B%2B%2BUE4%2BRelease-4.22&UserID=94984be34af00a266625248e83959a51%7C49afae8d080b4e9ea8dea5c7e70ac9aa%7C4bc33b86-29e8-48a9-a213-564d7b2e316c&AppEnvironment=datacollector-binary&UploadType=eteventstream] status=Processing
[2019.07.11-20.57.04:197][340]LogModuleManager: Shutting down and abandoning module SSL (50)
[2019.07.11-20.57.04:198][340]LogModuleManager: Shutting down and abandoning module WmfMedia (46)
[2019.07.11-20.57.04:200][340]LogModuleManager: Shutting down and abandoning module Media (45)
[2019.07.11-20.57.04:206][340]LogModuleManager: Shutting down and abandoning module MagicLeap (42)
[2019.07.11-20.57.04:206][340]LogModuleManager: Shutting down and abandoning module DatasmithContent (40)
[2019.07.11-20.57.04:207][340]LogModuleManager: Shutting down and abandoning module AnimationModifiers (38)
[2019.07.11-20.57.04:207][340]LogModuleManager: Shutting down and abandoning module PropertyEditor (37)
[2019.07.11-20.57.04:208][340]LogModuleManager: Shutting down and abandoning module AudioEditor (34)
[2019.07.11-20.57.04:210][340]LogModuleManager: Shutting down and abandoning module TextureCompressor (32)
[2019.07.11-20.57.04:210][340]LogModuleManager: Shutting down and abandoning module RenderCore (30)
[2019.07.11-20.57.04:210][340]LogModuleManager: Shutting down and abandoning module Landscape (28)
[2019.07.11-20.57.04:210][340]LogModuleManager: Shutting down and abandoning module SlateRHIRenderer (26)
[2019.07.11-20.57.04:211][340]LogModuleManager: Shutting down and abandoning module OpenGLDrv (24)
[2019.07.11-20.57.04:212][340]LogModuleManager: Shutting down and abandoning module D3D11RHI (22)
[2019.07.11-20.57.04:212][340]LogModuleManager: Shutting down and abandoning module AnimGraphRuntime (20)
[2019.07.11-20.57.04:213][340]LogModuleManager: Shutting down and abandoning module Renderer (18)
[2019.07.11-20.57.04:213][340]LogModuleManager: Shutting down and abandoning module Engine (16)
[2019.07.11-20.57.04:213][340]LogModuleManager: Shutting down and abandoning module CoreUObject (14)
[2019.07.11-20.57.04:213][340]LogModuleManager: Shutting down and abandoning module NetworkFile (12)
[2019.07.11-20.57.04:213][340]LogModuleManager: Shutting down and abandoning module CookedIterativeFile (10)
[2019.07.11-20.57.04:213][340]LogModuleManager: Shutting down and abandoning module StreamingFile (8)
[2019.07.11-20.57.04:213][340]LogModuleManager: Shutting down and abandoning module SandboxFile (6)
[2019.07.11-20.57.04:213][340]LogModuleManager: Shutting down and abandoning module PakFile (4)
[2019.07.11-20.57.04:213][340]LogModuleManager: Shutting down and abandoning module RSA (3)
[2019.07.11-20.57.04:223][340]LogExit: Exiting.
[2019.07.11-20.57.04:263][340]Log file closed, 07/11/19 16:57:04
